{"/Users/veronica.ray/src/github.com/mathonsunday/visual-toolkit/src/colors.ts": {"path":"/Users/veronica.ray/src/github.com/mathonsunday/visual-toolkit/src/colors.ts","statementMap":{"0":{"start":{"line":12,"column":23},"end":{"line":34,"column":null}},"1":{"start":{"line":40,"column":31},"end":{"line":66,"column":null}},"2":{"start":{"line":72,"column":25},"end":{"line":113,"column":null}},"3":{"start":{"line":108,"column":44},"end":{"line":112,"column":null}},"4":{"start":{"line":119,"column":24},"end":{"line":126,"column":null}},"5":{"start":{"line":134,"column":17},"end":{"line":134,"column":null}},"6":{"start":{"line":135,"column":2},"end":{"line":135,"column":null}},"7":{"start":{"line":135,"column":15},"end":{"line":135,"column":null}},"8":{"start":{"line":136,"column":2},"end":{"line":140,"column":null}},"9":{"start":{"line":145,"column":23},"end":{"line":145,"column":null}},"10":{"start":{"line":146,"column":2},"end":{"line":146,"column":null}},"11":{"start":{"line":151,"column":2},"end":{"line":151,"column":null}}},"fnMap":{"0":{"name":"(anonymous_0)","decl":{"start":{"line":108,"column":17},"end":{"line":108,"column":18}},"loc":{"start":{"line":108,"column":44},"end":{"line":112,"column":null}},"line":108},"1":{"name":"hexToRgb","decl":{"start":{"line":133,"column":16},"end":{"line":133,"column":25}},"loc":{"start":{"line":133,"column":75},"end":{"line":141,"column":null}},"line":133},"2":{"name":"randomBioHue","decl":{"start":{"line":144,"column":16},"end":{"line":144,"column":39}},"loc":{"start":{"line":144,"column":39},"end":{"line":147,"column":null}},"line":144},"3":{"name":"bioGlow","decl":{"start":{"line":150,"column":16},"end":{"line":150,"column":24}},"loc":{"start":{"line":150,"column":91},"end":{"line":152,"column":null}},"line":150}},"branchMap":{"0":{"loc":{"start":{"line":135,"column":2},"end":{"line":135,"column":null}},"type":"if","locations":[{"start":{"line":135,"column":2},"end":{"line":135,"column":null}},{"start":{},"end":{}}],"line":135},"1":{"loc":{"start":{"line":150,"column":37},"end":{"line":150,"column":54}},"type":"default-arg","locations":[{"start":{"line":150,"column":50},"end":{"line":150,"column":54}}],"line":150},"2":{"loc":{"start":{"line":150,"column":54},"end":{"line":150,"column":70}},"type":"default-arg","locations":[{"start":{"line":150,"column":66},"end":{"line":150,"column":70}}],"line":150},"3":{"loc":{"start":{"line":150,"column":70},"end":{"line":150,"column":91}},"type":"default-arg","locations":[{"start":{"line":150,"column":78},"end":{"line":150,"column":91}}],"line":150}},"s":{"0":0,"1":0,"2":0,"3":0,"4":0,"5":0,"6":0,"7":0,"8":0,"9":0,"10":0,"11":0},"f":{"0":0,"1":0,"2":0,"3":0},"b":{"0":[0,0],"1":[0],"2":[0],"3":[0]},"meta":{"lastBranch":4,"lastFunction":4,"lastStatement":12,"seen":{"s:12:23:34:Infinity":0,"s:40:31:66:Infinity":1,"s:72:25:113:Infinity":2,"f:108:17:108:18":0,"s:108:44:112:Infinity":3,"s:119:24:126:Infinity":4,"f:133:16:133:25":1,"s:134:17:134:Infinity":5,"b:135:2:135:Infinity:undefined:undefined:undefined:undefined":0,"s:135:2:135:Infinity":6,"s:135:15:135:Infinity":7,"s:136:2:140:Infinity":8,"f:144:16:144:39":2,"s:145:23:145:Infinity":9,"s:146:2:146:Infinity":10,"f:150:16:150:24":3,"b:150:50:150:54":1,"b:150:66:150:70":2,"b:150:78:150:91":3,"s:151:2:151:Infinity":11}}}
,"/Users/veronica.ray/src/github.com/mathonsunday/visual-toolkit/src/eyes.ts": {"path":"/Users/veronica.ray/src/github.com/mathonsunday/visual-toolkit/src/eyes.ts","statementMap":{"0":{"start":{"line":68,"column":2},"end":{"line":81,"column":null}},"1":{"start":{"line":106,"column":2},"end":{"line":106,"column":null}},"2":{"start":{"line":109,"column":13},"end":{"line":109,"column":null}},"3":{"start":{"line":110,"column":13},"end":{"line":110,"column":null}},"4":{"start":{"line":111,"column":15},"end":{"line":111,"column":null}},"5":{"start":{"line":113,"column":2},"end":{"line":121,"column":null}},"6":{"start":{"line":114,"column":22},"end":{"line":114,"column":null}},"7":{"start":{"line":115,"column":27},"end":{"line":115,"column":null}},"8":{"start":{"line":116,"column":27},"end":{"line":116,"column":null}},"9":{"start":{"line":119,"column":4},"end":{"line":119,"column":null}},"10":{"start":{"line":120,"column":4},"end":{"line":120,"column":null}},"11":{"start":{"line":124,"column":25},"end":{"line":124,"column":null}},"12":{"start":{"line":125,"column":2},"end":{"line":125,"column":null}},"13":{"start":{"line":128,"column":2},"end":{"line":152,"column":null}},"14":{"start":{"line":129,"column":4},"end":{"line":129,"column":null}},"15":{"start":{"line":131,"column":4},"end":{"line":137,"column":null}},"16":{"start":{"line":133,"column":6},"end":{"line":133,"column":null}},"17":{"start":{"line":136,"column":6},"end":{"line":136,"column":null}},"18":{"start":{"line":139,"column":4},"end":{"line":144,"column":null}},"19":{"start":{"line":140,"column":6},"end":{"line":140,"column":null}},"20":{"start":{"line":141,"column":6},"end":{"line":141,"column":null}},"21":{"start":{"line":142,"column":6},"end":{"line":142,"column":null}},"22":{"start":{"line":143,"column":6},"end":{"line":143,"column":null}},"23":{"start":{"line":146,"column":4},"end":{"line":146,"column":null}},"24":{"start":{"line":148,"column":4},"end":{"line":151,"column":null}},"25":{"start":{"line":149,"column":6},"end":{"line":149,"column":null}},"26":{"start":{"line":150,"column":6},"end":{"line":150,"column":null}},"27":{"start":{"line":176,"column":6},"end":{"line":176,"column":null}},"28":{"start":{"line":178,"column":22},"end":{"line":178,"column":null}},"29":{"start":{"line":179,"column":2},"end":{"line":179,"column":null}},"30":{"start":{"line":179,"column":25},"end":{"line":179,"column":null}},"31":{"start":{"line":182,"column":16},"end":{"line":182,"column":null}},"32":{"start":{"line":183,"column":16},"end":{"line":183,"column":null}},"33":{"start":{"line":184,"column":16},"end":{"line":184,"column":null}},"34":{"start":{"line":186,"column":21},"end":{"line":186,"column":null}},"35":{"start":{"line":187,"column":12},"end":{"line":187,"column":null}},"36":{"start":{"line":188,"column":12},"end":{"line":188,"column":null}},"37":{"start":{"line":189,"column":12},"end":{"line":189,"column":null}},"38":{"start":{"line":192,"column":2},"end":{"line":203,"column":null}},"39":{"start":{"line":193,"column":23},"end":{"line":193,"column":null}},"40":{"start":{"line":194,"column":21},"end":{"line":194,"column":null}},"41":{"start":{"line":195,"column":4},"end":{"line":195,"column":null}},"42":{"start":{"line":196,"column":4},"end":{"line":196,"column":null}},"43":{"start":{"line":197,"column":4},"end":{"line":197,"column":null}},"44":{"start":{"line":199,"column":4},"end":{"line":199,"column":null}},"45":{"start":{"line":200,"column":4},"end":{"line":200,"column":null}},"46":{"start":{"line":201,"column":4},"end":{"line":201,"column":null}},"47":{"start":{"line":202,"column":4},"end":{"line":202,"column":null}},"48":{"start":{"line":206,"column":2},"end":{"line":206,"column":null}},"49":{"start":{"line":207,"column":2},"end":{"line":207,"column":null}},"50":{"start":{"line":208,"column":2},"end":{"line":208,"column":null}},"51":{"start":{"line":209,"column":2},"end":{"line":209,"column":null}},"52":{"start":{"line":212,"column":17},"end":{"line":212,"column":null}},"53":{"start":{"line":213,"column":17},"end":{"line":213,"column":null}},"54":{"start":{"line":215,"column":2},"end":{"line":215,"column":null}},"55":{"start":{"line":216,"column":2},"end":{"line":216,"column":null}},"56":{"start":{"line":218,"column":2},"end":{"line":227,"column":null}},"57":{"start":{"line":220,"column":22},"end":{"line":220,"column":null}},"58":{"start":{"line":221,"column":23},"end":{"line":221,"column":null}},"59":{"start":{"line":222,"column":4},"end":{"line":222,"column":null}},"60":{"start":{"line":225,"column":22},"end":{"line":225,"column":null}},"61":{"start":{"line":226,"column":4},"end":{"line":226,"column":null}},"62":{"start":{"line":228,"column":2},"end":{"line":228,"column":null}},"63":{"start":{"line":231,"column":2},"end":{"line":236,"column":null}},"64":{"start":{"line":232,"column":4},"end":{"line":232,"column":null}},"65":{"start":{"line":233,"column":4},"end":{"line":233,"column":null}},"66":{"start":{"line":234,"column":4},"end":{"line":234,"column":null}},"67":{"start":{"line":235,"column":4},"end":{"line":235,"column":null}},"68":{"start":{"line":247,"column":2},"end":{"line":247,"column":null}},"69":{"start":{"line":259,"column":2},"end":{"line":261,"column":null}},"70":{"start":{"line":260,"column":4},"end":{"line":260,"column":null}},"71":{"start":{"line":272,"column":2},"end":{"line":274,"column":null}},"72":{"start":{"line":273,"column":4},"end":{"line":273,"column":null}}},"fnMap":{"0":{"name":"createEye","decl":{"start":{"line":67,"column":16},"end":{"line":67,"column":26}},"loc":{"start":{"line":67,"column":52},"end":{"line":82,"column":null}},"line":67},"1":{"name":"updateEye","decl":{"start":{"line":99,"column":16},"end":{"line":99,"column":null}},"loc":{"start":{"line":104,"column":8},"end":{"line":153,"column":null}},"line":104},"2":{"name":"drawEye","decl":{"start":{"line":163,"column":16},"end":{"line":163,"column":null}},"loc":{"start":{"line":172,"column":8},"end":{"line":237,"column":null}},"line":172},"3":{"name":"createEyes","decl":{"start":{"line":246,"column":16},"end":{"line":246,"column":27}},"loc":{"start":{"line":246,"column":59},"end":{"line":248,"column":null}},"line":246},"4":{"name":"updateEyes","decl":{"start":{"line":253,"column":16},"end":{"line":253,"column":null}},"loc":{"start":{"line":258,"column":8},"end":{"line":262,"column":null}},"line":258},"5":{"name":"drawEyes","decl":{"start":{"line":267,"column":16},"end":{"line":267,"column":null}},"loc":{"start":{"line":271,"column":8},"end":{"line":275,"column":null}},"line":271}},"branchMap":{"0":{"loc":{"start":{"line":71,"column":10},"end":{"line":71,"column":null}},"type":"binary-expr","locations":[{"start":{"line":71,"column":10},"end":{"line":71,"column":26}},{"start":{"line":71,"column":26},"end":{"line":71,"column":null}}],"line":71},"1":{"loc":{"start":{"line":73,"column":21},"end":{"line":73,"column":null}},"type":"binary-expr","locations":[{"start":{"line":73,"column":21},"end":{"line":73,"column":48}},{"start":{"line":73,"column":48},"end":{"line":73,"column":null}}],"line":73},"2":{"loc":{"start":{"line":78,"column":9},"end":{"line":78,"column":null}},"type":"binary-expr","locations":[{"start":{"line":78,"column":9},"end":{"line":78,"column":24}},{"start":{"line":78,"column":24},"end":{"line":78,"column":null}}],"line":78},"3":{"loc":{"start":{"line":103,"column":2},"end":{"line":103,"column":null}},"type":"default-arg","locations":[{"start":{"line":103,"column":22},"end":{"line":103,"column":null}}],"line":103},"4":{"loc":{"start":{"line":113,"column":2},"end":{"line":121,"column":null}},"type":"if","locations":[{"start":{"line":113,"column":2},"end":{"line":121,"column":null}},{"start":{},"end":{}}],"line":113},"5":{"loc":{"start":{"line":128,"column":2},"end":{"line":152,"column":null}},"type":"if","locations":[{"start":{"line":128,"column":2},"end":{"line":152,"column":null}},{"start":{"line":145,"column":9},"end":{"line":152,"column":null}}],"line":128},"6":{"loc":{"start":{"line":131,"column":4},"end":{"line":137,"column":null}},"type":"if","locations":[{"start":{"line":131,"column":4},"end":{"line":137,"column":null}},{"start":{"line":134,"column":11},"end":{"line":137,"column":null}}],"line":131},"7":{"loc":{"start":{"line":139,"column":4},"end":{"line":144,"column":null}},"type":"if","locations":[{"start":{"line":139,"column":4},"end":{"line":144,"column":null}},{"start":{},"end":{}}],"line":139},"8":{"loc":{"start":{"line":148,"column":4},"end":{"line":151,"column":null}},"type":"if","locations":[{"start":{"line":148,"column":4},"end":{"line":151,"column":null}},{"start":{},"end":{}}],"line":148},"9":{"loc":{"start":{"line":166,"column":2},"end":{"line":171,"column":null}},"type":"default-arg","locations":[{"start":{"line":171,"column":6},"end":{"line":171,"column":null}}],"line":166},"10":{"loc":{"start":{"line":174,"column":4},"end":{"line":174,"column":null}},"type":"default-arg","locations":[{"start":{"line":174,"column":15},"end":{"line":174,"column":null}}],"line":174},"11":{"loc":{"start":{"line":175,"column":4},"end":{"line":175,"column":null}},"type":"default-arg","locations":[{"start":{"line":175,"column":15},"end":{"line":175,"column":null}}],"line":175},"12":{"loc":{"start":{"line":179,"column":2},"end":{"line":179,"column":null}},"type":"if","locations":[{"start":{"line":179,"column":2},"end":{"line":179,"column":null}},{"start":{},"end":{}}],"line":179},"13":{"loc":{"start":{"line":182,"column":16},"end":{"line":182,"column":null}},"type":"cond-expr","locations":[{"start":{"line":182,"column":32},"end":{"line":182,"column":39}},{"start":{"line":182,"column":39},"end":{"line":182,"column":null}}],"line":182},"14":{"loc":{"start":{"line":182,"column":39},"end":{"line":182,"column":null}},"type":"cond-expr","locations":[{"start":{"line":182,"column":54},"end":{"line":182,"column":60}},{"start":{"line":182,"column":60},"end":{"line":182,"column":null}}],"line":182},"15":{"loc":{"start":{"line":183,"column":16},"end":{"line":183,"column":null}},"type":"cond-expr","locations":[{"start":{"line":183,"column":47},"end":{"line":183,"column":53}},{"start":{"line":183,"column":53},"end":{"line":183,"column":null}}],"line":183},"16":{"loc":{"start":{"line":183,"column":16},"end":{"line":183,"column":47}},"type":"binary-expr","locations":[{"start":{"line":183,"column":16},"end":{"line":183,"column":32}},{"start":{"line":183,"column":32},"end":{"line":183,"column":47}}],"line":183},"17":{"loc":{"start":{"line":184,"column":16},"end":{"line":184,"column":null}},"type":"cond-expr","locations":[{"start":{"line":184,"column":32},"end":{"line":184,"column":38}},{"start":{"line":184,"column":38},"end":{"line":184,"column":null}}],"line":184},"18":{"loc":{"start":{"line":192,"column":2},"end":{"line":203,"column":null}},"type":"if","locations":[{"start":{"line":192,"column":2},"end":{"line":203,"column":null}},{"start":{},"end":{}}],"line":192},"19":{"loc":{"start":{"line":218,"column":2},"end":{"line":227,"column":null}},"type":"if","locations":[{"start":{"line":218,"column":2},"end":{"line":227,"column":null}},{"start":{"line":223,"column":9},"end":{"line":227,"column":null}}],"line":218},"20":{"loc":{"start":{"line":231,"column":2},"end":{"line":236,"column":null}},"type":"if","locations":[{"start":{"line":231,"column":2},"end":{"line":236,"column":null}},{"start":{},"end":{}}],"line":231},"21":{"loc":{"start":{"line":257,"column":2},"end":{"line":257,"column":null}},"type":"default-arg","locations":[{"start":{"line":257,"column":22},"end":{"line":257,"column":null}}],"line":257}},"s":{"0":0,"1":0,"2":0,"3":0,"4":0,"5":0,"6":0,"7":0,"8":0,"9":0,"10":0,"11":0,"12":0,"13":0,"14":0,"15":0,"16":0,"17":0,"18":0,"19":0,"20":0,"21":0,"22":0,"23":0,"24":0,"25":0,"26":0,"27":0,"28":0,"29":0,"30":0,"31":0,"32":0,"33":0,"34":0,"35":0,"36":0,"37":0,"38":0,"39":0,"40":0,"41":0,"42":0,"43":0,"44":0,"45":0,"46":0,"47":0,"48":0,"49":0,"50":0,"51":0,"52":0,"53":0,"54":0,"55":0,"56":0,"57":0,"58":0,"59":0,"60":0,"61":0,"62":0,"63":0,"64":0,"65":0,"66":0,"67":0,"68":0,"69":0,"70":0,"71":0,"72":0},"f":{"0":0,"1":0,"2":0,"3":0,"4":0,"5":0},"b":{"0":[0,0],"1":[0,0],"2":[0,0],"3":[0],"4":[0,0],"5":[0,0],"6":[0,0],"7":[0,0],"8":[0,0],"9":[0],"10":[0],"11":[0],"12":[0,0],"13":[0,0],"14":[0,0],"15":[0,0],"16":[0,0],"17":[0,0],"18":[0,0],"19":[0,0],"20":[0,0],"21":[0]},"meta":{"lastBranch":22,"lastFunction":6,"lastStatement":73,"seen":{"f:67:16:67:26":0,"s:68:2:81:Infinity":0,"b:71:10:71:26:71:26:71:Infinity":0,"b:73:21:73:48:73:48:73:Infinity":1,"b:78:9:78:24:78:24:78:Infinity":2,"f:99:16:99:Infinity":1,"b:103:22:103:Infinity":3,"s:106:2:106:Infinity":1,"s:109:13:109:Infinity":2,"s:110:13:110:Infinity":3,"s:111:15:111:Infinity":4,"b:113:2:121:Infinity:undefined:undefined:undefined:undefined":4,"s:113:2:121:Infinity":5,"s:114:22:114:Infinity":6,"s:115:27:115:Infinity":7,"s:116:27:116:Infinity":8,"s:119:4:119:Infinity":9,"s:120:4:120:Infinity":10,"s:124:25:124:Infinity":11,"s:125:2:125:Infinity":12,"b:128:2:152:Infinity:145:9:152:Infinity":5,"s:128:2:152:Infinity":13,"s:129:4:129:Infinity":14,"b:131:4:137:Infinity:134:11:137:Infinity":6,"s:131:4:137:Infinity":15,"s:133:6:133:Infinity":16,"s:136:6:136:Infinity":17,"b:139:4:144:Infinity:undefined:undefined:undefined:undefined":7,"s:139:4:144:Infinity":18,"s:140:6:140:Infinity":19,"s:141:6:141:Infinity":20,"s:142:6:142:Infinity":21,"s:143:6:143:Infinity":22,"s:146:4:146:Infinity":23,"b:148:4:151:Infinity:undefined:undefined:undefined:undefined":8,"s:148:4:151:Infinity":24,"s:149:6:149:Infinity":25,"s:150:6:150:Infinity":26,"f:163:16:163:Infinity":2,"b:171:6:171:Infinity":9,"s:176:6:176:Infinity":27,"b:174:15:174:Infinity":10,"b:175:15:175:Infinity":11,"s:178:22:178:Infinity":28,"b:179:2:179:Infinity:undefined:undefined:undefined:undefined":12,"s:179:2:179:Infinity":29,"s:179:25:179:Infinity":30,"s:182:16:182:Infinity":31,"b:182:32:182:39:182:39:182:Infinity":13,"b:182:54:182:60:182:60:182:Infinity":14,"s:183:16:183:Infinity":32,"b:183:47:183:53:183:53:183:Infinity":15,"b:183:16:183:32:183:32:183:47":16,"s:184:16:184:Infinity":33,"b:184:32:184:38:184:38:184:Infinity":17,"s:186:21:186:Infinity":34,"s:187:12:187:Infinity":35,"s:188:12:188:Infinity":36,"s:189:12:189:Infinity":37,"b:192:2:203:Infinity:undefined:undefined:undefined:undefined":18,"s:192:2:203:Infinity":38,"s:193:23:193:Infinity":39,"s:194:21:194:Infinity":40,"s:195:4:195:Infinity":41,"s:196:4:196:Infinity":42,"s:197:4:197:Infinity":43,"s:199:4:199:Infinity":44,"s:200:4:200:Infinity":45,"s:201:4:201:Infinity":46,"s:202:4:202:Infinity":47,"s:206:2:206:Infinity":48,"s:207:2:207:Infinity":49,"s:208:2:208:Infinity":50,"s:209:2:209:Infinity":51,"s:212:17:212:Infinity":52,"s:213:17:213:Infinity":53,"s:215:2:215:Infinity":54,"s:216:2:216:Infinity":55,"b:218:2:227:Infinity:223:9:227:Infinity":19,"s:218:2:227:Infinity":56,"s:220:22:220:Infinity":57,"s:221:23:221:Infinity":58,"s:222:4:222:Infinity":59,"s:225:22:225:Infinity":60,"s:226:4:226:Infinity":61,"s:228:2:228:Infinity":62,"b:231:2:236:Infinity:undefined:undefined:undefined:undefined":20,"s:231:2:236:Infinity":63,"s:232:4:232:Infinity":64,"s:233:4:233:Infinity":65,"s:234:4:234:Infinity":66,"s:235:4:235:Infinity":67,"f:246:16:246:27":3,"s:247:2:247:Infinity":68,"f:253:16:253:Infinity":4,"b:257:22:257:Infinity":21,"s:259:2:261:Infinity":69,"s:260:4:260:Infinity":70,"f:267:16:267:Infinity":5,"s:272:2:274:Infinity":71,"s:273:4:273:Infinity":72}}}
,"/Users/veronica.ray/src/github.com/mathonsunday/visual-toolkit/src/gradients.ts": {"path":"/Users/veronica.ray/src/github.com/mathonsunday/visual-toolkit/src/gradients.ts","statementMap":{"0":{"start":{"line":24,"column":15},"end":{"line":24,"column":null}},"1":{"start":{"line":25,"column":2},"end":{"line":25,"column":null}},"2":{"start":{"line":26,"column":2},"end":{"line":26,"column":null}},"3":{"start":{"line":27,"column":2},"end":{"line":27,"column":null}},"4":{"start":{"line":28,"column":2},"end":{"line":28,"column":null}},"5":{"start":{"line":29,"column":2},"end":{"line":29,"column":null}},"6":{"start":{"line":44,"column":15},"end":{"line":44,"column":null}},"7":{"start":{"line":45,"column":2},"end":{"line":45,"column":null}},"8":{"start":{"line":46,"column":2},"end":{"line":46,"column":null}},"9":{"start":{"line":47,"column":2},"end":{"line":47,"column":null}},"10":{"start":{"line":48,"column":2},"end":{"line":48,"column":null}},"11":{"start":{"line":63,"column":15},"end":{"line":63,"column":null}},"12":{"start":{"line":64,"column":2},"end":{"line":64,"column":null}},"13":{"start":{"line":65,"column":2},"end":{"line":65,"column":null}},"14":{"start":{"line":66,"column":2},"end":{"line":66,"column":null}},"15":{"start":{"line":67,"column":2},"end":{"line":67,"column":null}},"16":{"start":{"line":68,"column":2},"end":{"line":68,"column":null}},"17":{"start":{"line":82,"column":38},"end":{"line":82,"column":null}},"18":{"start":{"line":85,"column":2},"end":{"line":94,"column":null}},"19":{"start":{"line":85,"column":15},"end":{"line":85,"column":18}},"20":{"start":{"line":86,"column":24},"end":{"line":86,"column":null}},"21":{"start":{"line":87,"column":19},"end":{"line":87,"column":null}},"22":{"start":{"line":89,"column":17},"end":{"line":89,"column":null}},"23":{"start":{"line":90,"column":4},"end":{"line":90,"column":null}},"24":{"start":{"line":91,"column":4},"end":{"line":91,"column":null}},"25":{"start":{"line":92,"column":4},"end":{"line":92,"column":null}},"26":{"start":{"line":93,"column":4},"end":{"line":93,"column":null}},"27":{"start":{"line":97,"column":15},"end":{"line":97,"column":null}},"28":{"start":{"line":98,"column":2},"end":{"line":98,"column":null}},"29":{"start":{"line":99,"column":2},"end":{"line":99,"column":null}},"30":{"start":{"line":100,"column":2},"end":{"line":100,"column":null}},"31":{"start":{"line":101,"column":2},"end":{"line":101,"column":null}},"32":{"start":{"line":103,"column":2},"end":{"line":103,"column":null}},"33":{"start":{"line":114,"column":15},"end":{"line":114,"column":null}},"34":{"start":{"line":115,"column":2},"end":{"line":115,"column":null}},"35":{"start":{"line":116,"column":2},"end":{"line":116,"column":null}},"36":{"start":{"line":117,"column":2},"end":{"line":117,"column":null}},"37":{"start":{"line":118,"column":2},"end":{"line":118,"column":null}},"38":{"start":{"line":132,"column":15},"end":{"line":132,"column":null}},"39":{"start":{"line":133,"column":2},"end":{"line":133,"column":null}},"40":{"start":{"line":134,"column":2},"end":{"line":134,"column":null}},"41":{"start":{"line":135,"column":2},"end":{"line":135,"column":null}},"42":{"start":{"line":148,"column":15},"end":{"line":148,"column":null}},"43":{"start":{"line":151,"column":12},"end":{"line":151,"column":null}},"44":{"start":{"line":152,"column":12},"end":{"line":152,"column":null}},"45":{"start":{"line":153,"column":12},"end":{"line":153,"column":null}},"46":{"start":{"line":155,"column":2},"end":{"line":155,"column":null}},"47":{"start":{"line":156,"column":2},"end":{"line":156,"column":null}},"48":{"start":{"line":157,"column":2},"end":{"line":157,"column":null}},"49":{"start":{"line":159,"column":2},"end":{"line":159,"column":null}},"50":{"start":{"line":170,"column":2},"end":{"line":175,"column":null}},"51":{"start":{"line":183,"column":17},"end":{"line":183,"column":null}},"52":{"start":{"line":184,"column":2},"end":{"line":188,"column":null}},"53":{"start":{"line":197,"column":2},"end":{"line":201,"column":null}},"54":{"start":{"line":210,"column":2},"end":{"line":210,"column":null}},"55":{"start":{"line":223,"column":2},"end":{"line":223,"column":null}}},"fnMap":{"0":{"name":"deepWaterBackground","decl":{"start":{"line":20,"column":16},"end":{"line":20,"column":null}},"loc":{"start":{"line":23,"column":18},"end":{"line":30,"column":null}},"line":23},"1":{"name":"material3D","decl":{"start":{"line":36,"column":16},"end":{"line":36,"column":null}},"loc":{"start":{"line":43,"column":18},"end":{"line":49,"column":null}},"line":43},"2":{"name":"radialGlow","decl":{"start":{"line":55,"column":16},"end":{"line":55,"column":null}},"loc":{"start":{"line":62,"column":18},"end":{"line":69,"column":null}},"line":62},"3":{"name":"playerLight","decl":{"start":{"line":75,"column":16},"end":{"line":75,"column":null}},"loc":{"start":{"line":81,"column":20},"end":{"line":104,"column":null}},"line":81},"4":{"name":"lightBeam","decl":{"start":{"line":109,"column":16},"end":{"line":109,"column":null}},"loc":{"start":{"line":113,"column":18},"end":{"line":119,"column":null}},"line":113},"5":{"name":"vignette","decl":{"start":{"line":124,"column":16},"end":{"line":124,"column":null}},"loc":{"start":{"line":131,"column":18},"end":{"line":136,"column":null}},"line":131},"6":{"name":"eyeGlow","decl":{"start":{"line":141,"column":16},"end":{"line":141,"column":null}},"loc":{"start":{"line":147,"column":18},"end":{"line":160,"column":null}},"line":147},"7":{"name":"cssDeepWater","decl":{"start":{"line":169,"column":16},"end":{"line":169,"column":39}},"loc":{"start":{"line":169,"column":39},"end":{"line":177,"column":null}},"line":169},"8":{"name":"cssBioGlow","decl":{"start":{"line":182,"column":16},"end":{"line":182,"column":27}},"loc":{"start":{"line":182,"column":68},"end":{"line":191,"column":null}},"line":182},"9":{"name":"cssCreatureBody","decl":{"start":{"line":196,"column":16},"end":{"line":196,"column":32}},"loc":{"start":{"line":196,"column":55},"end":{"line":204,"column":null}},"line":196},"10":{"name":"cssJellyfishBell","decl":{"start":{"line":209,"column":16},"end":{"line":209,"column":43}},"loc":{"start":{"line":209,"column":43},"end":{"line":217,"column":null}},"line":209},"11":{"name":"cssDistantCreature","decl":{"start":{"line":222,"column":16},"end":{"line":222,"column":45}},"loc":{"start":{"line":222,"column":45},"end":{"line":228,"column":null}},"line":222}},"branchMap":{"0":{"loc":{"start":{"line":80,"column":2},"end":{"line":80,"column":null}},"type":"default-arg","locations":[{"start":{"line":80,"column":14},"end":{"line":80,"column":null}}],"line":80},"1":{"loc":{"start":{"line":130,"column":2},"end":{"line":130,"column":null}},"type":"default-arg","locations":[{"start":{"line":130,"column":14},"end":{"line":130,"column":null}}],"line":130},"2":{"loc":{"start":{"line":146,"column":2},"end":{"line":146,"column":null}},"type":"default-arg","locations":[{"start":{"line":146,"column":17},"end":{"line":146,"column":null}}],"line":146},"3":{"loc":{"start":{"line":182,"column":27},"end":{"line":182,"column":68}},"type":"default-arg","locations":[{"start":{"line":182,"column":52},"end":{"line":182,"column":68}}],"line":182},"4":{"loc":{"start":{"line":196,"column":32},"end":{"line":196,"column":55}},"type":"default-arg","locations":[{"start":{"line":196,"column":42},"end":{"line":196,"column":55}}],"line":196}},"s":{"0":0,"1":0,"2":0,"3":0,"4":0,"5":0,"6":0,"7":0,"8":0,"9":0,"10":0,"11":0,"12":0,"13":0,"14":0,"15":0,"16":0,"17":0,"18":0,"19":0,"20":0,"21":0,"22":0,"23":0,"24":0,"25":0,"26":0,"27":0,"28":0,"29":0,"30":0,"31":0,"32":0,"33":0,"34":0,"35":0,"36":0,"37":0,"38":0,"39":0,"40":0,"41":0,"42":0,"43":0,"44":0,"45":0,"46":0,"47":0,"48":0,"49":0,"50":0,"51":0,"52":0,"53":0,"54":0,"55":0},"f":{"0":0,"1":0,"2":0,"3":0,"4":0,"5":0,"6":0,"7":0,"8":0,"9":0,"10":0,"11":0},"b":{"0":[0],"1":[0],"2":[0],"3":[0],"4":[0]},"meta":{"lastBranch":5,"lastFunction":12,"lastStatement":56,"seen":{"f:20:16:20:Infinity":0,"s:24:15:24:Infinity":0,"s:25:2:25:Infinity":1,"s:26:2:26:Infinity":2,"s:27:2:27:Infinity":3,"s:28:2:28:Infinity":4,"s:29:2:29:Infinity":5,"f:36:16:36:Infinity":1,"s:44:15:44:Infinity":6,"s:45:2:45:Infinity":7,"s:46:2:46:Infinity":8,"s:47:2:47:Infinity":9,"s:48:2:48:Infinity":10,"f:55:16:55:Infinity":2,"s:63:15:63:Infinity":11,"s:64:2:64:Infinity":12,"s:65:2:65:Infinity":13,"s:66:2:66:Infinity":14,"s:67:2:67:Infinity":15,"s:68:2:68:Infinity":16,"f:75:16:75:Infinity":3,"b:80:14:80:Infinity":0,"s:82:38:82:Infinity":17,"s:85:2:94:Infinity":18,"s:85:15:85:18":19,"s:86:24:86:Infinity":20,"s:87:19:87:Infinity":21,"s:89:17:89:Infinity":22,"s:90:4:90:Infinity":23,"s:91:4:91:Infinity":24,"s:92:4:92:Infinity":25,"s:93:4:93:Infinity":26,"s:97:15:97:Infinity":27,"s:98:2:98:Infinity":28,"s:99:2:99:Infinity":29,"s:100:2:100:Infinity":30,"s:101:2:101:Infinity":31,"s:103:2:103:Infinity":32,"f:109:16:109:Infinity":4,"s:114:15:114:Infinity":33,"s:115:2:115:Infinity":34,"s:116:2:116:Infinity":35,"s:117:2:117:Infinity":36,"s:118:2:118:Infinity":37,"f:124:16:124:Infinity":5,"b:130:14:130:Infinity":1,"s:132:15:132:Infinity":38,"s:133:2:133:Infinity":39,"s:134:2:134:Infinity":40,"s:135:2:135:Infinity":41,"f:141:16:141:Infinity":6,"b:146:17:146:Infinity":2,"s:148:15:148:Infinity":42,"s:151:12:151:Infinity":43,"s:152:12:152:Infinity":44,"s:153:12:153:Infinity":45,"s:155:2:155:Infinity":46,"s:156:2:156:Infinity":47,"s:157:2:157:Infinity":48,"s:159:2:159:Infinity":49,"f:169:16:169:39":7,"s:170:2:175:Infinity":50,"f:182:16:182:27":8,"b:182:52:182:68":3,"s:183:17:183:Infinity":51,"s:184:2:188:Infinity":52,"f:196:16:196:32":9,"b:196:42:196:55":4,"s:197:2:201:Infinity":53,"f:209:16:209:43":10,"s:210:2:210:Infinity":54,"f:222:16:222:45":11,"s:223:2:223:Infinity":55}}}
,"/Users/veronica.ray/src/github.com/mathonsunday/visual-toolkit/src/lighting.ts": {"path":"/Users/veronica.ray/src/github.com/mathonsunday/visual-toolkit/src/lighting.ts","statementMap":{"0":{"start":{"line":37,"column":13},"end":{"line":37,"column":null}},"1":{"start":{"line":38,"column":13},"end":{"line":38,"column":null}},"2":{"start":{"line":39,"column":15},"end":{"line":39,"column":null}},"3":{"start":{"line":41,"column":2},"end":{"line":41,"column":null}},"4":{"start":{"line":41,"column":31},"end":{"line":41,"column":null}},"5":{"start":{"line":44,"column":21},"end":{"line":44,"column":null}},"6":{"start":{"line":45,"column":2},"end":{"line":45,"column":null}},"7":{"start":{"line":68,"column":27},"end":{"line":68,"column":null}},"8":{"start":{"line":69,"column":2},"end":{"line":69,"column":null}},"9":{"start":{"line":69,"column":30},"end":{"line":69,"column":null}},"10":{"start":{"line":72,"column":13},"end":{"line":72,"column":null}},"11":{"start":{"line":73,"column":13},"end":{"line":73,"column":null}},"12":{"start":{"line":74,"column":23},"end":{"line":74,"column":null}},"13":{"start":{"line":77,"column":20},"end":{"line":77,"column":null}},"14":{"start":{"line":78,"column":26},"end":{"line":78,"column":null}},"15":{"start":{"line":79,"column":23},"end":{"line":79,"column":null}},"16":{"start":{"line":81,"column":2},"end":{"line":81,"column":null}},"17":{"start":{"line":120,"column":6},"end":{"line":120,"column":null}},"18":{"start":{"line":123,"column":22},"end":{"line":125,"column":null}},"19":{"start":{"line":126,"column":24},"end":{"line":126,"column":null}},"20":{"start":{"line":129,"column":2},"end":{"line":142,"column":null}},"21":{"start":{"line":129,"column":15},"end":{"line":129,"column":18}},"22":{"start":{"line":130,"column":24},"end":{"line":130,"column":null}},"23":{"start":{"line":131,"column":19},"end":{"line":131,"column":null}},"24":{"start":{"line":133,"column":17},"end":{"line":133,"column":null}},"25":{"start":{"line":134,"column":4},"end":{"line":134,"column":null}},"26":{"start":{"line":135,"column":4},"end":{"line":135,"column":null}},"27":{"start":{"line":136,"column":4},"end":{"line":136,"column":null}},"28":{"start":{"line":138,"column":4},"end":{"line":138,"column":null}},"29":{"start":{"line":139,"column":4},"end":{"line":139,"column":null}},"30":{"start":{"line":140,"column":4},"end":{"line":140,"column":null}},"31":{"start":{"line":141,"column":4},"end":{"line":141,"column":null}},"32":{"start":{"line":145,"column":19},"end":{"line":145,"column":null}},"33":{"start":{"line":146,"column":2},"end":{"line":146,"column":null}},"34":{"start":{"line":147,"column":2},"end":{"line":147,"column":null}},"35":{"start":{"line":148,"column":2},"end":{"line":148,"column":null}},"36":{"start":{"line":150,"column":2},"end":{"line":150,"column":null}},"37":{"start":{"line":151,"column":2},"end":{"line":151,"column":null}},"38":{"start":{"line":152,"column":2},"end":{"line":152,"column":null}},"39":{"start":{"line":153,"column":2},"end":{"line":153,"column":null}},"40":{"start":{"line":197,"column":6},"end":{"line":197,"column":null}},"41":{"start":{"line":200,"column":23},"end":{"line":203,"column":null}},"42":{"start":{"line":201,"column":14},"end":{"line":201,"column":null}},"43":{"start":{"line":202,"column":4},"end":{"line":202,"column":null}},"44":{"start":{"line":205,"column":2},"end":{"line":228,"column":null}},"45":{"start":{"line":205,"column":15},"end":{"line":205,"column":18}},"46":{"start":{"line":207,"column":18},"end":{"line":207,"column":null}},"47":{"start":{"line":208,"column":18},"end":{"line":208,"column":null}},"48":{"start":{"line":209,"column":18},"end":{"line":209,"column":null}},"49":{"start":{"line":210,"column":18},"end":{"line":210,"column":null}},"50":{"start":{"line":212,"column":14},"end":{"line":212,"column":null}},"51":{"start":{"line":213,"column":14},"end":{"line":213,"column":null}},"52":{"start":{"line":216,"column":17},"end":{"line":216,"column":null}},"53":{"start":{"line":217,"column":18},"end":{"line":217,"column":null}},"54":{"start":{"line":219,"column":17},"end":{"line":219,"column":null}},"55":{"start":{"line":220,"column":4},"end":{"line":220,"column":null}},"56":{"start":{"line":221,"column":4},"end":{"line":221,"column":null}},"57":{"start":{"line":222,"column":4},"end":{"line":222,"column":null}},"58":{"start":{"line":224,"column":4},"end":{"line":224,"column":null}},"59":{"start":{"line":225,"column":4},"end":{"line":225,"column":null}},"60":{"start":{"line":226,"column":4},"end":{"line":226,"column":null}},"61":{"start":{"line":227,"column":4},"end":{"line":227,"column":null}},"62":{"start":{"line":253,"column":6},"end":{"line":253,"column":null}},"63":{"start":{"line":255,"column":2},"end":{"line":265,"column":null}},"64":{"start":{"line":255,"column":15},"end":{"line":255,"column":18}},"65":{"start":{"line":256,"column":10},"end":{"line":256,"column":null}},"66":{"start":{"line":257,"column":15},"end":{"line":257,"column":null}},"67":{"start":{"line":259,"column":17},"end":{"line":259,"column":null}},"68":{"start":{"line":260,"column":4},"end":{"line":260,"column":null}},"69":{"start":{"line":261,"column":4},"end":{"line":261,"column":null}},"70":{"start":{"line":263,"column":4},"end":{"line":263,"column":null}},"71":{"start":{"line":264,"column":4},"end":{"line":264,"column":null}}},"fnMap":{"0":{"name":"calculateIllumination","decl":{"start":{"line":30,"column":16},"end":{"line":30,"column":null}},"loc":{"start":{"line":36,"column":10},"end":{"line":46,"column":null}},"line":36},"1":{"name":"calculateDirectionalIllumination","decl":{"start":{"line":60,"column":16},"end":{"line":60,"column":null}},"loc":{"start":{"line":67,"column":10},"end":{"line":82,"column":null}},"line":67},"2":{"name":"drawPlayerLight","decl":{"start":{"line":99,"column":16},"end":{"line":99,"column":null}},"loc":{"start":{"line":114,"column":8},"end":{"line":154,"column":null}},"line":114},"3":{"name":"drawOrganicTexture","decl":{"start":{"line":174,"column":16},"end":{"line":174,"column":null}},"loc":{"start":{"line":190,"column":8},"end":{"line":229,"column":null}},"line":190},"4":{"name":"(anonymous_4)","decl":{"start":{"line":200,"column":23},"end":{"line":200,"column":24}},"loc":{"start":{"line":200,"column":38},"end":{"line":203,"column":null}},"line":200},"5":{"name":"drawCaustics","decl":{"start":{"line":235,"column":16},"end":{"line":235,"column":null}},"loc":{"start":{"line":248,"column":8},"end":{"line":266,"column":null}},"line":248}},"branchMap":{"0":{"loc":{"start":{"line":35,"column":2},"end":{"line":35,"column":null}},"type":"default-arg","locations":[{"start":{"line":35,"column":28},"end":{"line":35,"column":null}}],"line":35},"1":{"loc":{"start":{"line":41,"column":2},"end":{"line":41,"column":null}},"type":"if","locations":[{"start":{"line":41,"column":2},"end":{"line":41,"column":null}},{"start":{},"end":{}}],"line":41},"2":{"loc":{"start":{"line":66,"column":2},"end":{"line":66,"column":null}},"type":"default-arg","locations":[{"start":{"line":66,"column":28},"end":{"line":66,"column":null}}],"line":66},"3":{"loc":{"start":{"line":69,"column":2},"end":{"line":69,"column":null}},"type":"if","locations":[{"start":{"line":69,"column":2},"end":{"line":69,"column":null}},{"start":{},"end":{}}],"line":69},"4":{"loc":{"start":{"line":103,"column":2},"end":{"line":103,"column":null}},"type":"default-arg","locations":[{"start":{"line":103,"column":19},"end":{"line":103,"column":null}}],"line":103},"5":{"loc":{"start":{"line":104,"column":2},"end":{"line":113,"column":null}},"type":"default-arg","locations":[{"start":{"line":113,"column":6},"end":{"line":113,"column":null}}],"line":104},"6":{"loc":{"start":{"line":116,"column":4},"end":{"line":116,"column":null}},"type":"default-arg","locations":[{"start":{"line":116,"column":16},"end":{"line":116,"column":null}}],"line":116},"7":{"loc":{"start":{"line":118,"column":4},"end":{"line":118,"column":null}},"type":"default-arg","locations":[{"start":{"line":118,"column":16},"end":{"line":118,"column":null}}],"line":118},"8":{"loc":{"start":{"line":119,"column":4},"end":{"line":119,"column":null}},"type":"default-arg","locations":[{"start":{"line":119,"column":19},"end":{"line":119,"column":null}}],"line":119},"9":{"loc":{"start":{"line":123,"column":22},"end":{"line":125,"column":null}},"type":"cond-expr","locations":[{"start":{"line":124,"column":6},"end":{"line":124,"column":null}},{"start":{"line":125,"column":6},"end":{"line":125,"column":null}}],"line":123},"10":{"loc":{"start":{"line":178,"column":2},"end":{"line":189,"column":null}},"type":"default-arg","locations":[{"start":{"line":189,"column":6},"end":{"line":189,"column":null}}],"line":178},"11":{"loc":{"start":{"line":192,"column":4},"end":{"line":192,"column":null}},"type":"default-arg","locations":[{"start":{"line":192,"column":14},"end":{"line":192,"column":null}}],"line":192},"12":{"loc":{"start":{"line":193,"column":4},"end":{"line":193,"column":null}},"type":"default-arg","locations":[{"start":{"line":193,"column":12},"end":{"line":193,"column":null}}],"line":193},"13":{"loc":{"start":{"line":194,"column":4},"end":{"line":194,"column":null}},"type":"default-arg","locations":[{"start":{"line":194,"column":16},"end":{"line":194,"column":null}}],"line":194},"14":{"loc":{"start":{"line":195,"column":4},"end":{"line":195,"column":null}},"type":"default-arg","locations":[{"start":{"line":195,"column":11},"end":{"line":195,"column":null}}],"line":195},"15":{"loc":{"start":{"line":196,"column":4},"end":{"line":196,"column":null}},"type":"default-arg","locations":[{"start":{"line":196,"column":11},"end":{"line":196,"column":null}}],"line":196},"16":{"loc":{"start":{"line":209,"column":18},"end":{"line":209,"column":null}},"type":"cond-expr","locations":[{"start":{"line":209,"column":29},"end":{"line":209,"column":69}},{"start":{"line":209,"column":69},"end":{"line":209,"column":null}}],"line":209},"17":{"loc":{"start":{"line":210,"column":18},"end":{"line":210,"column":null}},"type":"cond-expr","locations":[{"start":{"line":210,"column":29},"end":{"line":210,"column":69}},{"start":{"line":210,"column":69},"end":{"line":210,"column":null}}],"line":210},"18":{"loc":{"start":{"line":240,"column":2},"end":{"line":247,"column":null}},"type":"default-arg","locations":[{"start":{"line":247,"column":6},"end":{"line":247,"column":null}}],"line":240},"19":{"loc":{"start":{"line":250,"column":4},"end":{"line":250,"column":null}},"type":"default-arg","locations":[{"start":{"line":250,"column":12},"end":{"line":250,"column":null}}],"line":250},"20":{"loc":{"start":{"line":251,"column":4},"end":{"line":251,"column":null}},"type":"default-arg","locations":[{"start":{"line":251,"column":18},"end":{"line":251,"column":null}}],"line":251},"21":{"loc":{"start":{"line":252,"column":4},"end":{"line":252,"column":null}},"type":"default-arg","locations":[{"start":{"line":252,"column":16},"end":{"line":252,"column":null}}],"line":252}},"s":{"0":0,"1":0,"2":0,"3":0,"4":0,"5":0,"6":0,"7":0,"8":0,"9":0,"10":0,"11":0,"12":0,"13":0,"14":0,"15":0,"16":0,"17":0,"18":0,"19":0,"20":0,"21":0,"22":0,"23":0,"24":0,"25":0,"26":0,"27":0,"28":0,"29":0,"30":0,"31":0,"32":0,"33":0,"34":0,"35":0,"36":0,"37":0,"38":0,"39":0,"40":0,"41":0,"42":0,"43":0,"44":0,"45":0,"46":0,"47":0,"48":0,"49":0,"50":0,"51":0,"52":0,"53":0,"54":0,"55":0,"56":0,"57":0,"58":0,"59":0,"60":0,"61":0,"62":0,"63":0,"64":0,"65":0,"66":0,"67":0,"68":0,"69":0,"70":0,"71":0},"f":{"0":0,"1":0,"2":0,"3":0,"4":0,"5":0},"b":{"0":[0],"1":[0,0],"2":[0],"3":[0,0],"4":[0],"5":[0],"6":[0],"7":[0],"8":[0],"9":[0,0],"10":[0],"11":[0],"12":[0],"13":[0],"14":[0],"15":[0],"16":[0,0],"17":[0,0],"18":[0],"19":[0],"20":[0],"21":[0]},"meta":{"lastBranch":22,"lastFunction":6,"lastStatement":72,"seen":{"f:30:16:30:Infinity":0,"b:35:28:35:Infinity":0,"s:37:13:37:Infinity":0,"s:38:13:38:Infinity":1,"s:39:15:39:Infinity":2,"b:41:2:41:Infinity:undefined:undefined:undefined:undefined":1,"s:41:2:41:Infinity":3,"s:41:31:41:Infinity":4,"s:44:21:44:Infinity":5,"s:45:2:45:Infinity":6,"f:60:16:60:Infinity":1,"b:66:28:66:Infinity":2,"s:68:27:68:Infinity":7,"b:69:2:69:Infinity:undefined:undefined:undefined:undefined":3,"s:69:2:69:Infinity":8,"s:69:30:69:Infinity":9,"s:72:13:72:Infinity":10,"s:73:13:73:Infinity":11,"s:74:23:74:Infinity":12,"s:77:20:77:Infinity":13,"s:78:26:78:Infinity":14,"s:79:23:79:Infinity":15,"s:81:2:81:Infinity":16,"f:99:16:99:Infinity":2,"b:103:19:103:Infinity":4,"b:113:6:113:Infinity":5,"s:120:6:120:Infinity":17,"b:116:16:116:Infinity":6,"b:118:16:118:Infinity":7,"b:119:19:119:Infinity":8,"s:123:22:125:Infinity":18,"b:124:6:124:Infinity:125:6:125:Infinity":9,"s:126:24:126:Infinity":19,"s:129:2:142:Infinity":20,"s:129:15:129:18":21,"s:130:24:130:Infinity":22,"s:131:19:131:Infinity":23,"s:133:17:133:Infinity":24,"s:134:4:134:Infinity":25,"s:135:4:135:Infinity":26,"s:136:4:136:Infinity":27,"s:138:4:138:Infinity":28,"s:139:4:139:Infinity":29,"s:140:4:140:Infinity":30,"s:141:4:141:Infinity":31,"s:145:19:145:Infinity":32,"s:146:2:146:Infinity":33,"s:147:2:147:Infinity":34,"s:148:2:148:Infinity":35,"s:150:2:150:Infinity":36,"s:151:2:151:Infinity":37,"s:152:2:152:Infinity":38,"s:153:2:153:Infinity":39,"f:174:16:174:Infinity":3,"b:189:6:189:Infinity":10,"s:197:6:197:Infinity":40,"b:192:14:192:Infinity":11,"b:193:12:193:Infinity":12,"b:194:16:194:Infinity":13,"b:195:11:195:Infinity":14,"b:196:11:196:Infinity":15,"s:200:23:203:Infinity":41,"f:200:23:200:24":4,"s:201:14:201:Infinity":42,"s:202:4:202:Infinity":43,"s:205:2:228:Infinity":44,"s:205:15:205:18":45,"s:207:18:207:Infinity":46,"s:208:18:208:Infinity":47,"s:209:18:209:Infinity":48,"b:209:29:209:69:209:69:209:Infinity":16,"s:210:18:210:Infinity":49,"b:210:29:210:69:210:69:210:Infinity":17,"s:212:14:212:Infinity":50,"s:213:14:213:Infinity":51,"s:216:17:216:Infinity":52,"s:217:18:217:Infinity":53,"s:219:17:219:Infinity":54,"s:220:4:220:Infinity":55,"s:221:4:221:Infinity":56,"s:222:4:222:Infinity":57,"s:224:4:224:Infinity":58,"s:225:4:225:Infinity":59,"s:226:4:226:Infinity":60,"s:227:4:227:Infinity":61,"f:235:16:235:Infinity":5,"b:247:6:247:Infinity":18,"s:253:6:253:Infinity":62,"b:250:12:250:Infinity":19,"b:251:18:251:Infinity":20,"b:252:16:252:Infinity":21,"s:255:2:265:Infinity":63,"s:255:15:255:18":64,"s:256:10:256:Infinity":65,"s:257:15:257:Infinity":66,"s:259:17:259:Infinity":67,"s:260:4:260:Infinity":68,"s:261:4:261:Infinity":69,"s:263:4:263:Infinity":70,"s:264:4:264:Infinity":71}}}
,"/Users/veronica.ray/src/github.com/mathonsunday/visual-toolkit/src/motion.ts": {"path":"/Users/veronica.ray/src/github.com/mathonsunday/visual-toolkit/src/motion.ts","statementMap":{"0":{"start":{"line":15,"column":22},"end":{"line":35,"column":null}},"1":{"start":{"line":41,"column":25},"end":{"line":53,"column":null}},"2":{"start":{"line":68,"column":2},"end":{"line":72,"column":null}},"3":{"start":{"line":80,"column":2},"end":{"line":80,"column":null}},"4":{"start":{"line":88,"column":8},"end":{"line":88,"column":null}},"5":{"start":{"line":89,"column":2},"end":{"line":89,"column":null}},"6":{"start":{"line":97,"column":2},"end":{"line":100,"column":null}},"7":{"start":{"line":124,"column":2},"end":{"line":135,"column":null}},"8":{"start":{"line":149,"column":13},"end":{"line":149,"column":null}},"9":{"start":{"line":150,"column":13},"end":{"line":150,"column":null}},"10":{"start":{"line":151,"column":15},"end":{"line":151,"column":null}},"11":{"start":{"line":153,"column":2},"end":{"line":175,"column":null}},"12":{"start":{"line":154,"column":4},"end":{"line":169,"column":null}},"13":{"start":{"line":156,"column":6},"end":{"line":156,"column":null}},"14":{"start":{"line":157,"column":6},"end":{"line":157,"column":null}},"15":{"start":{"line":158,"column":6},"end":{"line":158,"column":null}},"16":{"start":{"line":159,"column":4},"end":{"line":169,"column":null}},"17":{"start":{"line":161,"column":6},"end":{"line":161,"column":null}},"18":{"start":{"line":162,"column":6},"end":{"line":162,"column":null}},"19":{"start":{"line":163,"column":6},"end":{"line":163,"column":null}},"20":{"start":{"line":166,"column":6},"end":{"line":166,"column":null}},"21":{"start":{"line":167,"column":6},"end":{"line":167,"column":null}},"22":{"start":{"line":168,"column":6},"end":{"line":168,"column":null}},"23":{"start":{"line":172,"column":4},"end":{"line":172,"column":null}},"24":{"start":{"line":173,"column":4},"end":{"line":173,"column":null}},"25":{"start":{"line":174,"column":4},"end":{"line":174,"column":null}},"26":{"start":{"line":178,"column":16},"end":{"line":178,"column":null}},"27":{"start":{"line":179,"column":2},"end":{"line":182,"column":null}},"28":{"start":{"line":180,"column":4},"end":{"line":180,"column":null}},"29":{"start":{"line":181,"column":4},"end":{"line":181,"column":null}},"30":{"start":{"line":185,"column":2},"end":{"line":185,"column":null}},"31":{"start":{"line":186,"column":2},"end":{"line":186,"column":null}},"32":{"start":{"line":189,"column":2},"end":{"line":189,"column":null}},"33":{"start":{"line":190,"column":2},"end":{"line":190,"column":null}},"34":{"start":{"line":193,"column":2},"end":{"line":193,"column":null}},"35":{"start":{"line":193,"column":22},"end":{"line":193,"column":null}},"36":{"start":{"line":194,"column":2},"end":{"line":194,"column":null}},"37":{"start":{"line":194,"column":35},"end":{"line":194,"column":null}},"38":{"start":{"line":195,"column":2},"end":{"line":195,"column":null}},"39":{"start":{"line":195,"column":22},"end":{"line":195,"column":null}},"40":{"start":{"line":196,"column":2},"end":{"line":196,"column":null}},"41":{"start":{"line":196,"column":36},"end":{"line":196,"column":null}},"42":{"start":{"line":241,"column":6},"end":{"line":241,"column":null}},"43":{"start":{"line":243,"column":28},"end":{"line":243,"column":null}},"44":{"start":{"line":245,"column":2},"end":{"line":286,"column":null}},"45":{"start":{"line":245,"column":15},"end":{"line":245,"column":18}},"46":{"start":{"line":248,"column":4},"end":{"line":272,"column":null}},"47":{"start":{"line":251,"column":22},"end":{"line":251,"column":null}},"48":{"start":{"line":252,"column":21},"end":{"line":252,"column":null}},"49":{"start":{"line":253,"column":8},"end":{"line":253,"column":null}},"50":{"start":{"line":254,"column":8},"end":{"line":254,"column":null}},"51":{"start":{"line":255,"column":8},"end":{"line":255,"column":null}},"52":{"start":{"line":259,"column":21},"end":{"line":259,"column":null}},"53":{"start":{"line":260,"column":20},"end":{"line":260,"column":null}},"54":{"start":{"line":261,"column":8},"end":{"line":266,"column":null}},"55":{"start":{"line":262,"column":18},"end":{"line":262,"column":41}},"56":{"start":{"line":262,"column":41},"end":{"line":262,"column":65}},"57":{"start":{"line":262,"column":65},"end":{"line":262,"column":null}},"58":{"start":{"line":263,"column":18},"end":{"line":263,"column":56}},"59":{"start":{"line":263,"column":56},"end":{"line":263,"column":80}},"60":{"start":{"line":263,"column":80},"end":{"line":263,"column":null}},"61":{"start":{"line":264,"column":18},"end":{"line":264,"column":41}},"62":{"start":{"line":264,"column":41},"end":{"line":264,"column":80}},"63":{"start":{"line":264,"column":80},"end":{"line":264,"column":null}},"64":{"start":{"line":265,"column":19},"end":{"line":265,"column":43}},"65":{"start":{"line":265,"column":43},"end":{"line":265,"column":null}},"66":{"start":{"line":267,"column":8},"end":{"line":267,"column":null}},"67":{"start":{"line":270,"column":8},"end":{"line":270,"column":null}},"68":{"start":{"line":271,"column":8},"end":{"line":271,"column":null}},"69":{"start":{"line":274,"column":4},"end":{"line":285,"column":null}},"70":{"start":{"line":288,"column":2},"end":{"line":288,"column":null}},"71":{"start":{"line":304,"column":2},"end":{"line":304,"column":null}},"72":{"start":{"line":307,"column":2},"end":{"line":325,"column":null}},"73":{"start":{"line":308,"column":15},"end":{"line":308,"column":null}},"74":{"start":{"line":309,"column":15},"end":{"line":309,"column":null}},"75":{"start":{"line":310,"column":24},"end":{"line":310,"column":null}},"76":{"start":{"line":312,"column":4},"end":{"line":324,"column":null}},"77":{"start":{"line":314,"column":22},"end":{"line":314,"column":null}},"78":{"start":{"line":315,"column":22},"end":{"line":315,"column":null}},"79":{"start":{"line":316,"column":24},"end":{"line":316,"column":null}},"80":{"start":{"line":317,"column":24},"end":{"line":317,"column":null}},"81":{"start":{"line":318,"column":27},"end":{"line":318,"column":null}},"82":{"start":{"line":320,"column":6},"end":{"line":323,"column":null}},"83":{"start":{"line":321,"column":8},"end":{"line":321,"column":null}},"84":{"start":{"line":322,"column":8},"end":{"line":322,"column":null}},"85":{"start":{"line":340,"column":2},"end":{"line":346,"column":null}},"86":{"start":{"line":341,"column":4},"end":{"line":345,"column":null}},"87":{"start":{"line":342,"column":6},"end":{"line":342,"column":null}},"88":{"start":{"line":344,"column":6},"end":{"line":344,"column":null}},"89":{"start":{"line":365,"column":16},"end":{"line":365,"column":null}},"90":{"start":{"line":366,"column":27},"end":{"line":366,"column":null}},"91":{"start":{"line":367,"column":22},"end":{"line":367,"column":null}},"92":{"start":{"line":370,"column":20},"end":{"line":370,"column":null}},"93":{"start":{"line":371,"column":2},"end":{"line":371,"column":null}},"94":{"start":{"line":372,"column":2},"end":{"line":372,"column":null}},"95":{"start":{"line":373,"column":2},"end":{"line":373,"column":null}},"96":{"start":{"line":375,"column":2},"end":{"line":375,"column":null}},"97":{"start":{"line":376,"column":2},"end":{"line":376,"column":null}},"98":{"start":{"line":377,"column":2},"end":{"line":377,"column":null}},"99":{"start":{"line":378,"column":2},"end":{"line":378,"column":null}},"100":{"start":{"line":381,"column":2},"end":{"line":381,"column":null}},"101":{"start":{"line":382,"column":2},"end":{"line":382,"column":null}},"102":{"start":{"line":383,"column":2},"end":{"line":383,"column":null}},"103":{"start":{"line":384,"column":2},"end":{"line":384,"column":null}},"104":{"start":{"line":387,"column":2},"end":{"line":387,"column":null}},"105":{"start":{"line":388,"column":2},"end":{"line":388,"column":null}},"106":{"start":{"line":389,"column":2},"end":{"line":389,"column":null}},"107":{"start":{"line":390,"column":2},"end":{"line":390,"column":null}},"108":{"start":{"line":405,"column":19},"end":{"line":405,"column":null}},"109":{"start":{"line":407,"column":2},"end":{"line":412,"column":null}},"110":{"start":{"line":408,"column":17},"end":{"line":408,"column":null}},"111":{"start":{"line":409,"column":4},"end":{"line":411,"column":null}},"112":{"start":{"line":410,"column":6},"end":{"line":410,"column":null}},"113":{"start":{"line":414,"column":2},"end":{"line":414,"column":null}},"114":{"start":{"line":414,"column":25},"end":{"line":414,"column":null}},"115":{"start":{"line":416,"column":2},"end":{"line":416,"column":null}},"116":{"start":{"line":440,"column":54},"end":{"line":440,"column":null}},"117":{"start":{"line":443,"column":17},"end":{"line":456,"column":null}},"118":{"start":{"line":445,"column":15},"end":{"line":445,"column":null}},"119":{"start":{"line":446,"column":15},"end":{"line":446,"column":null}},"120":{"start":{"line":448,"column":4},"end":{"line":453,"column":null}},"121":{"start":{"line":449,"column":20},"end":{"line":449,"column":null}},"122":{"start":{"line":450,"column":20},"end":{"line":450,"column":null}},"123":{"start":{"line":451,"column":6},"end":{"line":451,"column":null}},"124":{"start":{"line":451,"column":31},"end":{"line":451,"column":null}},"125":{"start":{"line":452,"column":6},"end":{"line":452,"column":null}},"126":{"start":{"line":452,"column":31},"end":{"line":452,"column":null}},"127":{"start":{"line":455,"column":4},"end":{"line":455,"column":null}},"128":{"start":{"line":458,"column":2},"end":{"line":460,"column":null}},"129":{"start":{"line":459,"column":4},"end":{"line":459,"column":null}},"130":{"start":{"line":471,"column":26},"end":{"line":486,"column":null}},"131":{"start":{"line":492,"column":2},"end":{"line":492,"column":null}}},"fnMap":{"0":{"name":"drift","decl":{"start":{"line":63,"column":16},"end":{"line":63,"column":22}},"loc":{"start":{"line":67,"column":2},"end":{"line":73,"column":null}},"line":67},"1":{"name":"bob","decl":{"start":{"line":79,"column":16},"end":{"line":79,"column":20}},"loc":{"start":{"line":79,"column":94},"end":{"line":81,"column":null}},"line":79},"2":{"name":"pulse","decl":{"start":{"line":87,"column":16},"end":{"line":87,"column":22}},"loc":{"start":{"line":87,"column":113},"end":{"line":90,"column":null}},"line":87},"3":{"name":"waver","decl":{"start":{"line":96,"column":16},"end":{"line":96,"column":22}},"loc":{"start":{"line":96,"column":113},"end":{"line":101,"column":null}},"line":96},"4":{"name":"createSeeker","decl":{"start":{"line":123,"column":16},"end":{"line":123,"column":29}},"loc":{"start":{"line":123,"column":80},"end":{"line":136,"column":null}},"line":123},"5":{"name":"updateSeeker","decl":{"start":{"line":141,"column":16},"end":{"line":141,"column":null}},"loc":{"start":{"line":148,"column":8},"end":{"line":197,"column":null}},"line":148},"6":{"name":"createSeekerSwarm","decl":{"start":{"line":230,"column":16},"end":{"line":230,"column":null}},"loc":{"start":{"line":235,"column":12},"end":{"line":289,"column":null}},"line":235},"7":{"name":"updateSeekerWithDrift","decl":{"start":{"line":294,"column":16},"end":{"line":294,"column":null}},"loc":{"start":{"line":302,"column":8},"end":{"line":326,"column":null}},"line":302},"8":{"name":"updateSeekerSwarm","decl":{"start":{"line":331,"column":16},"end":{"line":331,"column":null}},"loc":{"start":{"line":339,"column":8},"end":{"line":347,"column":null}},"line":339},"9":{"name":"drawBiolumGlow","decl":{"start":{"line":355,"column":16},"end":{"line":355,"column":null}},"loc":{"start":{"line":363,"column":8},"end":{"line":391,"column":null}},"line":363},"10":{"name":"drawSeeker","decl":{"start":{"line":396,"column":16},"end":{"line":396,"column":null}},"loc":{"start":{"line":403,"column":8},"end":{"line":417,"column":null}},"line":403},"11":{"name":"drawSeekerSwarm","decl":{"start":{"line":430,"column":16},"end":{"line":430,"column":null}},"loc":{"start":{"line":439,"column":8},"end":{"line":461,"column":null}},"line":439},"12":{"name":"(anonymous_12)","decl":{"start":{"line":443,"column":35},"end":{"line":443,"column":36}},"loc":{"start":{"line":443,"column":45},"end":{"line":456,"column":3}},"line":443},"13":{"name":"staggerDelay","decl":{"start":{"line":491,"column":16},"end":{"line":491,"column":29}},"loc":{"start":{"line":491,"column":69},"end":{"line":493,"column":null}},"line":491}},"branchMap":{"0":{"loc":{"start":{"line":63,"column":36},"end":{"line":63,"column":71}},"type":"default-arg","locations":[{"start":{"line":63,"column":54},"end":{"line":63,"column":71}}],"line":63},"1":{"loc":{"start":{"line":63,"column":71},"end":{"line":63,"column":null}},"type":"default-arg","locations":[{"start":{"line":63,"column":91},"end":{"line":63,"column":null}}],"line":63},"2":{"loc":{"start":{"line":79,"column":34},"end":{"line":79,"column":63}},"type":"default-arg","locations":[{"start":{"line":79,"column":50},"end":{"line":79,"column":63}}],"line":79},"3":{"loc":{"start":{"line":79,"column":63},"end":{"line":79,"column":94}},"type":"default-arg","locations":[{"start":{"line":79,"column":80},"end":{"line":79,"column":94}}],"line":79},"4":{"loc":{"start":{"line":87,"column":36},"end":{"line":87,"column":67}},"type":"default-arg","locations":[{"start":{"line":87,"column":52},"end":{"line":87,"column":67}}],"line":87},"5":{"loc":{"start":{"line":87,"column":67},"end":{"line":87,"column":86}},"type":"default-arg","locations":[{"start":{"line":87,"column":81},"end":{"line":87,"column":86}}],"line":87},"6":{"loc":{"start":{"line":87,"column":86},"end":{"line":87,"column":113}},"type":"default-arg","locations":[{"start":{"line":87,"column":100},"end":{"line":87,"column":113}}],"line":87},"7":{"loc":{"start":{"line":96,"column":58},"end":{"line":96,"column":113}},"type":"default-arg","locations":[{"start":{"line":96,"column":74},"end":{"line":96,"column":113}}],"line":96},"8":{"loc":{"start":{"line":153,"column":2},"end":{"line":175,"column":null}},"type":"if","locations":[{"start":{"line":153,"column":2},"end":{"line":175,"column":null}},{"start":{"line":170,"column":9},"end":{"line":175,"column":null}}],"line":153},"9":{"loc":{"start":{"line":154,"column":4},"end":{"line":169,"column":null}},"type":"if","locations":[{"start":{"line":154,"column":4},"end":{"line":169,"column":null}},{"start":{"line":159,"column":4},"end":{"line":169,"column":null}}],"line":154},"10":{"loc":{"start":{"line":159,"column":4},"end":{"line":169,"column":null}},"type":"if","locations":[{"start":{"line":159,"column":4},"end":{"line":169,"column":null}},{"start":{"line":164,"column":11},"end":{"line":169,"column":null}}],"line":159},"11":{"loc":{"start":{"line":179,"column":2},"end":{"line":182,"column":null}},"type":"if","locations":[{"start":{"line":179,"column":2},"end":{"line":182,"column":null}},{"start":{},"end":{}}],"line":179},"12":{"loc":{"start":{"line":193,"column":2},"end":{"line":193,"column":null}},"type":"if","locations":[{"start":{"line":193,"column":2},"end":{"line":193,"column":null}},{"start":{},"end":{}}],"line":193},"13":{"loc":{"start":{"line":194,"column":2},"end":{"line":194,"column":null}},"type":"if","locations":[{"start":{"line":194,"column":2},"end":{"line":194,"column":null}},{"start":{},"end":{}}],"line":194},"14":{"loc":{"start":{"line":195,"column":2},"end":{"line":195,"column":null}},"type":"if","locations":[{"start":{"line":195,"column":2},"end":{"line":195,"column":null}},{"start":{},"end":{}}],"line":195},"15":{"loc":{"start":{"line":196,"column":2},"end":{"line":196,"column":null}},"type":"if","locations":[{"start":{"line":196,"column":2},"end":{"line":196,"column":null}},{"start":{},"end":{}}],"line":196},"16":{"loc":{"start":{"line":234,"column":2},"end":{"line":234,"column":null}},"type":"default-arg","locations":[{"start":{"line":234,"column":26},"end":{"line":234,"column":null}}],"line":234},"17":{"loc":{"start":{"line":237,"column":4},"end":{"line":237,"column":null}},"type":"default-arg","locations":[{"start":{"line":237,"column":16},"end":{"line":237,"column":null}}],"line":237},"18":{"loc":{"start":{"line":238,"column":4},"end":{"line":238,"column":null}},"type":"default-arg","locations":[{"start":{"line":238,"column":16},"end":{"line":238,"column":null}}],"line":238},"19":{"loc":{"start":{"line":239,"column":4},"end":{"line":239,"column":null}},"type":"default-arg","locations":[{"start":{"line":239,"column":17},"end":{"line":239,"column":null}}],"line":239},"20":{"loc":{"start":{"line":240,"column":4},"end":{"line":240,"column":null}},"type":"default-arg","locations":[{"start":{"line":240,"column":15},"end":{"line":240,"column":null}}],"line":240},"21":{"loc":{"start":{"line":248,"column":4},"end":{"line":272,"column":null}},"type":"switch","locations":[{"start":{"line":249,"column":6},"end":{"line":256,"column":null}},{"start":{"line":257,"column":6},"end":{"line":268,"column":null}},{"start":{"line":269,"column":6},"end":{"line":271,"column":null}}],"line":248},"22":{"loc":{"start":{"line":261,"column":8},"end":{"line":266,"column":null}},"type":"switch","locations":[{"start":{"line":262,"column":10},"end":{"line":262,"column":null}},{"start":{"line":263,"column":10},"end":{"line":263,"column":null}},{"start":{"line":264,"column":10},"end":{"line":264,"column":null}},{"start":{"line":265,"column":10},"end":{"line":265,"column":null}}],"line":261},"23":{"loc":{"start":{"line":301,"column":2},"end":{"line":301,"column":null}},"type":"default-arg","locations":[{"start":{"line":301,"column":24},"end":{"line":301,"column":null}}],"line":301},"24":{"loc":{"start":{"line":307,"column":2},"end":{"line":325,"column":null}},"type":"if","locations":[{"start":{"line":307,"column":2},"end":{"line":325,"column":null}},{"start":{},"end":{}}],"line":307},"25":{"loc":{"start":{"line":312,"column":4},"end":{"line":324,"column":null}},"type":"if","locations":[{"start":{"line":312,"column":4},"end":{"line":324,"column":null}},{"start":{},"end":{}}],"line":312},"26":{"loc":{"start":{"line":320,"column":6},"end":{"line":323,"column":null}},"type":"if","locations":[{"start":{"line":320,"column":6},"end":{"line":323,"column":null}},{"start":{},"end":{}}],"line":320},"27":{"loc":{"start":{"line":338,"column":2},"end":{"line":338,"column":null}},"type":"default-arg","locations":[{"start":{"line":338,"column":24},"end":{"line":338,"column":null}}],"line":338},"28":{"loc":{"start":{"line":341,"column":4},"end":{"line":345,"column":null}},"type":"if","locations":[{"start":{"line":341,"column":4},"end":{"line":345,"column":null}},{"start":{"line":343,"column":11},"end":{"line":345,"column":null}}],"line":341},"29":{"loc":{"start":{"line":365,"column":16},"end":{"line":365,"column":null}},"type":"cond-expr","locations":[{"start":{"line":365,"column":25},"end":{"line":365,"column":72}},{"start":{"line":365,"column":72},"end":{"line":365,"column":null}}],"line":365},"30":{"loc":{"start":{"line":399,"column":2},"end":{"line":399,"column":null}},"type":"default-arg","locations":[{"start":{"line":399,"column":24},"end":{"line":399,"column":null}}],"line":399},"31":{"loc":{"start":{"line":407,"column":2},"end":{"line":412,"column":null}},"type":"if","locations":[{"start":{"line":407,"column":2},"end":{"line":412,"column":null}},{"start":{},"end":{}}],"line":407},"32":{"loc":{"start":{"line":407,"column":6},"end":{"line":407,"column":52}},"type":"binary-expr","locations":[{"start":{"line":407,"column":6},"end":{"line":407,"column":30}},{"start":{"line":407,"column":30},"end":{"line":407,"column":52}}],"line":407},"33":{"loc":{"start":{"line":409,"column":4},"end":{"line":411,"column":null}},"type":"if","locations":[{"start":{"line":409,"column":4},"end":{"line":411,"column":null}},{"start":{},"end":{}}],"line":409},"34":{"loc":{"start":{"line":414,"column":2},"end":{"line":414,"column":null}},"type":"if","locations":[{"start":{"line":414,"column":2},"end":{"line":414,"column":null}},{"start":{},"end":{}}],"line":414},"35":{"loc":{"start":{"line":433,"column":2},"end":{"line":438,"column":null}},"type":"default-arg","locations":[{"start":{"line":438,"column":6},"end":{"line":438,"column":null}}],"line":433},"36":{"loc":{"start":{"line":440,"column":26},"end":{"line":440,"column":45}},"type":"default-arg","locations":[{"start":{"line":440,"column":40},"end":{"line":440,"column":45}}],"line":440},"37":{"loc":{"start":{"line":448,"column":4},"end":{"line":453,"column":null}},"type":"if","locations":[{"start":{"line":448,"column":4},"end":{"line":453,"column":null}},{"start":{},"end":{}}],"line":448},"38":{"loc":{"start":{"line":448,"column":8},"end":{"line":448,"column":54}},"type":"binary-expr","locations":[{"start":{"line":448,"column":8},"end":{"line":448,"column":32}},{"start":{"line":448,"column":32},"end":{"line":448,"column":54}}],"line":448},"39":{"loc":{"start":{"line":451,"column":6},"end":{"line":451,"column":null}},"type":"if","locations":[{"start":{"line":451,"column":6},"end":{"line":451,"column":null}},{"start":{},"end":{}}],"line":451},"40":{"loc":{"start":{"line":452,"column":6},"end":{"line":452,"column":null}},"type":"if","locations":[{"start":{"line":452,"column":6},"end":{"line":452,"column":null}},{"start":{},"end":{}}],"line":452},"41":{"loc":{"start":{"line":491,"column":44},"end":{"line":491,"column":69}},"type":"default-arg","locations":[{"start":{"line":491,"column":56},"end":{"line":491,"column":69}}],"line":491}},"s":{"0":0,"1":0,"2":0,"3":0,"4":0,"5":0,"6":0,"7":0,"8":0,"9":0,"10":0,"11":0,"12":0,"13":0,"14":0,"15":0,"16":0,"17":0,"18":0,"19":0,"20":0,"21":0,"22":0,"23":0,"24":0,"25":0,"26":0,"27":0,"28":0,"29":0,"30":0,"31":0,"32":0,"33":0,"34":0,"35":0,"36":0,"37":0,"38":0,"39":0,"40":0,"41":0,"42":0,"43":0,"44":0,"45":0,"46":0,"47":0,"48":0,"49":0,"50":0,"51":0,"52":0,"53":0,"54":0,"55":0,"56":0,"57":0,"58":0,"59":0,"60":0,"61":0,"62":0,"63":0,"64":0,"65":0,"66":0,"67":0,"68":0,"69":0,"70":0,"71":0,"72":0,"73":0,"74":0,"75":0,"76":0,"77":0,"78":0,"79":0,"80":0,"81":0,"82":0,"83":0,"84":0,"85":0,"86":0,"87":0,"88":0,"89":0,"90":0,"91":0,"92":0,"93":0,"94":0,"95":0,"96":0,"97":0,"98":0,"99":0,"100":0,"101":0,"102":0,"103":0,"104":0,"105":0,"106":0,"107":0,"108":0,"109":0,"110":0,"111":0,"112":0,"113":0,"114":0,"115":0,"116":0,"117":0,"118":0,"119":0,"120":0,"121":0,"122":0,"123":0,"124":0,"125":0,"126":0,"127":0,"128":0,"129":0,"130":0,"131":0},"f":{"0":0,"1":0,"2":0,"3":0,"4":0,"5":0,"6":0,"7":0,"8":0,"9":0,"10":0,"11":0,"12":0,"13":0},"b":{"0":[0],"1":[0],"2":[0],"3":[0],"4":[0],"5":[0],"6":[0],"7":[0],"8":[0,0],"9":[0,0],"10":[0,0],"11":[0,0],"12":[0,0],"13":[0,0],"14":[0,0],"15":[0,0],"16":[0],"17":[0],"18":[0],"19":[0],"20":[0],"21":[0,0,0],"22":[0,0,0,0],"23":[0],"24":[0,0],"25":[0,0],"26":[0,0],"27":[0],"28":[0,0],"29":[0,0],"30":[0],"31":[0,0],"32":[0,0],"33":[0,0],"34":[0,0],"35":[0],"36":[0],"37":[0,0],"38":[0,0],"39":[0,0],"40":[0,0],"41":[0]},"meta":{"lastBranch":42,"lastFunction":14,"lastStatement":132,"seen":{"s:15:22:35:Infinity":0,"s:41:25:53:Infinity":1,"f:63:16:63:22":0,"b:63:54:63:71":0,"b:63:91:63:Infinity":1,"s:68:2:72:Infinity":2,"f:79:16:79:20":1,"b:79:50:79:63":2,"b:79:80:79:94":3,"s:80:2:80:Infinity":3,"f:87:16:87:22":2,"b:87:52:87:67":4,"b:87:81:87:86":5,"b:87:100:87:113":6,"s:88:8:88:Infinity":4,"s:89:2:89:Infinity":5,"f:96:16:96:22":3,"b:96:74:96:113":7,"s:97:2:100:Infinity":6,"f:123:16:123:29":4,"s:124:2:135:Infinity":7,"f:141:16:141:Infinity":5,"s:149:13:149:Infinity":8,"s:150:13:150:Infinity":9,"s:151:15:151:Infinity":10,"b:153:2:175:Infinity:170:9:175:Infinity":8,"s:153:2:175:Infinity":11,"b:154:4:169:Infinity:159:4:169:Infinity":9,"s:154:4:169:Infinity":12,"s:156:6:156:Infinity":13,"s:157:6:157:Infinity":14,"s:158:6:158:Infinity":15,"b:159:4:169:Infinity:164:11:169:Infinity":10,"s:159:4:169:Infinity":16,"s:161:6:161:Infinity":17,"s:162:6:162:Infinity":18,"s:163:6:163:Infinity":19,"s:166:6:166:Infinity":20,"s:167:6:167:Infinity":21,"s:168:6:168:Infinity":22,"s:172:4:172:Infinity":23,"s:173:4:173:Infinity":24,"s:174:4:174:Infinity":25,"s:178:16:178:Infinity":26,"b:179:2:182:Infinity:undefined:undefined:undefined:undefined":11,"s:179:2:182:Infinity":27,"s:180:4:180:Infinity":28,"s:181:4:181:Infinity":29,"s:185:2:185:Infinity":30,"s:186:2:186:Infinity":31,"s:189:2:189:Infinity":32,"s:190:2:190:Infinity":33,"b:193:2:193:Infinity:undefined:undefined:undefined:undefined":12,"s:193:2:193:Infinity":34,"s:193:22:193:Infinity":35,"b:194:2:194:Infinity:undefined:undefined:undefined:undefined":13,"s:194:2:194:Infinity":36,"s:194:35:194:Infinity":37,"b:195:2:195:Infinity:undefined:undefined:undefined:undefined":14,"s:195:2:195:Infinity":38,"s:195:22:195:Infinity":39,"b:196:2:196:Infinity:undefined:undefined:undefined:undefined":15,"s:196:2:196:Infinity":40,"s:196:36:196:Infinity":41,"f:230:16:230:Infinity":6,"b:234:26:234:Infinity":16,"s:241:6:241:Infinity":42,"b:237:16:237:Infinity":17,"b:238:16:238:Infinity":18,"b:239:17:239:Infinity":19,"b:240:15:240:Infinity":20,"s:243:28:243:Infinity":43,"s:245:2:286:Infinity":44,"s:245:15:245:18":45,"b:249:6:256:Infinity:257:6:268:Infinity:269:6:271:Infinity":21,"s:248:4:272:Infinity":46,"s:251:22:251:Infinity":47,"s:252:21:252:Infinity":48,"s:253:8:253:Infinity":49,"s:254:8:254:Infinity":50,"s:255:8:255:Infinity":51,"s:259:21:259:Infinity":52,"s:260:20:260:Infinity":53,"b:262:10:262:Infinity:263:10:263:Infinity:264:10:264:Infinity:265:10:265:Infinity":22,"s:261:8:266:Infinity":54,"s:262:18:262:41":55,"s:262:41:262:65":56,"s:262:65:262:Infinity":57,"s:263:18:263:56":58,"s:263:56:263:80":59,"s:263:80:263:Infinity":60,"s:264:18:264:41":61,"s:264:41:264:80":62,"s:264:80:264:Infinity":63,"s:265:19:265:43":64,"s:265:43:265:Infinity":65,"s:267:8:267:Infinity":66,"s:270:8:270:Infinity":67,"s:271:8:271:Infinity":68,"s:274:4:285:Infinity":69,"s:288:2:288:Infinity":70,"f:294:16:294:Infinity":7,"b:301:24:301:Infinity":23,"s:304:2:304:Infinity":71,"b:307:2:325:Infinity:undefined:undefined:undefined:undefined":24,"s:307:2:325:Infinity":72,"s:308:15:308:Infinity":73,"s:309:15:309:Infinity":74,"s:310:24:310:Infinity":75,"b:312:4:324:Infinity:undefined:undefined:undefined:undefined":25,"s:312:4:324:Infinity":76,"s:314:22:314:Infinity":77,"s:315:22:315:Infinity":78,"s:316:24:316:Infinity":79,"s:317:24:317:Infinity":80,"s:318:27:318:Infinity":81,"b:320:6:323:Infinity:undefined:undefined:undefined:undefined":26,"s:320:6:323:Infinity":82,"s:321:8:321:Infinity":83,"s:322:8:322:Infinity":84,"f:331:16:331:Infinity":8,"b:338:24:338:Infinity":27,"s:340:2:346:Infinity":85,"b:341:4:345:Infinity:343:11:345:Infinity":28,"s:341:4:345:Infinity":86,"s:342:6:342:Infinity":87,"s:344:6:344:Infinity":88,"f:355:16:355:Infinity":9,"s:365:16:365:Infinity":89,"b:365:25:365:72:365:72:365:Infinity":29,"s:366:27:366:Infinity":90,"s:367:22:367:Infinity":91,"s:370:20:370:Infinity":92,"s:371:2:371:Infinity":93,"s:372:2:372:Infinity":94,"s:373:2:373:Infinity":95,"s:375:2:375:Infinity":96,"s:376:2:376:Infinity":97,"s:377:2:377:Infinity":98,"s:378:2:378:Infinity":99,"s:381:2:381:Infinity":100,"s:382:2:382:Infinity":101,"s:383:2:383:Infinity":102,"s:384:2:384:Infinity":103,"s:387:2:387:Infinity":104,"s:388:2:388:Infinity":105,"s:389:2:389:Infinity":106,"s:390:2:390:Infinity":107,"f:396:16:396:Infinity":10,"b:399:24:399:Infinity":30,"s:405:19:405:Infinity":108,"b:407:2:412:Infinity:undefined:undefined:undefined:undefined":31,"s:407:2:412:Infinity":109,"b:407:6:407:30:407:30:407:52":32,"s:408:17:408:Infinity":110,"b:409:4:411:Infinity:undefined:undefined:undefined:undefined":33,"s:409:4:411:Infinity":111,"s:410:6:410:Infinity":112,"b:414:2:414:Infinity:undefined:undefined:undefined:undefined":34,"s:414:2:414:Infinity":113,"s:414:25:414:Infinity":114,"s:416:2:416:Infinity":115,"f:430:16:430:Infinity":11,"b:438:6:438:Infinity":35,"s:440:54:440:Infinity":116,"b:440:40:440:45":36,"s:443:17:456:Infinity":117,"f:443:35:443:36":12,"s:445:15:445:Infinity":118,"s:446:15:446:Infinity":119,"b:448:4:453:Infinity:undefined:undefined:undefined:undefined":37,"s:448:4:453:Infinity":120,"b:448:8:448:32:448:32:448:54":38,"s:449:20:449:Infinity":121,"s:450:20:450:Infinity":122,"b:451:6:451:Infinity:undefined:undefined:undefined:undefined":39,"s:451:6:451:Infinity":123,"s:451:31:451:Infinity":124,"b:452:6:452:Infinity:undefined:undefined:undefined:undefined":40,"s:452:6:452:Infinity":125,"s:452:31:452:Infinity":126,"s:455:4:455:Infinity":127,"s:458:2:460:Infinity":128,"s:459:4:459:Infinity":129,"s:471:26:486:Infinity":130,"f:491:16:491:29":13,"b:491:56:491:69":41,"s:492:2:492:Infinity":131}}}
,"/Users/veronica.ray/src/github.com/mathonsunday/visual-toolkit/src/particles.ts": {"path":"/Users/veronica.ray/src/github.com/mathonsunday/visual-toolkit/src/particles.ts","statementMap":{"0":{"start":{"line":32,"column":2},"end":{"line":38,"column":null}},"1":{"start":{"line":32,"column":46},"end":{"line":38,"column":4}},"2":{"start":{"line":48,"column":15},"end":{"line":48,"column":null}},"3":{"start":{"line":50,"column":2},"end":{"line":61,"column":null}},"4":{"start":{"line":51,"column":4},"end":{"line":51,"column":null}},"5":{"start":{"line":54,"column":4},"end":{"line":60,"column":null}},"6":{"start":{"line":55,"column":6},"end":{"line":55,"column":null}},"7":{"start":{"line":56,"column":6},"end":{"line":56,"column":null}},"8":{"start":{"line":57,"column":4},"end":{"line":60,"column":null}},"9":{"start":{"line":58,"column":6},"end":{"line":58,"column":null}},"10":{"start":{"line":59,"column":6},"end":{"line":59,"column":null}},"11":{"start":{"line":73,"column":2},"end":{"line":78,"column":null}},"12":{"start":{"line":74,"column":4},"end":{"line":74,"column":null}},"13":{"start":{"line":75,"column":4},"end":{"line":75,"column":null}},"14":{"start":{"line":76,"column":4},"end":{"line":76,"column":null}},"15":{"start":{"line":77,"column":4},"end":{"line":77,"column":null}},"16":{"start":{"line":89,"column":2},"end":{"line":96,"column":null}},"17":{"start":{"line":89,"column":46},"end":{"line":96,"column":4}},"18":{"start":{"line":103,"column":2},"end":{"line":111,"column":null}},"19":{"start":{"line":104,"column":4},"end":{"line":104,"column":null}},"20":{"start":{"line":105,"column":4},"end":{"line":105,"column":null}},"21":{"start":{"line":107,"column":4},"end":{"line":110,"column":null}},"22":{"start":{"line":108,"column":6},"end":{"line":108,"column":null}},"23":{"start":{"line":109,"column":6},"end":{"line":109,"column":null}},"24":{"start":{"line":126,"column":15},"end":{"line":126,"column":null}},"25":{"start":{"line":127,"column":14},"end":{"line":127,"column":null}},"26":{"start":{"line":128,"column":16},"end":{"line":128,"column":null}},"27":{"start":{"line":129,"column":15},"end":{"line":129,"column":null}},"28":{"start":{"line":130,"column":16},"end":{"line":130,"column":null}},"29":{"start":{"line":132,"column":2},"end":{"line":152,"column":null}},"30":{"start":{"line":159,"column":20},"end":{"line":164,"column":null}},"31":{"start":{"line":160,"column":17},"end":{"line":160,"column":null}},"32":{"start":{"line":161,"column":16},"end":{"line":161,"column":null}},"33":{"start":{"line":162,"column":18},"end":{"line":162,"column":null}},"34":{"start":{"line":163,"column":4},"end":{"line":163,"column":null}},"35":{"start":{"line":166,"column":2},"end":{"line":166,"column":null}},"36":{"start":{"line":172,"column":35},"end":{"line":172,"column":null}},"37":{"start":{"line":216,"column":2},"end":{"line":225,"column":null}},"38":{"start":{"line":216,"column":46},"end":{"line":225,"column":4}},"39":{"start":{"line":238,"column":2},"end":{"line":262,"column":null}},"40":{"start":{"line":239,"column":10},"end":{"line":239,"column":null}},"41":{"start":{"line":240,"column":25},"end":{"line":240,"column":null}},"42":{"start":{"line":241,"column":24},"end":{"line":241,"column":null}},"43":{"start":{"line":243,"column":14},"end":{"line":243,"column":null}},"44":{"start":{"line":244,"column":14},"end":{"line":244,"column":null}},"45":{"start":{"line":247,"column":21},"end":{"line":247,"column":null}},"46":{"start":{"line":248,"column":4},"end":{"line":248,"column":null}},"47":{"start":{"line":249,"column":4},"end":{"line":249,"column":null}},"48":{"start":{"line":250,"column":4},"end":{"line":250,"column":null}},"49":{"start":{"line":252,"column":4},"end":{"line":252,"column":null}},"50":{"start":{"line":253,"column":4},"end":{"line":253,"column":null}},"51":{"start":{"line":254,"column":4},"end":{"line":254,"column":null}},"52":{"start":{"line":255,"column":4},"end":{"line":255,"column":null}},"53":{"start":{"line":258,"column":4},"end":{"line":258,"column":null}},"54":{"start":{"line":259,"column":4},"end":{"line":259,"column":null}},"55":{"start":{"line":260,"column":4},"end":{"line":260,"column":null}},"56":{"start":{"line":261,"column":4},"end":{"line":261,"column":null}}},"fnMap":{"0":{"name":"createMarineSnow","decl":{"start":{"line":31,"column":16},"end":{"line":31,"column":33}},"loc":{"start":{"line":31,"column":57},"end":{"line":39,"column":null}},"line":31},"1":{"name":"(anonymous_1)","decl":{"start":{"line":32,"column":39},"end":{"line":32,"column":46}},"loc":{"start":{"line":32,"column":46},"end":{"line":38,"column":4}},"line":32},"2":{"name":"updateMarineSnow","decl":{"start":{"line":44,"column":16},"end":{"line":44,"column":null}},"loc":{"start":{"line":47,"column":8},"end":{"line":62,"column":null}},"line":47},"3":{"name":"drawMarineSnow","decl":{"start":{"line":67,"column":16},"end":{"line":67,"column":null}},"loc":{"start":{"line":72,"column":8},"end":{"line":79,"column":null}},"line":72},"4":{"name":"createDeepParticles","decl":{"start":{"line":88,"column":16},"end":{"line":88,"column":36}},"loc":{"start":{"line":88,"column":60},"end":{"line":97,"column":null}},"line":88},"5":{"name":"(anonymous_5)","decl":{"start":{"line":89,"column":39},"end":{"line":89,"column":46}},"loc":{"start":{"line":89,"column":46},"end":{"line":96,"column":4}},"line":89},"6":{"name":"updateDeepParticles","decl":{"start":{"line":102,"column":16},"end":{"line":102,"column":36}},"loc":{"start":{"line":102,"column":79},"end":{"line":112,"column":null}},"line":102},"7":{"name":"cssMarineSnowParticle","decl":{"start":{"line":122,"column":16},"end":{"line":122,"column":38}},"loc":{"start":{"line":125,"column":2},"end":{"line":153,"column":null}},"line":125},"8":{"name":"htmlMarineSnow","decl":{"start":{"line":158,"column":16},"end":{"line":158,"column":31}},"loc":{"start":{"line":158,"column":51},"end":{"line":167,"column":null}},"line":158},"9":{"name":"(anonymous_9)","decl":{"start":{"line":159,"column":50},"end":{"line":159,"column":51}},"loc":{"start":{"line":159,"column":60},"end":{"line":164,"column":3}},"line":159},"10":{"name":"createBioParticles","decl":{"start":{"line":215,"column":16},"end":{"line":215,"column":35}},"loc":{"start":{"line":215,"column":62},"end":{"line":226,"column":null}},"line":215},"11":{"name":"(anonymous_11)","decl":{"start":{"line":216,"column":39},"end":{"line":216,"column":46}},"loc":{"start":{"line":216,"column":46},"end":{"line":225,"column":4}},"line":216},"12":{"name":"drawBioParticles","decl":{"start":{"line":231,"column":16},"end":{"line":231,"column":null}},"loc":{"start":{"line":237,"column":8},"end":{"line":263,"column":null}},"line":237}},"branchMap":{"0":{"loc":{"start":{"line":31,"column":33},"end":{"line":31,"column":57}},"type":"default-arg","locations":[{"start":{"line":31,"column":41},"end":{"line":31,"column":57}}],"line":31},"1":{"loc":{"start":{"line":46,"column":2},"end":{"line":46,"column":null}},"type":"default-arg","locations":[{"start":{"line":46,"column":29},"end":{"line":46,"column":null}}],"line":46},"2":{"loc":{"start":{"line":48,"column":15},"end":{"line":48,"column":null}},"type":"cond-expr","locations":[{"start":{"line":48,"column":36},"end":{"line":48,"column":41}},{"start":{"line":48,"column":41},"end":{"line":48,"column":null}}],"line":48},"3":{"loc":{"start":{"line":54,"column":4},"end":{"line":60,"column":null}},"type":"if","locations":[{"start":{"line":54,"column":4},"end":{"line":60,"column":null}},{"start":{"line":57,"column":4},"end":{"line":60,"column":null}}],"line":54},"4":{"loc":{"start":{"line":54,"column":8},"end":{"line":54,"column":43}},"type":"binary-expr","locations":[{"start":{"line":54,"column":8},"end":{"line":54,"column":30}},{"start":{"line":54,"column":30},"end":{"line":54,"column":43}}],"line":54},"5":{"loc":{"start":{"line":57,"column":4},"end":{"line":60,"column":null}},"type":"if","locations":[{"start":{"line":57,"column":4},"end":{"line":60,"column":null}},{"start":{},"end":{}}],"line":57},"6":{"loc":{"start":{"line":57,"column":15},"end":{"line":57,"column":51}},"type":"binary-expr","locations":[{"start":{"line":57,"column":15},"end":{"line":57,"column":39}},{"start":{"line":57,"column":39},"end":{"line":57,"column":51}}],"line":57},"7":{"loc":{"start":{"line":88,"column":36},"end":{"line":88,"column":60}},"type":"default-arg","locations":[{"start":{"line":88,"column":44},"end":{"line":88,"column":60}}],"line":88},"8":{"loc":{"start":{"line":105,"column":36},"end":{"line":105,"column":49}},"type":"binary-expr","locations":[{"start":
[...]
art":{"line":302,"column":39},"end":{"line":302,"column":70}}],"line":302},"22":{"loc":{"start":{"line":334,"column":6},"end":{"line":349,"column":null}},"type":"if","locations":[{"start":{"line":334,"column":6},"end":{"line":349,"column":null}},{"start":{"line":339,"column":6},"end":{"line":349,"column":null}}],"line":334},"23":{"loc":{"start":{"line":339,"column":6},"end":{"line":349,"column":null}},"type":"if","locations":[{"start":{"line":339,"column":6},"end":{"line":349,"column":null}},{"start":{"line":344,"column":13},"end":{"line":349,"column":null}}],"line":339},"24":{"loc":{"start":{"line":358,"column":6},"end":{"line":376,"column":null}},"type":"if","locations":[{"start":{"line":358,"column":6},"end":{"line":376,"column":null}},{"start":{"line":361,"column":6},"end":{"line":376,"column":null}}],"line":358},"25":{"loc":{"start":{"line":361,"column":6},"end":{"line":376,"column":null}},"type":"if","locations":[{"start":{"line":361,"column":6},"end":{"line":376,"column":null}},{"start":{"line":363,"column":6},"end":{"line":376,"column":null}}],"line":361},"26":{"loc":{"start":{"line":363,"column":6},"end":{"line":376,"column":null}},"type":"if","locations":[{"start":{"line":363,"column":6},"end":{"line":376,"column":null}},{"start":{"line":371,"column":13},"end":{"line":376,"column":null}}],"line":363},"27":{"loc":{"start":{"line":379,"column":6},"end":{"line":384,"column":null}},"type":"if","locations":[{"start":{"line":379,"column":6},"end":{"line":384,"column":null}},{"start":{},"end":{}}],"line":379},"28":{"loc":{"start":{"line":379,"column":10},"end":{"line":379,"column":48}},"type":"binary-expr","locations":[{"start":{"line":379,"column":10},"end":{"line":379,"column":30}},{"start":{"line":379,"column":30},"end":{"line":379,"column":48}}],"line":379},"29":{"loc":{"start":{"line":395,"column":2},"end":{"line":434,"column":null}},"type":"if","locations":[{"start":{"line":395,"column":2},"end":{"line":434,"column":null}},{"start":{},"end":{}}],"line":395},"30":{"loc":{"start":{"line":420,"column":10},"end":{"line":430,"column":null}},"type":"if","locations":[{"start":{"line":420,"column":10},"end":{"line":430,"column":null}},{"start":{},"end":{}}],"line":420},"31":{"loc":{"start":{"line":423,"column":12},"end":{"line":429,"column":null}},"type":"if","locations":[{"start":{"line":423,"column":12},"end":{"line":429,"column":null}},{"start":{},"end":{}}],"line":423},"32":{"loc":{"start":{"line":437,"column":2},"end":{"line":473,"column":null}},"type":"if","locations":[{"start":{"line":437,"column":2},"end":{"line":473,"column":null}},{"start":{},"end":{}}],"line":437},"33":{"loc":{"start":{"line":461,"column":10},"end":{"line":469,"column":null}},"type":"if","locations":[{"start":{"line":461,"column":10},"end":{"line":469,"column":null}},{"start":{},"end":{}}],"line":461},"34":{"loc":{"start":{"line":461,"column":14},"end":{"line":461,"column":58}},"type":"binary-expr","locations":[{"start":{"line":461,"column":14},"end":{"line":461,"column":26}},{"start":{"line":461,"column":26},"end":{"line":461,"column":48}},{"start":{"line":461,"column":48},"end":{"line":461,"column":58}}],"line":461},"35":{"loc":{"start":{"line":476,"column":2},"end":{"line":492,"column":null}},"type":"if","locations":[{"start":{"line":476,"column":2},"end":{"line":492,"column":null}},{"start":{},"end":{}}],"line":476},"36":{"loc":{"start":{"line":495,"column":2},"end":{"line":516,"column":null}},"type":"if","locations":[{"start":{"line":495,"column":2},"end":{"line":516,"column":null}},{"start":{},"end":{}}],"line":495},"37":{"loc":{"start":{"line":495,"column":6},"end":{"line":495,"column":40}},"type":"binary-expr","locations":[{"start":{"line":495,"column":6},"end":{"line":495,"column":21}},{"start":{"line":495,"column":21},"end":{"line":495,"column":40}}],"line":495},"38":{"loc":{"start":{"line":505,"column":8},"end":{"line":513,"column":null}},"type":"if","locations":[{"start":{"line":505,"column":8},"end":{"line":513,"column":null}},{"start":{},"end":{}}],"line":505},"39":{"loc":{"start":{"line":519,"column":2},"end":{"line":528,"column":null}},"type":"if","locations":[{"start":{"line":519,"column":2},"end":{"line":528,"column":null}},{"start":{"line":521,"column":9},"end":{"line":528,"column":null}}],"line":519},"40":{"loc":{"start":{"line":519,"column":6},"end":{"line":519,"column":56}},"type":"binary-expr","locations":[{"start":{"line":519,"column":6},"end":{"line":519,"column":31}},{"start":{"line":519,"column":31},"end":{"line":519,"column":56}}],"line":519},"41":{"loc":{"start":{"line":562,"column":4},"end":{"line":562,"column":null}},"type":"default-arg","locations":[{"start":{"line":562,"column":21},"end":{"line":562,"column":null}}],"line":562},"42":{"loc":{"start":{"line":563,"column":4},"end":{"line":563,"column":null}},"type":"default-arg","locations":[{"start":{"line":563,"column":18},"end":{"line":563,"column":null}}],"line":563},"43":{"loc":{"start":{"line":568,"column":2},"end":{"line":571,"column":null}},"type":"if","locations":[{"start":{"line":568,"column":2},"end":{"line":571,"column":null}},{"start":{},"end":{}}],"line":568},"44":{"loc":{"start":{"line":575,"column":2},"end":{"line":579,"column":null}},"type":"if","locations":[{"start":{"line":575,"column":2},"end":{"line":579,"column":null}},{"start":{},"end":{}}],"line":575},"45":{"loc":{"start":{"line":575,"column":6},"end":{"line":575,"column":77}},"type":"binary-expr","locations":[{"start":{"line":575,"column":6},"end":{"line":575,"column":16}},{"start":{"line":575,"column":16},"end":{"line":575,"column":77}}],"line":575},"46":{"loc":{"start":{"line":583,"column":4},"end":{"line":585,"column":null}},"type":"cond-expr","locations":[{"start":{"line":584,"column":8},"end":{"line":584,"column":null}},{"start":{"line":585,"column":8},"end":{"line":585,"column":null}}],"line":583},"47":{"loc":{"start":{"line":587,"column":2},"end":{"line":593,"column":null}},"type":"if","locations":[{"start":{"line":587,"column":2},"end":{"line":593,"column":null}},{"start":{"line":590,"column":9},"end":{"line":593,"column":null}}],"line":587},"48":{"loc":{"start":{"line":602,"column":2},"end":{"line":605,"column":null}},"type":"if","locations":[{"start":{"line":602,"column":2},"end":{"line":605,"column":null}},{"start":{},"end":{}}],"line":602},"49":{"loc":{"start":{"line":621,"column":10},"end":{"line":621,"column":28}},"type":"default-arg","locations":[{"start":{"line":621,"column":17},"end":{"line":621,"column":28}}],"line":621},"50":{"loc":{"start":{"line":623,"column":2},"end":{"line":634,"column":null}},"type":"if","locations":[{"start":{"line":623,"column":2},"end":{"line":634,"column":null}},{"start":{"line":625,"column":2},"end":{"line":634,"column":null}}],"line":623},"51":{"loc":{"start":{"line":625,"column":2},"end":{"line":634,"column":null}},"type":"if","locations":[{"start":{"line":625,"column":2},"end":{"line":634,"column":null}},{"start":{"line":627,"column":9},"end":{"line":634,"column":null}}],"line":625},"52":{"loc":{"start":{"line":632,"column":18},"end":{"line":632,"column":50}},"type":"binary-expr","locations":[{"start":{"line":632,"column":18},"end":{"line":632,"column":43}},{"start":{"line":632,"column":43},"end":{"line":632,"column":50}}],"line":632},"53":{"loc":{"start":{"line":661,"column":9},"end":{"line":667,"column":null}},"type":"cond-expr","locations":[{"start":{"line":662,"column":6},"end":{"line":666,"column":null}},{"start":{"line":667,"column":6},"end":{"line":667,"column":null}}],"line":661}},"s":{"0":0,"1":0,"2":0,"3":0,"4":0,"5":0,"6":0,"7":0,"8":0,"9":0,"10":0,"11":0,"12":0,"13":0,"14":0,"15":0,"16":0,"17":0,"18":0,"19":0,"20":0,"21":0,"22":0,"23":0,"24":0,"25":0,"26":0,"27":0,"28":0,"29":0,"30":0,"31":0,"32":0,"33":0,"34":0,"35":0,"36":0,"37":0,"38":0,"39":0,"40":0,"41":0,"42":0,"43":0,"44":0,"45":0,"46":0,"47":0,"48":0,"49":0,"50":0,"51":0,"52":0,"53":0,"54":0,"55":0,"56":0,"57":0,"58":0,"59":0,"60":0,"61":0,"62":0,"63":0,"64":0,"65":0,"66":0,"67":0,"68":0,"69":0,"70":0,"71":0,"72":0,"73":0,"74":0,"75":0,"76":0,"77":0,"78":0,"79":0,"80":0,"81":0,"82":0,"83":0,"84":0,"85":0,"86":0,"87":0,"88":0,"89":0,"90":0,"91":0,"92":0,"93":0,"94":0,"95":0,"96":0,"97":0,"98":0,"99":0,"100":0,"101":0,"102":0,"103":0,"104":0,"105":0,"106":0,"107":0,"108":0,"109":0,"110":0,"111":0,"112":0,"113":0,"114":0,"115":0,"116":0,"117":0,"118":0,"119":0,"120":0,"121":0,"122":0,"123":0,"124":0,"125":0,"126":0,"127":0,"128":0,"129":0,"130":0,"131":0,"132":0,"133":0,"134":0,"135":0,"136":0,"137":0,"138":0,"139":0,"140":0,"141":0,"142":0,"143":0,"144":0,"145":0,"146":0,"147":0,"148":0,"149":0,"150":0,"151":0,"152":0,"153":0,"154":0,"155":0,"156":0,"157":0,"158":0,"159":0,"160":0,"161":0,"162":0,"163":0,"164":0,"165":0,"166":0,"167":0,"168":0,"169":0,"170":0,"171":0,"172":0,"173":0,"174":0,"175":0,"176":0,"177":0,"178":0,"179":0,"180":0,"181":0,"182":0,"183":0,"184":0,"185":0,"186":0,"187":0,"188":0,"189":0,"190":0,"191":0,"192":0,"193":0,"194":0,"195":0,"196":0,"197":0,"198":0,"199":0,"200":0,"201":0,"202":0,"203":0,"204":0,"205":0,"206":0,"207":0,"208":0,"209":0,"210":0,"211":0,"212":0,"213":0,"214":0,"215":0,"216":0,"217":0,"218":0,"219":0,"220":0,"221":0,"222":0,"223":0,"224":0,"225":0,"226":0,"227":0,"228":0,"229":0,"230":0,"231":0,"232":0,"233":0,"234":0,"235":0,"236":0,"237":0,"238":0,"239":0,"240":0,"241":0,"242":0,"243":0,"244":0,"245":0,"246":0,"247":0,"248":0,"249":0,"250":0,"251":0,"252":0,"253":0,"254":0,"255":0,"256":0,"257":0,"258":0,"259":0,"260":0,"261":0,"262":0,"263":0},"f":{"0":0,"1":0,"2":0,"3":0,"4":0,"5":0,"6":0,"7":0,"8":0,"9":0,"10":0,"11":0,"12":0,"13":0},"b":{"0":[0,0],"1":[0,0],"2":[0,0],"3":[0,0],"4":[0,0],"5":[0,0],"6":[0],"7":[0],"8":[0],"9":[0],"10":[0],"11":[0],"12":[0],"13":[0],"14":[0],"15":[0],"16":[0,0],"17":[0,0],"18":[0,0],"19":[0,0],"20":[0,0],"21":[0,0],"22":[0,0],"23":[0,0],"24":[0,0],"25":[0,0],"26":[0,0],"27":[0,0],"28":[0,0],"29":[0,0],"30":[0,0],"31":[0,0],"32":[0,0],"33":[0,0],"34":[0,0,0],"35":[0,0],"36":[0,0],"37":[0,0],"38":[0,0],"39":[0,0],"40":[0,0],"41":[0],"42":[0],"43":[0,0],"44":[0,0],"45":[0,0],"46":[0,0],"47":[0,0],"48":[0,0],"49":[0],"50":[0,0],"51":[0,0],"52":[0,0],"53":[0,0]},"meta":{"lastBranch":54,"lastFunction":14,"lastStatement":264,"seen":{"s:12:11:12:Infinity":0,"s:13:6:13:Infinity":1,"s:15:14:18:Infinity":2,"f:20:9:20:27":0,"s:21:15:21:Infinity":3,"f:21:43:21:44":1,"s:21:53:21:54":4,"s:22:10:22:Infinity":5,"s:23:2:27:Infinity":6,"s:23:15:23:20":7,"s:24:4:24:Infinity":8,"s:25:14:25:Infinity":9,"s:26:4:26:Infinity":10,"s:28:2:28:Infinity":11,"s:35:25:35:Infinity":12,"f:44:16:44:39":2,"b:45:2:47:Infinity:undefined:undefined:undefined:undefined":0,"s:45:2:47:Infinity":13,"s:46:4:46:Infinity":14,"s:49:15:49:Infinity":15,"s:50:2:50:Infinity":16,"s:51:2:51:Infinity":17,"f:60:16:60:39":3,"s:61:2:63:Infinity":18,"s:62:4:62:Infinity":19,"f:70:16:70:46":4,"s:71:2:71:Infinity":20,"f:74:9:74:19":5,"s:75:8:75:Infinity":21,"s:76:12:76:Infinity":22,"s:77:12:77:Infinity":23,"s:79:8:79:Infinity":24,"s:80:13:80:Infinity":25,"s:81:13:81:Infinity":26,"s:82:13:82:Infinity":27,"s:83:13:83:Infinity":28,"s:85:13:85:Infinity":29,"b:85:23:85:27:85:27:85:Infinity":1,"s:86:13:86:Infinity":30,"b:86:23:86:27:86:27:86:Infinity":2,"s:88:13:88:Infinity":31,"s:89:13:89:Infinity":32,"s:90:13:90:Infinity":33,"s:91:13:91:Infinity":34,"s:93:13:93:Infinity":35,"s:94:13:94:Infinity":36,"s:96:14:96:Infinity":37,"s:97:14:97:Infinity":38,"s:98:14:98:Infinity":39,"s:100:11:100:14":40,"s:100:19:100:22":41,"s:100:27:100:Infinity":42,"s:102:11:102:Infinity":43,"b:103:2:106:Infinity:undefined:undefined:undefined:undefined":3,"s:103:2:106:Infinity":44,"s:104:4:104:Infinity":45,"s:105:4:105:Infinity":46,"s:108:11:108:Infinity":47,"b:109:2:112:Infinity:undefined:undefined:undefined:undefined":4,"s:109:2:112:Infinity":48,"s:110:4:110:Infinity":49,"s:111:4:111:Infinity":50,"s:114:11:114:Infinity":51,"b:115:2:118:Infinity:undefined:undefined:undefined:undefined":5,"s:115:2:118:Infinity":52,"s:116:4:116:Infinity":53,"s:117:4:117:Infinity":54,"s:120:2:120:Infinity":55,"f:123:9:123:13":6,"b:123:69:123:80":6,"s:124:14:124:Infinity":56,"s:125:18:125:Infinity":57,"s:126:18:126:Infinity":58,"s:127:17:127:Infinity":59,"s:129:2:134:Infinity":60,"s:129:15:129:18":61,"s:130:4:130:Infinity":62,"s:131:4:131:Infinity":63,"s:132:4:132:Infinity":64,"s:133:4:133:Infinity":65,"s:136:2:136:Infinity":66,"s:152:57:177:Infinity":67,"s:212:21:212:Infinity":68,"s:213:32:213:Infinity":69,"s:214:23:214:Infinity":70,"f:220:16:220:42":7,"s:221:2:221:Infinity":71,"f:228:16:228:46":8,"s:229:2:229:Infinity":72,"f:250:16:250:Infinity":9,"s:267:6:267:Infinity":73,"b:257:16:257:Infinity":7,"b:258:10:258:Infinity":8,"b:259:18:259:Infinity":9,"b:260:18:260:Infinity":10,"b:261:18:261:Infinity":11,"b:262:16:262:Infinity":12,"b:264:15:264:Infinity":13,"b:265:11:265:Infinity":14,"b:266:11:266:Infinity":15,"s:270:20:270:Infinity":74,"s:271:21:271:Infinity":75,"s:272:21:272:Infinity":76,"s:274:22:274:Infinity":77,"s:275:23:275:Infinity":78,"s:276:23:276:Infinity":79,"b:278:2:283:Infinity:undefined:undefined:undefined:undefined":16,"s:278:2:283:Infinity":80,"b:278:6:278:27:278:27:278:48":17,"s:279:4:282:Infinity":81,"b:285:2:292:Infinity:undefined:undefined:undefined:undefined":18,"s:285:2:292:Infinity":82,"s:286:18:286:Infinity":83,"s:287:4:291:Infinity":84,"s:294:15:294:Infinity":85,"s:295:18:295:Infinity":86,"b:295:26:295:58:295:58:295:Infinity":19,"s:299:2:315:Infinity":87,"s:300:4:300:Infinity":88,"b:302:4:313:Infinity:undefined:undefined:undefined:undefined":20,"s:302:4:313:Infinity":89,"b:302:8:302:39:302:39:302:70":21,"s:303:28:303:Infinity":90,"s:304:29:304:Infinity":91,"s:305:6:307:Infinity":92,"s:308:6:312:Infinity":93,"s:314:4:314:Infinity":94,"s:317:15:317:Infinity":95,"s:318:21:318:Infinity":96,"s:321:2:392:Infinity":97,"s:321:15:321:18":98,"s:322:4:391:Infinity":99,"s:322:17:322:20":100,"s:323:12:323:Infinity":101,"s:326:17:326:Infinity":102,"s:327:17:327:Infinity":103,"s:329:12:329:Infinity":104,"s:330:12:330:Infinity":105,"b:334:6:349:Infinity:339:6:349:Infinity":22,"s:334:6:349:Infinity":106,"s:335:18:335:Infinity":107,"s:336:8:336:Infinity":108,"s:337:8:337:Infinity":109,"s:338:8:338:Infinity":110,"b:339:6:349:Infinity:344:13:349:Infinity":23,"s:339:6:349:Infinity":111,"s:340:14:340:Infinity":112,"s:341:8:341:Infinity":113,"s:342:8:342:Infinity":114,"s:343:8:343:Infinity":115,"s:345:14:345:Infinity":116,"s:346:8:346:Infinity":117,"s:347:8:347:Infinity":118,"s:348:8:348:Infinity":119,"s:352:6:352:Infinity":120,"s:353:6:353:Infinity":121,"s:354:6:354:Infinity":122,"b:358:6:376:Infinity:361:6:376:Infinity":24,"s:358:6:376:Infinity":123,"s:360:8:360:Infinity":124,"b:361:6:376:Infinity:363:6:376:Infinity":25,"s:361:6:376:Infinity":125,"s:362:8:362:Infinity":126,"b:363:6:376:Infinity:371:13:376:Infinity":26,"s:363:6:376:Infinity":127,"s:364:19:364:Infinity":128,"s:365:19:365:Infinity":129,"s:366:19:366:Infinity":130,"s:367:19:367:Infinity":131,"s:368:22:368:Infinity":132,"s:369:21:369:Infinity":133,"s:370:8:370:Infinity":134,"s:373:22:373:Infinity":135,"s:374:22:374:Infinity":136,"s:375:8:375:Infinity":137,"b:379:6:384:Infinity:undefined:undefined:undefined:undefined":27,"s:379:6:384:Infinity":138,"b:379:10:379:30:379:30:379:48":28,"s:380:30:380:Infinity":139,"s:381:8:381:Infinity":140,"s:382:8:382:Infinity":141,"s:383:8:383:Infinity":142,"s:387:6:387:Infinity":143,"s:388:6:388:Infinity":144,"s:389:6:389:Infinity":145,"s:390:6:390:Infinity":146,"b:395:2:434:Infinity:undefined:undefined:undefined:undefined":29,"s:395:2:434:Infinity":147,"s:396:22:396:Infinity":148,"s:397:67:397:Infinity":149,"s:400:4:408:Infinity":150,"s:400:17:400:20":151,"s:401:17:401:Infinity":152,"s:402:17:402:Infinity":153,"s:403:6:407:Infinity":154,"s:411:4:433:Infinity":155,"s:411:17:411:20":156,"s:412:6:432:Infinity":157,"s:412:19:412:22":158,"s:413:14:413:Infinity":159,"s:415:8:431:Infinity":160,"s:416:21:416:Infinity":161,"s:417:21:417:Infinity":162,"s:418:23:418:Infinity":163,"b:420:10:430:Infinity:undefined:undefined:undefined:undefined":30,"s:420:10:430:Infinity":164,"s:422:22:422:Infinity":165,"b:423:12:429:Infinity:undefined:undefined:undefined:undefined":31,"s:423:12:429:Infinity":166,"s:424:32:424:Infinity":167,"s:425:20:425:Infinity":168,"s:426:14:426:Infinity":169,"s:427:14:427:Infinity":170,"s:428:14:428:Infinity":171,"b:437:2:473:Infinity:undefined:undefined:undefined:undefined":32,"s:437:2:473:Infinity":172,"s:438:27:438:Infinity":173,"s:439:23:439:Infinity":174,"s:441:4:472:Infinity":175,"s:441:17:441:20":176,"s:442:21:442:Infinity":177,"s:443:21:443:Infinity":178,"s:444:26:444:Infinity":179,"s:445:25:445:Infinity":180,"s:448:6:471:Infinity":181,"s:448:19:448:22":182,"s:449:8:470:Infinity":183,"s:449:21:449:24":184,"s:450:16:450:Infinity":185,"s:452:21:452:Infinity":186,"s:453:21:453:Infinity":187,"s:454:21:454:Infinity":188,"s:455:21:455:Infinity":189,"s:458:23:458:Infinity":190,"s:459:23:459:Infinity":191,"b:461:10:469:Infinity:undefined:undefined:undefined:undefined":33,"s:461:10:469:Infinity":192,"b:461:14:461:26:461:26:461:48:461:48:461:58":34,"s:462:28:462:Infinity":193,"s:463:31:463:Infinity":194,"s:464:27:464:Infinity":195,"s:466:12:466:Infinity":196,"s:467:12:467:Infinity":197,"s:468:12:468:Infinity":198,"b:476:2:492:Infinity:undefined:undefined:undefined:undefined":35,"s:476:2:492:Infinity":199,"s:477:27:477:Infinity":200,"s:479:4:491:Infinity":201,"s:479:17:479:20":202,"s:480:6:490:Infinity":203,"s:480:19:480:22":204,"s:481:14:481:Infinity":205,"s:484:26:484:Infinity":206,"s:485:26:485:Infinity":207,"s:487:8:487:Infinity":208,"s:488:8:488:Infinity":209,"s:489:8:489:Infinity":210,"b:495:2:516:Infinity:undefined:undefined:undefined:undefined":36,"s:495:2:516:Infinity":211,"b:495:6:495:21:495:21:495:40":37,"s:496:10:496:Infinity":212,"s:498:4:515:Infinity":213,"s:498:17:498:20":214,"s:499:6:514:Infinity":215,"s:499:19:499:22":216,"s:500:14:500:Infinity":217,"s:503:26:503:Infinity":218,"b:505:8:513:Infinity:undefined:undefined:undefined:undefined":38,"s:505:8:513:Infinity":219,"s:506:16:506:Infinity":220,"s:507:34:507:Infinity":221,"s:510:10:510:Infinity":222,"s:511:10:511:Infinity":223,"s:512:10:512:Infinity":224,"b:519:2:528:Infinity:521:9:528:Infinity":39,"s:519:2:528:Infinity":225,"b:519:6:519:31:519:31:519:56":40,"s:520:4:520:Infinity":226,"s:522:23:522:Infinity":227,"s:523:4:523:Infinity":228,"s:524:4:524:Infinity":229,"s:525:20:525:Infinity":230,"s:526:4:526:Infinity":231,"s:527:4:527:Infinity":232,"f:556:16:556:Infinity":10,"s:565:6:565:Infinity":233,"b:562:21:562:Infinity":41,"b:563:18:563:Infinity":42,"b:568:2:571:Infinity:undefined:undefined:undefined:undefined":43,"s:568:2:571:Infinity":234,"s:569:4:569:Infinity":235,"s:570:4:570:Infinity":236,"s:574:17:574:Infinity":237,"b:575:2:579:Infinity:undefined:undefined:undefined:undefined":44,"s:575:2:579:Infinity":238,"b:575:6:575:16:575:16:575:77":45,"s:577:4:577:Infinity":239,"s:578:4:578:Infinity":240,"s:583:4:585:Infinity":241,"b:584:8:584:Infinity:585:8:585:Infinity":46,"b:587:2:593:Infinity:590:9:593:Infinity":47,"s:587:2:593:Infinity":242,"s:588:5:588:Infinity":243,"s:589:5:589:Infinity":244,"s:591:4:591:Infinity":245,"s:592:4:592:Infinity":246,"s:595:18:595:Infinity":247,"s:596:2:596:Infinity":248,"s:599:2:599:Infinity":249,"b:602:2:605:Infinity:undefined:undefined:undefined:undefined":48,"s:602:2:605:Infinity":250,"s:603:21:603:Infinity":251,"s:604:4:604:Infinity":252,"s:607:2:611:Infinity":253,"f:617:16:617:Infinity":11,"s:621:47:621:Infinity":254,"b:621:17:621:28":49,"b:623:2:634:Infinity:625:2:634:Infinity":50,"s:623:2:634:Infinity":255,"s:624:4:624:Infinity":256,"b:625:2:634:Infinity:627:9:634:Infinity":51,"s:625:2:634:Infinity":257,"s:626:4:626:Infinity":258,"s:629:4:633:Infinity":259,"b:632:18:632:43:632:43:632:50":52,"f:644:9:644:32":12,"s:645:15:645:Infinity":260,"s:646:2:653:Infinity":261,"f:659:9:659:18":13,"s:660:17:660:Infinity":262,"s:661:2:667:Infinity":263,"b:662:6:666:Infinity:667:6:667:Infinity":53}}}
}
