TN:
SF:src/colors.ts
FN:108,(anonymous_0)
FN:133,hexToRgb
FN:144,randomBioHue
FN:150,bioGlow
FNF:4
FNH:0
FNDA:0,(anonymous_0)
FNDA:0,hexToRgb
FNDA:0,randomBioHue
FNDA:0,bioGlow
DA:12,0
DA:40,0
DA:72,0
DA:108,0
DA:119,0
DA:134,0
DA:135,0
DA:136,0
DA:145,0
DA:146,0
DA:151,0
LF:11
LH:0
BRDA:135,0,0,0
BRDA:135,0,1,0
BRDA:150,1,0,0
BRDA:150,2,0,0
BRDA:150,3,0,0
BRF:5
BRH:0
end_of_record
TN:
SF:src/eyes.ts
FN:67,createEye
FN:99,updateEye
FN:163,drawEye
FN:246,createEyes
FN:253,updateEyes
FN:267,drawEyes
FNF:6
FNH:0
FNDA:0,createEye
FNDA:0,updateEye
FNDA:0,drawEye
FNDA:0,createEyes
FNDA:0,updateEyes
FNDA:0,drawEyes
DA:68,0
DA:106,0
DA:109,0
DA:110,0
DA:111,0
DA:113,0
DA:114,0
DA:115,0
DA:116,0
DA:119,0
DA:120,0
DA:124,0
DA:125,0
DA:128,0
DA:129,0
DA:131,0
DA:133,0
DA:136,0
DA:139,0
DA:140,0
DA:141,0
DA:142,0
DA:143,0
DA:146,0
DA:148,0
DA:149,0
DA:150,0
DA:176,0
DA:178,0
DA:179,0
DA:182,0
DA:183,0
DA:184,0
DA:186,0
DA:187,0
DA:188,0
DA:189,0
DA:192,0
DA:193,0
DA:194,0
DA:195,0
DA:196,0
DA:197,0
DA:199,0
DA:200,0
DA:201,0
DA:202,0
DA:206,0
DA:207,0
DA:208,0
DA:209,0
DA:212,0
DA:213,0
DA:215,0
DA:216,0
DA:218,0
DA:220,0
DA:221,0
DA:222,0
DA:225,0
DA:226,0
DA:228,0
DA:231,0
DA:232,0
DA:233,0
DA:234,0
DA:235,0
DA:247,0
DA:259,0
DA:260,0
DA:272,0
DA:273,0
LF:72
LH:0
BRDA:71,0,0,0
BRDA:71,0,1,0
BRDA:73,1,0,0
BRDA:73,1,1,0
BRDA:78,2,0,0
BRDA:78,2,1,0
BRDA:103,3,0,0
BRDA:113,4,0,0
BRDA:113,4,1,0
BRDA:128,5,0,0
BRDA:128,5,1,0
BRDA:131,6,0,0
BRDA:131,6,1,0
BRDA:139,7,0,0
BRDA:139,7,1,0
BRDA:148,8,0,0
BRDA:148,8,1,0
BRDA:166,9,0,0
BRDA:174,10,0,0
BRDA:175,11,0,0
BRDA:179,12,0,0
BRDA:179,12,1,0
BRDA:182,13,0,0
BRDA:182,13,1,0
BRDA:182,14,0,0
BRDA:182,14,1,0
BRDA:183,15,0,0
BRDA:183,15,1,0
BRDA:183,16,0,0
BRDA:183,16,1,0
BRDA:184,17,0,0
BRDA:184,17,1,0
BRDA:192,18,0,0
BRDA:192,18,1,0
BRDA:218,19,0,0
BRDA:218,19,1,0
BRDA:231,20,0,0
BRDA:231,20,1,0
BRDA:257,21,0,0
BRF:39
BRH:0
end_of_record
TN:
SF:src/gradients.ts
FN:20,deepWaterBackground
FN:36,material3D
FN:55,radialGlow
FN:75,playerLight
FN:109,lightBeam
FN:124,vignette
FN:141,eyeGlow
FN:169,cssDeepWater
FN:182,cssBioGlow
FN:196,cssCreatureBody
FN:209,cssJellyfishBell
FN:222,cssDistantCreature
FNF:12
FNH:0
FNDA:0,deepWaterBackground
FNDA:0,material3D
FNDA:0,radialGlow
FNDA:0,playerLight
FNDA:0,lightBeam
FNDA:0,vignette
FNDA:0,eyeGlow
FNDA:0,cssDeepWater
FNDA:0,cssBioGlow
FNDA:0,cssCreatureBody
FNDA:0,cssJellyfishBell
FNDA:0,cssDistantCreature
DA:24,0
DA:25,0
DA:26,0
DA:27,0
DA:28,0
DA:29,0
DA:44,0
DA:45,0
DA:46,0
DA:47,0
DA:48,0
DA:63,0
DA:64,0
DA:65,0
DA:66,0
DA:67,0
DA:68,0
DA:82,0
DA:85,0
DA:86,0
DA:87,0
DA:89,0
DA:90,0
DA:91,0
DA:92,0
DA:93,0
DA:97,0
DA:98,0
DA:99,0
DA:100,0
DA:101,0
DA:103,0
DA:114,0
DA:115,0
DA:116,0
DA:117,0
DA:118,0
DA:132,0
DA:133,0
DA:134,0
DA:135,0
DA:148,0
DA:151,0
DA:152,0
DA:153,0
DA:155,0
DA:156,0
DA:157,0
DA:159,0
DA:170,0
DA:183,0
DA:184,0
DA:197,0
DA:210,0
DA:223,0
LF:55
LH:0
BRDA:80,0,0,0
BRDA:130,1,0,0
BRDA:146,2,0,0
BRDA:182,3,0,0
BRDA:196,4,0,0
BRF:5
BRH:0
end_of_record
TN:
SF:src/lighting.ts
FN:30,calculateIllumination
FN:60,calculateDirectionalIllumination
FN:99,drawPlayerLight
FN:174,drawOrganicTexture
FN:200,(anonymous_4)
FN:235,drawCaustics
FNF:6
FNH:0
FNDA:0,calculateIllumination
FNDA:0,calculateDirectionalIllumination
FNDA:0,drawPlayerLight
FNDA:0,drawOrganicTexture
FNDA:0,(anonymous_4)
FNDA:0,drawCaustics
DA:37,0
DA:38,0
DA:39,0
DA:41,0
DA:44,0
DA:45,0
DA:68,0
DA:69,0
DA:72,0
DA:73,0
DA:74,0
DA:77,0
DA:78,0
DA:79,0
DA:81,0
DA:120,0
DA:123,0
DA:126,0
DA:129,0
DA:130,0
DA:131,0
DA:133,0
DA:134,0
DA:135,0
DA:136,0
DA:138,0
DA:139,0
DA:140,0
DA:141,0
DA:145,0
DA:146,0
DA:147,0
DA:148,0
DA:150,0
DA:151,0
DA:152,0
DA:153,0
DA:197,0
DA:200,0
DA:201,0
DA:202,0
DA:205,0
DA:207,0
DA:208,0
DA:209,0
DA:210,0
DA:212,0
DA:213,0
DA:216,0
DA:217,0
DA:219,0
DA:220,0
DA:221,0
DA:222,0
DA:224,0
DA:225,0
DA:226,0
DA:227,0
DA:253,0
DA:255,0
DA:256,0
DA:257,0
DA:259,0
DA:260,0
DA:261,0
DA:263,0
DA:264,0
LF:67
LH:0
BRDA:35,0,0,0
BRDA:41,1,0,0
BRDA:41,1,1,0
BRDA:66,2,0,0
BRDA:69,3,0,0
BRDA:69,3,1,0
BRDA:103,4,0,0
BRDA:104,5,0,0
BRDA:116,6,0,0
BRDA:118,7,0,0
BRDA:119,8,0,0
BRDA:123,9,0,0
BRDA:123,9,1,0
BRDA:178,10,0,0
BRDA:192,11,0,0
BRDA:193,12,0,0
BRDA:194,13,0,0
BRDA:195,14,0,0
BRDA:196,15,0,0
BRDA:209,16,0,0
BRDA:209,16,1,0
BRDA:210,17,0,0
BRDA:210,17,1,0
BRDA:240,18,0,0
BRDA:250,19,0,0
BRDA:251,20,0,0
BRDA:252,21,0,0
BRF:27
BRH:0
end_of_record
TN:
SF:src/motion.ts
FN:63,drift
FN:79,bob
FN:87,pulse
FN:96,waver
FN:123,createSeeker
FN:141,updateSeeker
FN:230,createSeekerSwarm
FN:294,updateSeekerWithDrift
FN:331,updateSeekerSwarm
FN:355,drawBiolumGlow
FN:396,drawSeeker
FN:430,drawSeekerSwarm
FN:443,(anonymous_12)
FN:491,staggerDelay
FNF:14
FNH:0
FNDA:0,drift
FNDA:0,bob
FNDA:0,pulse
FNDA:0,waver
FNDA:0,createSeeker
FNDA:0,updateSeeker
FNDA:0,createSeekerSwarm
FNDA:0,updateSeekerWithDrift
FNDA:0,updateSeekerSwarm
FNDA:0,drawBiolumGlow
FNDA:0,drawSeeker
FNDA:0,drawSeekerSwarm
FNDA:0,(anonymous_12)
FNDA:0,staggerDelay
DA:15,0
DA:41,0
DA:68,0
DA:80,0
DA:88,0
DA:89,0
DA:97,0
DA:124,0
DA:149,0
DA:150,0
DA:151,0
DA:153,0
DA:154,0
DA:156,0
DA:157,0
DA:158,0
DA:159,0
DA:161,0
DA:162,0
DA:163,0
DA:166,0
DA:167,0
DA:168,0
DA:172,0
DA:173,0
DA:174,0
DA:178,0
DA:179,0
DA:180,0
DA:181,0
DA:185,0
DA:186,0
DA:189,0
DA:190,0
DA:193,0
DA:194,0
DA:195,0
DA:196,0
DA:241,0
DA:243,0
DA:245,0
DA:248,0
DA:251,0
DA:252,0
DA:253,0
DA:254,0
DA:255,0
DA:259,0
DA:260,0
DA:261,0
DA:262,0
DA:263,0
DA:264,0
DA:265,0
DA:267,0
DA:270,0
DA:271,0
DA:274,0
DA:288,0
DA:304,0
DA:307,0
DA:308,0
DA:309,0
DA:310,0
DA:312,0
DA:314,0
DA:315,0
DA:316,0
DA:317,0
DA:318,0
DA:320,0
DA:321,0
DA:322,0
DA:340,0
DA:341,0
DA:342,0
DA:344,0
DA:365,0
DA:366,0
DA:367,0
DA:370,0
DA:371,0
DA:372,0
DA:373,0
DA:375,0
DA:376,0
DA:377,0
DA:378,0
DA:381,0
DA:382,0
DA:383,0
DA:384,0
DA:387,0
DA:388,0
DA:389,0
DA:390,0
DA:405,0
DA:407,0
DA:408,0
DA:409,0
DA:410,0
DA:414,0
DA:416,0
DA:440,0
DA:443,0
DA:445,0
DA:446,0
DA:448,0
DA:449,0
DA:450,0
DA:451,0
DA:452,0
DA:455,0
DA:458,0
DA:459,0
DA:471,0
DA:492,0
LF:117
LH:0
BRDA:63,0,0,0
BRDA:63,1,0,0
BRDA:79,2,0,0
BRDA:79,3,0,0
BRDA:87,4,0,0
BRDA:87,5,0,0
BRDA:87,6,0,0
BRDA:96,7,0,0
BRDA:153,8,0,0
BRDA:153,8,1,0
BRDA:154,9,0,0
BRDA:154,9,1,0
BRDA:159,10,0,0
BRDA:159,10,1,0
BRDA:179,11,0,0
BRDA:179,11,1,0
BRDA:193,12,0,0
BRDA:193,12,1,0
BRDA:194,13,0,0
BRDA:194,13,1,0
BRDA:195,14,0,0
BRDA:195,14,1,0
BRDA:196,15,0,0
BRDA:196,15,1,0
BRDA:234,16,0,0
BRDA:237,17,0,0
BRDA:238,18,0,0
BRDA:239,19,0,0
BRDA:240,20,0,0
BRDA:248,21,0,0
BRDA:248,21,1,0
BRDA:248,21,2,0
BRDA:261,22,0,0
BRDA:261,22,1,0
BRDA:261,22,2,0
BRDA:261,22,3,0
BRDA:301,23,0,0
BRDA:307,24,0,0
BRDA:307,24,1,0
BRDA:312,25,0,0
BRDA:312,25,1,0
BRDA:320,26,0,0
BRDA:320,26,1,0
BRDA:338,27,0,0
BRDA:341,28,0,0
BRDA:341,28,1,0
BRDA:365,29,0,0
BRDA:365,29,1,0
BRDA:399,30,0,0
BRDA:407,31,0,0
BRDA:407,31,1,0
BRDA:407,32,0,0
BRDA:407,32,1,0
BRDA:409,33,0,0
BRDA:409,33,1,0
BRDA:414,34,0,0
BRDA:414,34,1,0
BRDA:433,35,0,0
BRDA:440,36,0,0
BRDA:448,37,0,0
BRDA:448,37,1,0
BRDA:448,38,0,0
BRDA:448,38,1,0
BRDA:451,39,0,0
BRDA:451,39,1,0
BRDA:452,40,0,0
BRDA:452,40,1,0
BRDA:491,41,0,0
BRF:68
BRH:0
end_of_record
TN:
SF:src/particles.ts
FN:31,createMarineSnow
FN:32,(anonymous_1)
FN:44,updateMarineSnow
FN:67,drawMarineSnow
FN:88,createDeepParticles
FN:89,(anonymous_5)
FN:102,updateDeepParticles
FN:122,cssMarineSnowParticle
FN:158,htmlMarineSnow
FN:159,(anonymous_9)
FN:215,createBioParticles
FN:216,(anonymous_11)
FN:231,drawBioParticles
FNF:13
FNH:0
FNDA:0,createMarineSnow
FNDA:0,(anonymous_1)
FNDA:0,updateMarineSnow
FNDA:0,drawMarineSnow
FNDA:0,createDeepParticles
FNDA:0,(anonymous_5)
FNDA:0,updateDeepParticles
FNDA:0,cssMarineSnowParticle
FNDA:0,htmlMarineSnow
FNDA:0,(anonymous_9)
FNDA:0,createBioParticles
FNDA:0,(anonymous_11)
FNDA:0,drawBioParticles
DA:32,0
DA:48,0
DA:50,0
DA:51,0
DA:54,0
DA:55,0
DA:56,0
DA:57,0
DA:58,0
DA:59,0
DA:73,0
DA:74,0
DA:75,0
DA:76,0
DA:77,0
DA:89,0
DA:103,0
DA:104,0
DA:105,0
DA:107,0
DA:108,0
DA:109,0
DA:126,0
DA:127,0
DA:128,0
DA:129,0
DA:130,0
DA:132,0
DA:159,0
DA:160,0
DA:161,0
DA:162,0
DA:163,0
DA:166,0
DA:172,0
DA:216,0
DA:238,0
DA:239,0
DA:240,0
DA:241,0
DA:243,0
DA:244,0
DA:247,0
DA:248,0
DA:249,0
DA:250,0
DA:252,0
DA:253,0
DA:254,0
DA:255,0
DA:258,0
DA:259,0
DA:260,0
DA:261,0
LF:54
LH:0
BRDA:31,0,0,0
BRDA:46,1,0,0
BRDA:48,2,0,0
BRDA:48,2,1,0
BRDA:54,3,0,0
BRDA:54,3,1,0
BRDA:54,4,0,0
BRDA:54,4,1,0
BRDA:57,5,0,0
BRDA:57,5,1,0
BRDA:57,6,0,0
BRDA:57,6,1,0
BRDA:88,7,0,0
BRDA:105,8,0,0
BRDA:105,8,1,0
BRDA:107,9,0,0
BRDA:107,9,1,0
BRDA:129,10,0,0
BRDA:129,10,1,0
BRDA:130,11,0,0
BRDA:130,11,1,0
BRDA:158,12,0,0
BRDA:215,13,0,0
BRDA:239,14,0,0
BRDA:239,14,1,0
BRF:25
BRH:0
end_of_record
TN:
SF:src/recipes.ts
FN:48,drawROV
FN:108,(anonymous_1)
FN:112,(anonymous_2)
FN:162,drawLightCone
FN:227,drawJellyfish
FN:328,drawSpecimen
FNF:6
FNH:0
FNDA:0,drawROV
FNDA:0,(anonymous_1)
FNDA:0,(anonymous_2)
FNDA:0,drawLightCone
FNDA:0,drawJellyfish
FNDA:0,drawSpecimen
DA:14,0
DA:61,0
DA:63,0
DA:64,0
DA:65,0
DA:66,0
DA:68,0
DA:69,0
DA:72,0
DA:73,0
DA:76,0
DA:77,0
DA:80,0
DA:81,0
DA:82,0
DA:85,0
DA:88,0
DA:89,0
DA:90,0
DA:91,0
DA:92,0
DA:95,0
DA:96,0
DA:97,0
DA:100,0
DA:101,0
DA:104,0
DA:107,0
DA:108,0
DA:109,0
DA:112,0
DA:113,0
DA:114,0
DA:115,0
DA:116,0
DA:121,0
DA:122,0
DA:123,0
DA:124,0
DA:125,0
DA:126,0
DA:127,0
DA:128,0
DA:129,0
DA:133,0
DA:134,0
DA:137,0
DA:174,0
DA:176,0
DA:177,0
DA:178,0
DA:181,0
DA:182,0
DA:185,0
DA:186,0
DA:187,0
DA:188,0
DA:190,0
DA:191,0
DA:192,0
DA:193,0
DA:194,0
DA:195,0
DA:196,0
DA:197,0
DA:199,0
DA:238,0
DA:240,0
DA:241,0
DA:243,0
DA:244,0
DA:247,0
DA:248,0
DA:249,0
DA:250,0
DA:251,0
DA:252,0
DA:253,0
DA:254,0
DA:257,0
DA:259,0
DA:260,0
DA:261,0
DA:262,0
DA:263,0
DA:265,0
DA:266,0
DA:267,0
DA:268,0
DA:271,0
DA:272,0
DA:273,0
DA:274,0
DA:277,0
DA:278,0
DA:280,0
DA:281,0
DA:282,0
DA:283,0
DA:285,0
DA:286,0
DA:287,0
DA:288,0
DA:290,0
DA:291,0
DA:292,0
DA:293,0
DA:294,0
DA:295,0
DA:296,0
DA:299,0
DA:339,0
DA:341,0
DA:342,0
DA:343,0
DA:345,0
DA:346,0
DA:347,0
DA:350,0
DA:351,0
DA:352,0
DA:353,0
DA:354,0
DA:355,0
DA:357,0
DA:358,0
DA:359,0
DA:360,0
DA:363,0
DA:364,0
DA:365,0
DA:366,0
DA:368,0
DA:369,0
DA:370,0
DA:371,0
DA:373,0
DA:374,0
DA:375,0
DA:376,0
DA:379,0
DA:380,0
DA:381,0
DA:384,0
DA:385,0
DA:386,0
DA:387,0
DA:388,0
DA:389,0
DA:390,0
DA:391,0
DA:392,0
DA:395,0
DA:396,0
DA:397,0
DA:398,0
DA:401,0
DA:402,0
DA:403,0
DA:404,0
DA:405,0
DA:406,0
DA:407,0
DA:408,0
DA:409,0
DA:413,0
DA:414,0
DA:415,0
DA:417,0
DA:419,0
DA:421,0
DA:424,0
DA:425,0
DA:426,0
DA:427,0
DA:429,0
DA:430,0
DA:431,0
DA:432,0
DA:435,0
LF:180
LH:0
BRDA:52,0,0,0
BRDA:53,1,0,0
BRDA:56,2,0,0
BRDA:57,3,0,0
BRDA:58,4,0,0
BRDA:59,5,0,0
BRDA:60,6,0,0
BRDA:107,7,0,0
BRDA:107,7,1,0
BRDA:121,8,0,0
BRDA:121,8,1,0
BRDA:133,9,0,0
BRDA:133,9,1,0
BRDA:168,10,0,0
BRDA:171,11,0,0
BRDA:172,12,0,0
BRDA:173,13,0,0
BRDA:231,14,0,0
BRDA:234,15,0,0
BRDA:235,16,0,0
BRDA:236,17,0,0
BRDA:237,18,0,0
BRDA:332,19,0,0
BRDA:335,20,0,0
BRDA:336,21,0,0
BRDA:337,22,0,0
BRDA:403,23,0,0
BRDA:403,23,1,0
BRDA:407,24,0,0
BRDA:407,24,1,0
BRDA:415,25,0,0
BRDA:415,25,1,0
BRDA:424,26,0,0
BRDA:424,26,1,0
BRF:34
BRH:0
end_of_record
TN:
SF:src/shadows.ts
FN:18,drawOffsetShadow
FN:35,applyShadow
FN:51,clearShadow
FN:66,cssGlow
FN:92,cssJellyfishGlow
FN:102,cssFishGlow
FN:112,cssEyeGlow
FN:122,cssHudGlow
FN:130,cssBreathingGlow
FN:180,drawWithDepth
FNF:10
FNH:0
FNDA:0,drawOffsetShadow
FNDA:0,applyShadow
FNDA:0,clearShadow
FNDA:0,cssGlow
FNDA:0,cssJellyfishGlow
FNDA:0,cssFishGlow
FNDA:0,cssEyeGlow
FNDA:0,cssHudGlow
FNDA:0,cssBreathingGlow
FNDA:0,drawWithDepth
DA:25,0
DA:26,0
DA:27,0
DA:28,0
DA:29,0
DA:42,0
DA:43,0
DA:44,0
DA:45,0
DA:52,0
DA:53,0
DA:54,0
DA:55,0
DA:70,0
DA:75,0
DA:78,0
DA:79,0
DA:81,0
DA:83,0
DA:93,0
DA:103,0
DA:113,0
DA:123,0
DA:131,0
DA:151,0
DA:186,0
DA:189,0
DA:190,0
DA:191,0
DA:192,0
DA:193,0
DA:194,0
DA:198,0
DA:199,0
DA:202,0
DA:203,0
DA:204,0
DA:205,0
DA:206,0
LF:39
LH:0
BRDA:21,0,0,0
BRDA:22,1,0,0
BRDA:23,2,0,0
BRDA:39,3,0,0
BRDA:40,4,0,0
BRDA:68,5,0,0
BRDA:79,6,0,0
BRDA:79,6,1,0
BRDA:189,7,0,0
BRDA:189,7,1,0
BRDA:189,8,0,0
BRDA:189,8,1,0
BRDA:202,9,0,0
BRDA:202,9,1,0
BRF:14
BRH:0
end_of_record
TN:
SF:src/shapes.ts
FN:16,organicRadius
FN:53,drawPanelLines
FN:77,drawGrille
FN:103,drawTether
FN:131,drawLens
FN:163,drawLight
FN:205,drawTrackingEye
FN:255,drawTentacle
FNF:8
FNH:0
FNDA:0,organicRadius
FNDA:0,drawPanelLines
FNDA:0,drawGrille
FNDA:0,drawTether
FNDA:0,drawLens
FNDA:0,drawLight
FNDA:0,drawTrackingEye
FNDA:0,drawTentacle
DA:17,0
DA:23,0
DA:29,0
DA:62,0
DA:63,0
DA:65,0
DA:66,0
DA:67,0
DA:68,0
DA:69,0
DA:70,0
DA:86,0
DA:87,0
DA:89,0
DA:91,0
DA:92,0
DA:93,0
DA:94,0
DA:95,0
DA:96,0
DA:113,0
DA:114,0
DA:115,0
DA:118,0
DA:120,0
DA:121,0
DA:122,0
DA:123,0
DA:125,0
DA:142,0
DA:143,0
DA:144,0
DA:145,0
DA:148,0
DA:149,0
DA:150,0
DA:151,0
DA:154,0
DA:155,0
DA:156,0
DA:157,0
DA:172,0
DA:173,0
DA:174,0
DA:175,0
DA:177,0
DA:178,0
DA:181,0
DA:182,0
DA:183,0
DA:184,0
DA:185,0
DA:186,0
DA:187,0
DA:188,0
DA:191,0
DA:192,0
DA:193,0
DA:194,0
DA:215,0
DA:216,0
DA:217,0
DA:218,0
DA:219,0
DA:220,0
DA:221,0
DA:222,0
DA:223,0
DA:226,0
DA:227,0
DA:228,0
DA:229,0
DA:230,0
DA:233,0
DA:234,0
DA:235,0
DA:236,0
DA:237,0
DA:239,0
DA:240,0
DA:242,0
DA:244,0
DA:247,0
DA:249,0
DA:261,0
DA:263,0
DA:264,0
DA:266,0
DA:267,0
DA:270,0
DA:271,0
DA:272,0
DA:273,0
LF:93
LH:0
BRDA:59,0,0,0
BRDA:60,1,0,0
BRDA:83,2,0,0
BRDA:84,3,0,0
BRDA:110,4,0,0
BRDA:111,5,0,0
BRDA:137,6,0,0
BRDA:138,7,0,0
BRDA:139,8,0,0
BRDA:177,9,0,0
BRDA:177,9,1,0
BRDA:212,10,0,0
BRDA:236,11,0,0
BRDA:236,11,1,0
BRDA:237,12,0,0
BRDA:237,12,1,0
BRDA:242,13,0,0
BRDA:242,13,1,0
BRDA:259,14,0,0
BRDA:261,15,0,0
BRDA:261,15,1,0
BRF:21
BRH:0
end_of_record
TN:
SF:src/surfaces.ts
FN:27,createPermutation
FN:28,(anonymous_1)
FN:39,simplex2D
FN:89,fbm
FN:250,drawOrganicSurface
FN:298,drawMottledBase
FN:422,drawDepthLayer
FN:481,drawOrganicVeins
FN:527,drawOrganicVeinBranch
FN:647,drawSubsurfaceDetail
FN:692,drawFleshLightResponse
FN:776,drawBarnacles
FN:824,drawScarring
FNF:13
FNH:0
FNDA:0,createPermutation
FNDA:0,(anonymous_1)
FNDA:0,simplex2D
FNDA:0,fbm
FNDA:0,drawOrganicSurface
FNDA:0,drawMottledBase
FNDA:0,drawDepthLayer
FNDA:0,drawOrganicVeins
FNDA:0,drawOrganicVeinBranch
FNDA:0,drawSubsurfaceDetail
FNDA:0,drawFleshLightResponse
FNDA:0,drawBarnacles
FNDA:0,drawScarring
DA:19,0
DA:20,0
DA:22,0
DA:28,0
DA:30,0
DA:31,0
DA:32,0
DA:33,0
DA:34,0
DA:36,0
DA:40,0
DA:41,0
DA:42,0
DA:44,0
DA:45,0
DA:46,0
DA:47,0
DA:48,0
DA:50,0
DA:51,0
DA:53,0
DA:54,0
DA:55,0
DA:56,0
DA:58,0
DA:59,0
DA:61,0
DA:62,0
DA:63,0
DA:65,0
DA:67,0
DA:68,0
DA:69,0
DA:70,0
DA:73,0
DA:74,0
DA:75,0
DA:76,0
DA:79,0
DA:80,0
DA:81,0
DA:82,0
DA:85,0
DA:90,0
DA:91,0
DA:92,0
DA:93,0
DA:95,0
DA:96,0
DA:97,0
DA:98,0
DA:99,0
DA:102,0
DA:118,0
DA:175,0
DA:257,0
DA:269,0
DA:271,0
DA:272,0
DA:275,0
DA:278,0
DA:281,0
DA:282,0
DA:286,0
DA:289,0
DA:290,0
DA:309,0
DA:310,0
DA:311,0
DA:313,0
DA:314,0
DA:315,0
DA:318,0
DA:319,0
DA:326,0
DA:327,0
DA:328,0
DA:329,0
DA:330,0
DA:335,0
DA:340,0
DA:341,0
DA:343,0
DA:345,0
DA:346,0
DA:347,0
DA:352,0
DA:354,0
DA:357,0
DA:360,0
DA:362,0
DA:363,0
DA:365,0
DA:366,0
DA:369,0
DA:370,0
DA:374,0
DA:375,0
DA:376,0
DA:377,0
DA:378,0
DA:379,0
DA:380,0
DA:381,0
DA:382,0
DA:383,0
DA:385,0
DA:386,0
DA:387,0
DA:388,0
DA:392,0
DA:393,0
DA:394,0
DA:396,0
DA:397,0
DA:398,0
DA:399,0
DA:400,0
DA:405,0
DA:406,0
DA:409,0
DA:410,0
DA:411,0
DA:412,0
DA:413,0
DA:414,0
DA:431,0
DA:433,0
DA:436,0
DA:437,0
DA:438,0
DA:439,0
DA:440,0
DA:441,0
DA:444,0
DA:446,0
DA:448,0
DA:450,0
DA:451,0
DA:452,0
DA:454,0
DA:455,0
DA:456,0
DA:457,0
DA:459,0
DA:460,0
DA:461,0
DA:462,0
DA:464,0
DA:468,0
DA:490,0
DA:492,0
DA:495,0
DA:497,0
DA:499,0
DA:500,0
DA:501,0
DA:502,0
DA:504,0
DA:505,0
DA:506,0
DA:507,0
DA:509,0
DA:510,0
DA:511,0
DA:512,0
DA:514,0
DA:515,0
DA:516,0
DA:519,0
DA:541,0
DA:544,0
DA:546,0
DA:547,0
DA:548,0
DA:549,0
DA:551,0
DA:553,0
DA:555,0
DA:556,0
DA:559,0
DA:562,0
DA:564,0
DA:565,0
DA:568,0
DA:569,0
DA:572,0
DA:573,0
DA:576,0
DA:579,0
DA:580,0
DA:584,0
DA:585,0
DA:586,0
DA:596,0
DA:599,0
DA:600,0
DA:602,0
DA:603,0
DA:604,0
DA:605,0
DA:606,0
DA:609,0
DA:610,0
DA:611,0
DA:612,0
DA:615,0
DA:618,0
DA:619,0
DA:620,0
DA:621,0
DA:622,0
DA:623,0
DA:626,0
DA:627,0
DA:628,0
DA:629,0
DA:630,0
DA:631,0
DA:634,0
DA:635,0
DA:636,0
DA:637,0
DA:638,0
DA:639,0
DA:655,0
DA:658,0
DA:659,0
DA:660,0
DA:661,0
DA:662,0
DA:664,0
DA:665,0
DA:666,0
DA:669,0
DA:671,0
DA:672,0
DA:673,0
DA:674,0
DA:675,0
DA:677,0
DA:678,0
DA:679,0
DA:680,0
DA:682,0
DA:685,0
DA:705,0
DA:709,0
DA:710,0
DA:711,0
DA:712,0
DA:714,0
DA:715,0
DA:718,0
DA:722,0
DA:723,0
DA:724,0
DA:726,0
DA:727,0
DA:731,0
DA:733,0
DA:734,0
DA:735,0
DA:736,0
DA:737,0
DA:738,0
DA:740,0
DA:742,0
DA:743,0
DA:744,0
DA:745,0
DA:747,0
DA:748,0
DA:751,0
DA:752,0
DA:753,0
DA:754,0
DA:756,0
DA:762,0
DA:766,0
DA:791,0
DA:793,0
DA:795,0
DA:796,0
DA:797,0
DA:798,0
DA:799,0
DA:800,0
DA:803,0
DA:804,0
DA:805,0
DA:806,0
DA:807,0
DA:809,0
DA:810,0
DA:811,0
DA:812,0
DA:814,0
DA:815,0
DA:816,0
DA:817,0
DA:839,0
DA:842,0
DA:843,0
DA:844,0
DA:845,0
DA:848,0
DA:849,0
DA:850,0
DA:853,0
DA:854,0
DA:855,0
DA:856,0
DA:857,0
DA:858,0
DA:859,0
DA:862,0
DA:863,0
DA:864,0
DA:865,0
DA:866,0
DA:867,0
LF:322
LH:0
BRDA:50,0,0,0
BRDA:50,0,1,0
BRDA:51,1,0,0
BRDA:51,1,1,0
BRDA:68,2,0,0
BRDA:68,2,1,0
BRDA:74,3,0,0
BRDA:74,3,1,0
BRDA:80,4,0,0
BRDA:80,4,1,0
BRDA:89,5,0,0
BRDA:254,6,0,0
BRDA:257,7,0,0
BRDA:257,7,1,0
BRDA:260,8,0,0
BRDA:261,9,0,0
BRDA:261,10,0,0
BRDA:261,10,1,0
BRDA:262,11,0,0
BRDA:262,12,0,0
BRDA:262,12,1,0
BRDA:263,13,0,0
BRDA:263,14,0,0
BRDA:263,14,1,0
BRDA:264,15,0,0
BRDA:265,16,0,0
BRDA:268,17,0,0
BRDA:271,18,0,0
BRDA:271,18,1,0
BRDA:281,19,0,0
BRDA:281,19,1,0
BRDA:289,20,0,0
BRDA:289,20,1,0
BRDA:289,21,0,0
BRDA:289,21,1,0
BRDA:318,22,0,0
BRDA:318,22,1,0
BRDA:318,23,0,0
BRDA:318,23,1,0
BRDA:326,24,0,0
BRDA:326,24,1,0
BRDA:343,25,0,0
BRDA:343,25,1,0
BRDA:343,26,0,0
BRDA:343,26,1,0
BRDA:374,27,0,0
BRDA:374,27,1,0
BRDA:379,28,0,0
BRDA:379,28,1,0
BRDA:405,29,0,0
BRDA:405,29,1,0
BRDA:405,30,0,0
BRDA:405,30,1,0
BRDA:446,31,0,0
BRDA:446,31,1,0
BRDA:497,32,0,0
BRDA:497,32,1,0
BRDA:497,32,2,0
BRDA:497,32,3,0
BRDA:541,33,0,0
BRDA:541,33,1,0
BRDA:541,34,0,0
BRDA:541,34,1,0
BRDA:562,35,0,0
BRDA:562,35,1,0
BRDA:572,36,0,0
BRDA:572,36,1,0
BRDA:579,37,0,0
BRDA:579,37,1,0
BRDA:579,38,0,0
BRDA:579,38,1,0
BRDA:579,38,2,0
BRDA:579,38,3,0
BRDA:584,39,0,0
BRDA:584,39,1,0
BRDA:584,40,0,0
BRDA:584,40,1,0
BRDA:584,40,2,0
BRDA:585,41,0,0
BRDA:585,41,1,0
BRDA:596,42,0,0
BRDA:596,42,1,0
BRDA:672,43,0,0
BRDA:672,43,1,0
BRDA:742,44,0,0
BRDA:742,44,1,0
BRDA:781,45,0,0
BRDA:788,46,0,0
BRDA:789,47,0,0
BRDA:790,48,0,0
BRDA:829,49,0,0
BRDA:836,50,0,0
BRDA:837,51,0,0
BRDA:838,52,0,0
BRF:94
BRH:0
end_of_record
TN:
SF:src/core/eyes.ts
FN:67,createEye
FN:99,updateEye
FN:163,drawEye
FN:246,createEyes
FN:253,updateEyes
FN:267,drawEyes
FNF:6
FNH:0
FNDA:0,createEye
FNDA:0,updateEye
FNDA:0,drawEye
FNDA:0,createEyes
FNDA:0,updateEyes
FNDA:0,drawEyes
DA:68,0
DA:106,0
DA:109,0
DA:110,0
DA:111,0
DA:113,0
DA:114,0
DA:115,0
DA:116,0
DA:119,0
DA:120,0
DA:124,0
DA:125,0
DA:128,0
DA:129,0
DA:131,0
DA:133,0
DA:136,0
DA:139,0
DA:140,0
DA:141,0
DA:142,0
DA:143,0
DA:146,0
DA:148,0
DA:149,0
DA:150,0
DA:176,0
DA:178,0
DA:179,0
DA:182,0
DA:183,0
DA:184,0
DA:186,0
DA:187,0
DA:188,0
DA:189,0
DA:192,0
DA:193,0
DA:194,0
DA:195,0
DA:196,0
DA:197,0
DA:199,0
DA:200,0
DA:201,0
DA:202,0
DA:206,0
DA:207,0
DA:208,0
DA:209,0
DA:212,0
DA:213,0
DA:215,0
DA:216,0
DA:218,0
DA:220,0
DA:221,0
DA:222,0
DA:225,0
DA:226,0
DA:228,0
DA:231,0
DA:232,0
DA:233,0
DA:234,0
DA:235,0
DA:247,0
DA:259,0
DA:260,0
DA:272,0
DA:273,0
LF:72
LH:0
BRDA:71,0,0,0
BRDA:71,0,1,0
BRDA:73,1,0,0
BRDA:73,1,1,0
BRDA:78,2,0,0
BRDA:78,2,1,0
BRDA:103,3,0,0
BRDA:113,4,0,0
BRDA:113,4,1,0
BRDA:128,5,0,0
BRDA:128,5,1,0
BRDA:131,6,0,0
BRDA:131,6,1,0
BRDA:139,7,0,0
BRDA:139,7,1,0
BRDA:148,8,0,0
BRDA:148,8,1,0
BRDA:166,9,0,0
BRDA:174,10,0,0
BRDA:175,11,0,0
BRDA:179,12,0,0
BRDA:179,12,1,0
BRDA:182,13,0,0
BRDA:182,13,1,0
BRDA:182,14,0,0
BRDA:182,14,1,0
BRDA:183,15,0,0
BRDA:183,15,1,0
BRDA:183,16,0,0
BRDA:183,16,1,0
BRDA:184,17,0,0
BRDA:184,17,1,0
BRDA:192,18,0,0
BRDA:192,18,1,0
BRDA:218,19,0,0
BRDA:218,19,1,0
BRDA:231,20,0,0
BRDA:231,20,1,0
BRDA:257,21,0,0
BRF:39
BRH:0
end_of_record
TN:
SF:src/core/gradients.ts
FN:16,material3D
FN:35,radialGlow
FN:55,vignette
FNF:3
FNH:3
FNDA:5,material3D
FNDA:6,radialGlow
FNDA:7,vignette
DA:24,5
DA:25,5
DA:26,5
DA:27,5
DA:28,5
DA:43,6
DA:44,6
DA:45,6
DA:46,6
DA:47,6
DA:48,6
DA:63,7
DA:64,7
DA:65,7
DA:66,7
LF:15
LH:15
BRDA:61,0,0,7
BRF:1
BRH:1
end_of_record
TN:
SF:src/core/helpers.ts
FN:6,hexToRgb
FNF:1
FNH:1
FNDA:10,hexToRgb
DA:7,10
DA:8,10
DA:9,7
LF:3
LH:3
BRDA:8,0,0,3
BRDA:8,0,1,7
BRF:2
BRH:2
end_of_record
TN:
SF:src/core/lighting.ts
FN:30,calculateIllumination
FN:60,calculateDirectionalIllumination
FN:99,drawPlayerLight
FN:174,drawOrganicTexture
FN:200,(anonymous_4)
FN:235,drawCaustics
FNF:6
FNH:0
FNDA:0,calculateIllumination
FNDA:0,calculateDirectionalIllumination
FNDA:0,drawPlayerLight
FNDA:0,drawOrganicTexture
FNDA:0,(anonymous_4)
FNDA:0,drawCaustics
DA:37,0
DA:38,0
DA:39,0
DA:41,0
DA:44,0
DA:45,0
DA:68,0
DA:69,0
DA:72,0
DA:73,0
DA:74,0
DA:77,0
DA:78,0
DA:79,0
DA:81,0
DA:120,0
DA:123,0
DA:126,0
DA:129,0
DA:130,0
DA:131,0
DA:133,0
DA:134,0
DA:135,0
DA:136,0
DA:138,0
DA:139,0
DA:140,0
DA:141,0
DA:145,0
DA:146,0
DA:147,0
DA:148,0
DA:150,0
DA:151,0
DA:152,0
DA:153,0
DA:197,0
DA:200,0
DA:201,0
DA:202,0
DA:205,0
DA:207,0
DA:208,0
DA:209,0
DA:210,0
DA:212,0
DA:213,0
DA:216,0
DA:217,0
DA:219,0
DA:220,0
DA:221,0
DA:222,0
DA:224,0
DA:225,0
DA:226,0
DA:227,0
DA:253,0
DA:255,0
DA:256,0
DA:257,0
DA:259,0
DA:260,0
DA:261,0
DA:263,0
DA:264,0
LF:67
LH:0
BRDA:35,0,0,0
BRDA:41,1,0,0
BRDA:41,1,1,0
BRDA:66,2,0,0
BRDA:69,3,0,0
BRDA:69,3,1,0
BRDA:103,4,0,0
BRDA:104,5,0,0
BRDA:116,6,0,0
BRDA:118,7,0,0
BRDA:119,8,0,0
BRDA:123,9,0,0
BRDA:123,9,1,0
BRDA:178,10,0,0
BRDA:192,11,0,0
BRDA:193,12,0,0
BRDA:194,13,0,0
BRDA:195,14,0,0
BRDA:196,15,0,0
BRDA:209,16,0,0
BRDA:209,16,1,0
BRDA:210,17,0,0
BRDA:210,17,1,0
BRDA:240,18,0,0
BRDA:250,19,0,0
BRDA:251,20,0,0
BRDA:252,21,0,0
BRF:27
BRH:0
end_of_record
TN:
SF:src/core/motion.ts
FN:63,drift
FN:79,bob
FN:87,pulse
FN:96,waver
FN:126,createSeeker
FN:144,updateSeeker
FN:236,createSeekerSwarm
FN:300,updateSeekerWithDrift
FN:340,updateSeekerSwarm
FN:364,drawBiolumGlow
FN:405,drawSeeker
FN:442,drawSeekerSwarm
FN:455,(anonymous_12)
FN:503,staggerDelay
FNF:14
FNH:7
FNDA:7,drift
FNDA:14,bob
FNDA:14,pulse
FNDA:7,waver
FNDA:26,createSeeker
FNDA:8,updateSeeker
FNDA:7,createSeekerSwarm
FNDA:0,updateSeekerWithDrift
FNDA:0,updateSeekerSwarm
FNDA:0,drawBiolumGlow
FNDA:0,drawSeeker
FNDA:0,drawSeekerSwarm
FNDA:0,(anonymous_12)
FNDA:0,staggerDelay
DA:15,1
DA:41,1
DA:68,7
DA:80,14
DA:88,14
DA:89,14
DA:97,7
DA:127,26
DA:152,8
DA:153,8
DA:154,8
DA:156,8
DA:157,4
DA:159,1
DA:160,1
DA:161,1
DA:162,3
DA:164,3
DA:165,3
DA:166,3
DA:169,0
DA:170,0
DA:171,0
DA:175,4
DA:176,4
DA:177,4
DA:181,8
DA:182,8
DA:183,3
DA:184,3
DA:188,8
DA:189,8
DA:192,8
DA:193,8
DA:196,8
DA:197,8
DA:198,8
DA:199,8
DA:247,7
DA:249,7
DA:251,7
DA:254,190
DA:257,50
DA:258,50
DA:259,50
DA:260,50
DA:261,50
DA:265,0
DA:266,0
DA:267,0
DA:268,0
DA:269,0
DA:270,0
DA:271,0
DA:273,0
DA:276,140
DA:277,140
DA:280,190
DA:294,7
DA:310,0
DA:313,0
DA:314,0
DA:315,0
DA:316,0
DA:318,0
DA:320,0
DA:321,0
DA:322,0
DA:323,0
DA:324,0
DA:326,0
DA:327,0
DA:328,0
DA:349,0
DA:350,0
DA:351,0
DA:353,0
DA:374,0
DA:375,0
DA:376,0
DA:379,0
DA:380,0
DA:381,0
DA:382,0
DA:384,0
DA:385,0
DA:386,0
DA:387,0
DA:390,0
DA:391,0
DA:392,0
DA:393,0
DA:396,0
DA:397,0
DA:398,0
DA:399,0
DA:414,0
DA:416,0
DA:417,0
DA:418,0
DA:419,0
DA:423,0
DA:425,0
DA:452,0
DA:455,0
DA:457,0
DA:458,0
DA:460,0
DA:461,0
DA:462,0
DA:463,0
DA:464,0
DA:467,0
DA:470,0
DA:471,0
DA:483,1
DA:504,0
LF:117
LH:49
BRDA:63,0,0,7
BRDA:63,1,0,7
BRDA:79,2,0,14
BRDA:79,3,0,14
BRDA:87,4,0,14
BRDA:87,5,0,14
BRDA:87,6,0,14
BRDA:96,7,0,7
BRDA:156,8,0,4
BRDA:156,8,1,4
BRDA:157,9,0,1
BRDA:157,9,1,3
BRDA:162,10,0,3
BRDA:162,10,1,0
BRDA:182,11,0,3
BRDA:182,11,1,5
BRDA:196,12,0,1
BRDA:196,12,1,7
BRDA:197,13,0,0
BRDA:197,13,1,8
BRDA:198,14,0,0
BRDA:198,14,1,8
BRDA:199,15,0,1
BRDA:199,15,1,7
BRDA:240,16,0,7
BRDA:243,17,0,7
BRDA:244,18,0,7
BRDA:245,19,0,7
BRDA:246,20,0,7
BRDA:254,21,0,50
BRDA:254,21,1,0
BRDA:254,21,2,140
BRDA:267,22,0,0
BRDA:267,22,1,0
BRDA:267,22,2,0
BRDA:267,22,3,0
BRDA:307,23,0,0
BRDA:313,24,0,0
BRDA:313,24,1,0
BRDA:318,25,0,0
BRDA:318,25,1,0
BRDA:326,26,0,0
BRDA:326,26,1,0
BRDA:347,27,0,0
BRDA:350,28,0,0
BRDA:350,28,1,0
BRDA:374,29,0,0
BRDA:374,29,1,0
BRDA:408,30,0,0
BRDA:416,31,0,0
BRDA:416,31,1,0
BRDA:416,32,0,0
BRDA:416,32,1,0
BRDA:418,33,0,0
BRDA:418,33,1,0
BRDA:423,34,0,0
BRDA:423,34,1,0
BRDA:445,35,0,0
BRDA:452,36,0,0
BRDA:460,37,0,0
BRDA:460,37,1,0
BRDA:460,38,0,0
BRDA:460,38,1,0
BRDA:463,39,0,0
BRDA:463,39,1,0
BRDA:464,40,0,0
BRDA:464,40,1,0
BRDA:503,41,0,0
BRF:68
BRH:28
end_of_record
TN:
SF:src/core/shadows.ts
FN:16,drawOffsetShadow
FN:33,applyShadow
FN:49,clearShadow
FN:64,cssGlow
FN:90,cssJellyfishGlow
FN:100,cssFishGlow
FN:110,cssEyeGlow
FN:120,cssHudGlow
FN:128,cssBreathingGlow
FN:178,drawWithDepth
FNF:10
FNH:9
FNDA:6,drawOffsetShadow
FNDA:11,applyShadow
FNDA:4,clearShadow
FNDA:9,cssGlow
FNDA:3,cssJellyfishGlow
FNDA:2,cssFishGlow
FNDA:2,cssEyeGlow
FNDA:2,cssHudGlow
FNDA:2,cssBreathingGlow
FNDA:0,drawWithDepth
DA:23,6
DA:24,6
DA:25,6
DA:26,6
DA:27,6
DA:40,11
DA:41,11
DA:42,11
DA:43,11
DA:50,4
DA:51,4
DA:52,4
DA:53,4
DA:68,9
DA:73,9
DA:76,9
DA:77,9
DA:79,8
DA:81,8
DA:91,3
DA:101,2
DA:111,2
DA:121,2
DA:129,2
DA:149,1
DA:184,0
DA:187,0
DA:188,0
DA:189,0
DA:190,0
DA:191,0
DA:192,0
DA:196,0
DA:197,0
DA:200,0
DA:201,0
DA:202,0
DA:203,0
DA:204,0
LF:39
LH:25
BRDA:19,0,0,6
BRDA:20,1,0,6
BRDA:21,2,0,6
BRDA:37,3,0,11
BRDA:38,4,0,11
BRDA:66,5,0,9
BRDA:77,6,0,1
BRDA:77,6,1,8
BRDA:187,7,0,0
BRDA:187,7,1,0
BRDA:187,8,0,0
BRDA:187,8,1,0
BRDA:200,9,0,0
BRDA:200,9,1,0
BRF:14
BRH:8
end_of_record
TN:
SF:src/core/shapes.ts
FN:16,organicRadius
FN:56,drawPanelLines
FN:83,drawGrille
FN:109,drawTether
FN:137,drawLens
FN:169,drawLight
FN:211,drawTrackingEye
FN:261,drawTentacle
FNF:8
FNH:0
FNDA:0,organicRadius
FNDA:0,drawPanelLines
FNDA:0,drawGrille
FNDA:0,drawTether
FNDA:0,drawLens
FNDA:0,drawLight
FNDA:0,drawTrackingEye
FNDA:0,drawTentacle
DA:17,0
DA:23,0
DA:29,0
DA:65,0
DA:66,0
DA:68,0
DA:69,0
DA:70,0
DA:71,0
DA:72,0
DA:73,0
DA:92,0
DA:93,0
DA:95,0
DA:97,0
DA:98,0
DA:99,0
DA:100,0
DA:101,0
DA:102,0
DA:119,0
DA:120,0
DA:121,0
DA:124,0
DA:126,0
DA:127,0
DA:128,0
DA:129,0
DA:131,0
DA:148,0
DA:149,0
DA:150,0
DA:151,0
DA:154,0
DA:155,0
DA:156,0
DA:157,0
DA:160,0
DA:161,0
DA:162,0
DA:163,0
DA:178,0
DA:179,0
DA:180,0
DA:181,0
DA:183,0
DA:184,0
DA:187,0
DA:188,0
DA:189,0
DA:190,0
DA:191,0
DA:192,0
DA:193,0
DA:194,0
DA:197,0
DA:198,0
DA:199,0
DA:200,0
DA:221,0
DA:222,0
DA:223,0
DA:224,0
DA:225,0
DA:226,0
DA:227,0
DA:228,0
DA:229,0
DA:232,0
DA:233,0
DA:234,0
DA:235,0
DA:236,0
DA:239,0
DA:240,0
DA:241,0
DA:242,0
DA:243,0
DA:245,0
DA:246,0
DA:248,0
DA:250,0
DA:253,0
DA:255,0
DA:267,0
DA:269,0
DA:270,0
DA:272,0
DA:273,0
DA:276,0
DA:277,0
DA:278,0
DA:279,0
LF:93
LH:0
BRDA:62,0,0,0
BRDA:63,1,0,0
BRDA:89,2,0,0
BRDA:90,3,0,0
BRDA:116,4,0,0
BRDA:117,5,0,0
BRDA:143,6,0,0
BRDA:144,7,0,0
BRDA:145,8,0,0
BRDA:183,9,0,0
BRDA:183,9,1,0
BRDA:218,10,0,0
BRDA:242,11,0,0
BRDA:242,11,1,0
BRDA:243,12,0,0
BRDA:243,12,1,0
BRDA:248,13,0,0
BRDA:248,13,1,0
BRDA:265,14,0,0
BRDA:267,15,0,0
BRDA:267,15,1,0
BRF:21
BRH:0
end_of_record
TN:
SF:src/scenes/base-scene.ts
FN:14,(anonymous_0)
FN:35,(anonymous_1)
FN:42,(anonymous_2)
FN:46,(anonymous_3)
FN:76,(anonymous_4)
FN:88,(anonymous_5)
FN:95,(anonymous_6)
FN:102,(anonymous_7)
FN:107,(anonymous_8)
FN:116,(anonymous_9)
FN:127,(anonymous_10)
FN:140,(anonymous_11)
FN:150,(anonymous_12)
FNF:13
FNH:0
FNDA:0,(anonymous_0)
FNDA:0,(anonymous_1)
FNDA:0,(anonymous_2)
FNDA:0,(anonymous_3)
FNDA:0,(anonymous_4)
FNDA:0,(anonymous_5)
FNDA:0,(anonymous_6)
FNDA:0,(anonymous_7)
FNDA:0,(anonymous_8)
FNDA:0,(anonymous_9)
FNDA:0,(anonymous_10)
FNDA:0,(anonymous_11)
FNDA:0,(anonymous_12)
DA:27,0
DA:28,0
DA:36,0
DA:37,0
DA:38,0
DA:41,0
DA:42,0
DA:43,0
DA:46,0
DA:47,0
DA:48,0
DA:49,0
DA:52,0
DA:53,0
DA:58,0
DA:61,0
DA:77,0
DA:78,0
DA:79,0
DA:80,0
DA:108,0
DA:109,0
DA:111,0
DA:114,0
DA:115,0
DA:116,0
DA:117,0
DA:118,0
DA:120,0
DA:128,0
DA:141,0
DA:151,0
LF:32
LH:0
BRDA:52,0,0,0
BRDA:52,0,1,0
BRDA:108,1,0,0
BRDA:108,1,1,0
BRDA:114,2,0,0
BRDA:114,2,1,0
BRDA:128,3,0,0
BRDA:128,3,1,0
BRDA:141,4,0,0
BRDA:141,4,1,0
BRDA:151,5,0,0
BRDA:151,5,1,0
BRF:12
BRH:0
end_of_record
TN:
SF:src/scenes/types.ts
FNF:0
FNH:0
LF:0
LH:0
BRF:0
BRH:0
end_of_record
TN:
SF:src/scenes/themes/deep-sea/giant-squid.ts
FN:44,(anonymous_0)
FN:62,(anonymous_1)
FN:68,(anonymous_2)
FN:72,(anonymous_3)
FN:77,(anonymous_4)
FN:91,(anonymous_5)
FN:233,(anonymous_6)
FNF:7
FNH:0
FNDA:0,(anonymous_0)
FNDA:0,(anonymous_1)
FNDA:0,(anonymous_2)
FNDA:0,(anonymous_3)
FNDA:0,(anonymous_4)
FNDA:0,(anonymous_5)
FNDA:0,(anonymous_6)
DA:44,0
DA:45,0
DA:46,0
DA:47,0
DA:53,0
DA:54,0
DA:60,0
DA:64,0
DA:65,0
DA:74,0
DA:78,0
DA:79,0
DA:80,0
DA:93,0
DA:94,0
DA:97,0
DA:98,0
DA:100,0
DA:101,0
DA:104,0
DA:107,0
DA:108,0
DA:109,0
DA:110,0
DA:113,0
DA:115,0
DA:119,0
DA:120,0
DA:122,0
DA:123,0
DA:124,0
DA:127,0
DA:128,0
DA:131,0
DA:132,0
DA:133,0
DA:134,0
DA:136,0
DA:137,0
DA:139,0
DA:140,0
DA:141,0
DA:142,0
DA:146,0
DA:147,0
DA:150,0
DA:152,0
DA:155,0
DA:156,0
DA:157,0
DA:160,0
DA:161,0
DA:164,0
DA:165,0
DA:166,0
DA:167,0
DA:170,0
DA:171,0
DA:172,0
DA:173,0
DA:176,0
DA:177,0
DA:178,0
DA:179,0
DA:180,0
DA:184,0
DA:185,0
DA:186,0
DA:188,0
DA:189,0
DA:190,0
DA:191,0
DA:194,0
DA:195,0
DA:196,0
DA:197,0
DA:200,0
DA:201,0
DA:202,0
DA:203,0
DA:204,0
DA:205,0
DA:206,0
DA:210,0
DA:211,0
DA:212,0
DA:213,0
DA:214,0
DA:216,0
DA:217,0
DA:218,0
DA:220,0
DA:221,0
DA:225,0
DA:229,0
DA:234,0
DA:235,0
DA:238,0
DA:239,0
DA:242,0
DA:243,0
DA:244,0
DA:245,0
DA:246,0
DA:249,0
DA:250,0
DA:251,0
DA:252,0
DA:253,0
DA:254,0
DA:257,0
DA:258,0
DA:259,0
DA:260,0
DA:264,0
DA:265,0
DA:269,0
DA:270,0
DA:271,0
DA:272,0
DA:273,0
DA:274,0
DA:275,0
DA:279,0
DA:280,0
DA:284,0
DA:287,0
DA:291,0
DA:292,0
DA:293,0
DA:294,0
DA:296,0
DA:300,0
LF:133
LH:0
BRDA:127,0,0,0
BRDA:127,0,1,0
BRDA:127,1,0,0
BRDA:127,1,1,0
BRDA:128,2,0,0
BRDA:128,2,1,0
BRDA:128,3,0,0
BRDA:128,3,1,0
BRDA:150,4,0,0
BRDA:150,4,1,0
BRDA:150,5,0,0
BRDA:150,5,1,0
BRDA:186,6,0,0
BRDA:186,6,1,0
BRDA:186,7,0,0
BRDA:186,7,1,0
BRDA:214,8,0,0
BRDA:214,8,1,0
BRDA:214,9,0,0
BRDA:214,9,1,0
BRDA:252,10,0,0
BRDA:252,10,1,0
BRDA:264,11,0,0
BRDA:264,11,1,0
BRDA:264,12,0,0
BRDA:264,12,1,0
BRDA:264,12,2,0
BRDA:279,13,0,0
BRDA:279,13,1,0
BRF:29
BRH:0
end_of_record
TN:
SF:src/scenes/themes/deep-sea/leviathan.ts
FN:49,(anonymous_0)
FN:71,(anonymous_1)
FN:90,(anonymous_2)
FN:96,(anonymous_3)
FN:111,(anonymous_4)
FN:401,(anonymous_5)
FNF:6
FNH:0
FNDA:0,(anonymous_0)
FNDA:0,(anonymous_1)
FNDA:0,(anonymous_2)
FNDA:0,(anonymous_3)
FNDA:0,(anonymous_4)
FNDA:0,(anonymous_5)
DA:49,0
DA:50,0
DA:51,0
DA:53,0
DA:58,0
DA:59,0
DA:69,0
DA:73,0
DA:74,0
DA:75,0
DA:86,0
DA:87,0
DA:92,0
DA:93,0
DA:97,0
DA:98,0
DA:101,0
DA:102,0
DA:105,0
DA:106,0
DA:107,0
DA:108,0
DA:111,0
DA:113,0
DA:114,0
DA:115,0
DA:116,0
DA:117,0
DA:118,0
DA:121,0
DA:122,0
DA:123,0
DA:124,0
DA:125,0
DA:126,0
DA:127,0
DA:128,0
DA:133,0
DA:134,0
DA:135,0
DA:136,0
DA:139,0
DA:140,0
DA:141,0
DA:142,0
DA:143,0
DA:144,0
DA:145,0
DA:146,0
DA:148,0
DA:151,0
DA:155,0
DA:156,0
DA:157,0
DA:158,0
DA:159,0
DA:160,0
DA:161,0
DA:165,0
DA:166,0
DA:167,0
DA:170,0
DA:174,0
DA:177,0
DA:178,0
DA:179,0
DA:180,0
DA:184,0
DA:187,0
DA:188,0
DA:192,0
DA:193,0
DA:194,0
DA:195,0
DA:196,0
DA:197,0
DA:200,0
DA:202,0
DA:205,0
DA:206,0
DA:207,0
DA:208,0
DA:211,0
DA:212,0
DA:213,0
DA:214,0
DA:215,0
DA:216,0
DA:217,0
DA:218,0
DA:219,0
DA:220,0
DA:222,0
DA:226,0
DA:227,0
DA:228,0
DA:229,0
DA:235,0
DA:241,0
DA:244,0
DA:245,0
DA:247,0
DA:255,0
DA:256,0
DA:259,0
DA:260,0
DA:266,0
DA:270,0
DA:271,0
DA:272,0
DA:273,0
DA:274,0
DA:277,0
DA:278,0
DA:281,0
DA:282,0
DA:283,0
DA:286,0
DA:287,0
DA:288,0
DA:290,0
DA:291,0
DA:292,0
DA:294,0
DA:297,0
DA:305,0
DA:308,0
DA:309,0
DA:310,0
DA:311,0
DA:313,0
DA:314,0
DA:315,0
DA:316,0
DA:317,0
DA:318,0
DA:319,0
DA:321,0
DA:322,0
DA:323,0
DA:324,0
DA:328,0
DA:329,0
DA:330,0
DA:331,0
DA:333,0
DA:335,0
DA:338,0
DA:339,0
DA:341,0
DA:342,0
DA:343,0
DA:344,0
DA:345,0
DA:346,0
DA:347,0
DA:348,0
DA:351,0
DA:354,0
DA:355,0
DA:356,0
DA:357,0
DA:358,0
DA:363,0
DA:364,0
DA:365,0
DA:369,0
DA:370,0
DA:371,0
DA:372,0
DA:373,0
DA:374,0
DA:375,0
DA:376,0
DA:379,0
DA:380,0
DA:381,0
DA:382,0
DA:383,0
DA:384,0
DA:385,0
DA:389,0
DA:393,0
DA:394,0
DA:395,0
DA:396,0
DA:398,0
DA:406,0
LF:188
LH:0
BRDA:105,0,0,0
BRDA:105,0,1,0
BRDA:106,1,0,0
BRDA:106,1,1,0
BRDA:106,1,2,0
BRDA:106,1,3,0
BRDA:107,2,0,0
BRDA:107,2,1,0
BRDA:108,3,0,0
BRDA:108,3,1,0
BRDA:121,4,0,0
BRDA:121,4,1,0
BRDA:124,5,0,0
BRDA:124,5,1,0
BRDA:124,6,0,0
BRDA:124,6,1,0
BRDA:133,7,0,0
BRDA:133,7,1,0
BRDA:134,8,0,0
BRDA:134,8,1,0
BRDA:135,9,0,0
BRDA:135,9,1,0
BRDA:136,10,0,0
BRDA:136,10,1,0
BRDA:142,11,0,0
BRDA:142,11,1,0
BRDA:142,12,0,0
BRDA:142,12,1,0
BRDA:165,13,0,0
BRDA:165,13,1,0
BRDA:180,14,0,0
BRDA:180,14,1,0
BRDA:202,15,0,0
BRDA:202,15,1,0
BRDA:211,16,0,0
BRDA:211,16,1,0
BRDA:247,17,0,0
BRDA:247,17,1,0
BRDA:277,18,0,0
BRDA:277,18,1,0
BRDA:286,19,0,0
BRDA:286,19,1,0
BRDA:287,20,0,0
BRDA:287,20,1,0
BRDA:288,21,0,0
BRDA:288,21,1,0
BRDA:292,22,0,0
BRDA:292,22,1,0
BRDA:308,23,0,0
BRDA:308,23,1,0
BRDA:337,24,0,0
BRDA:337,24,1,0
BRDA:337,25,0,0
BRDA:337,25,1,0
BRDA:339,26,0,0
BRDA:339,26,1,0
BRDA:354,27,0,0
BRDA:354,27,1,0
BRDA:363,28,0,0
BRDA:363,28,1,0
BRF:60
BRH:0
end_of_record
TN:
SF:src/scenes/themes/deep-sea/rov-exterior.ts
FN:28,(anonymous_0)
FN:66,(anonymous_1)
FN:80,(anonymous_2)
FN:84,(anonymous_3)
FN:156,(anonymous_4)
FN:162,(anonymous_5)
FN:170,(anonymous_6)
FN:178,(anonymous_7)
FN:190,(anonymous_8)
FN:203,(anonymous_9)
FN:220,(anonymous_10)
FN:246,(anonymous_11)
FN:258,(anonymous_12)
FNF:13
FNH:0
FNDA:0,(anonymous_0)
FNDA:0,(anonymous_1)
FNDA:0,(anonymous_2)
FNDA:0,(anonymous_3)
FNDA:0,(anonymous_4)
FNDA:0,(anonymous_5)
FNDA:0,(anonymous_6)
FNDA:0,(anonymous_7)
FNDA:0,(anonymous_8)
FNDA:0,(anonymous_9)
FNDA:0,(anonymous_10)
FNDA:0,(anonymous_11)
FNDA:0,(anonymous_12)
DA:28,0
DA:29,0
DA:30,0
DA:32,0
DA:37,0
DA:38,0
DA:41,0
DA:48,0
DA:55,0
DA:64,0
DA:68,0
DA:69,0
DA:70,0
DA:85,0
DA:86,0
DA:89,0
DA:90,0
DA:91,0
DA:92,0
DA:93,0
DA:94,0
DA:95,0
DA:98,0
DA:99,0
DA:100,0
DA:101,0
DA:102,0
DA:103,0
DA:104,0
DA:108,0
DA:109,0
DA:110,0
DA:111,0
DA:112,0
DA:114,0
DA:115,0
DA:116,0
DA:117,0
DA:121,0
DA:122,0
DA:123,0
DA:124,0
DA:127,0
DA:128,0
DA:129,0
DA:131,0
DA:132,0
DA:133,0
DA:134,0
DA:136,0
DA:137,0
DA:138,0
DA:139,0
DA:140,0
DA:141,0
DA:142,0
DA:143,0
DA:144,0
DA:147,0
DA:148,0
DA:149,0
DA:150,0
DA:151,0
DA:153,0
DA:163,0
DA:171,0
DA:172,0
DA:173,0
DA:174,0
DA:175,0
DA:179,0
DA:180,0
DA:181,0
DA:182,0
DA:183,0
DA:184,0
DA:185,0
DA:186,0
DA:191,0
DA:192,0
DA:193,0
DA:194,0
DA:195,0
DA:196,0
DA:197,0
DA:198,0
DA:199,0
DA:204,0
DA:205,0
DA:206,0
DA:207,0
DA:209,0
DA:210,0
DA:211,0
DA:212,0
DA:214,0
DA:215,0
DA:216,0
DA:217,0
DA:221,0
DA:222,0
DA:223,0
DA:224,0
DA:226,0
DA:227,0
DA:230,0
DA:231,0
DA:232,0
DA:233,0
DA:234,0
DA:235,0
DA:236,0
DA:237,0
DA:239,0
DA:240,0
DA:241,0
DA:242,0
DA:247,0
DA:248,0
DA:249,0
DA:250,0
DA:251,0
DA:252,0
DA:253,0
DA:254,0
DA:255,0
DA:259,0
DA:260,0
DA:262,0
DA:263,0
DA:264,0
DA:266,0
DA:267,0
DA:270,0
DA:271,0
DA:274,0
DA:275,0
DA:278,0
DA:279,0
DA:280,0
DA:283,0
DA:286,0
DA:287,0
DA:288,0
DA:289,0
DA:292,0
DA:293,0
DA:294,0
DA:297,0
DA:298,0
DA:301,0
DA:304,0
DA:305,0
DA:308,0
DA:309,0
DA:310,0
DA:311,0
DA:312,0
DA:313,0
DA:314,0
DA:315,0
DA:318,0
DA:320,0
DA:324,0
LF:164
LH:0
BRDA:110,0,0,0
BRDA:110,0,1,0
BRDA:226,1,0,0
BRDA:226,1,1,0
BRF:4
BRH:0
end_of_record
TN:
SF:src/scenes/themes/deep-sea/seekers.ts
FN:36,(anonymous_0)
FN:63,(anonymous_1)
FN:89,(anonymous_2)
FN:161,(anonymous_3)
FNF:4
FNH:0
FNDA:0,(anonymous_0)
FNDA:0,(anonymous_1)
FNDA:0,(anonymous_2)
FNDA:0,(anonymous_3)
DA:36,0
DA:37,0
DA:38,0
DA:40,0
DA:50,0
DA:51,0
DA:52,0
DA:53,0
DA:54,0
DA:65,0
DA:67,0
DA:71,0
DA:80,0
DA:82,0
DA:83,0
DA:90,0
DA:91,0
DA:98,0
DA:99,0
DA:106,0
DA:111,0
DA:122,0
DA:134,0
DA:135,0
DA:139,0
DA:140,0
DA:143,0
DA:144,0
DA:151,0
DA:152,0
DA:155,0
DA:163,0
DA:164,0
DA:169,0
LF:34
LH:0
BRDA:134,0,0,0
BRDA:134,0,1,0
BRF:2
BRH:0
end_of_record
TN:
SF:src/scenes/themes/deep-sea/shadows.ts
FN:44,(anonymous_0)
FN:59,(anonymous_1)
FN:78,(anonymous_2)
FN:90,(anonymous_3)
FN:96,(anonymous_4)
FN:153,(anonymous_5)
FN:181,(anonymous_6)
FN:203,(anonymous_7)
FNF:8
FNH:0
FNDA:0,(anonymous_0)
FNDA:0,(anonymous_1)
FNDA:0,(anonymous_2)
FNDA:0,(anonymous_3)
FNDA:0,(anonymous_4)
FNDA:0,(anonymous_5)
FNDA:0,(anonymous_6)
FNDA:0,(anonymous_7)
DA:44,0
DA:45,0
DA:46,0
DA:47,0
DA:53,0
DA:54,0
DA:55,0
DA:56,0
DA:57,0
DA:61,0
DA:64,0
DA:65,0
DA:75,0
DA:80,0
DA:81,0
DA:86,0
DA:92,0
DA:93,0
DA:97,0
DA:98,0
DA:101,0
DA:102,0
DA:103,0
DA:104,0
DA:105,0
DA:106,0
DA:109,0
DA:112,0
DA:113,0
DA:117,0
DA:118,0
DA:119,0
DA:120,0
DA:121,0
DA:122,0
DA:123,0
DA:127,0
DA:128,0
DA:129,0
DA:130,0
DA:131,0
DA:132,0
DA:134,0
DA:135,0
DA:136,0
DA:137,0
DA:141,0
DA:145,0
DA:146,0
DA:147,0
DA:148,0
DA:150,0
DA:154,0
DA:156,0
DA:159,0
DA:160,0
DA:161,0
DA:177,0
DA:178,0
DA:186,0
DA:187,0
DA:190,0
DA:191,0
DA:192,0
DA:193,0
DA:194,0
DA:197,0
DA:198,0
DA:200,0
DA:208,0
DA:211,0
DA:213,0
DA:214,0
DA:215,0
DA:218,0
DA:221,0
DA:222,0
DA:223,0
DA:227,0
DA:228,0
DA:230,0
DA:231,0
DA:233,0
DA:234,0
DA:236,0
DA:237,0
DA:241,0
DA:242,0
DA:243,0
DA:244,0
DA:248,0
DA:249,0
DA:253,0
DA:254,0
DA:256,0
DA:257,0
DA:258,0
DA:260,0
DA:261,0
DA:264,0
DA:265,0
DA:266,0
DA:267,0
DA:269,0
DA:270,0
DA:271,0
DA:272,0
DA:273,0
DA:275,0
DA:278,0
DA:281,0
DA:288,0
DA:289,0
DA:290,0
DA:291,0
DA:292,0
DA:293,0
DA:296,0
DA:297,0
DA:298,0
DA:299,0
DA:300,0
DA:303,0
DA:304,0
DA:305,0
DA:307,0
DA:308,0
DA:310,0
DA:312,0
DA:315,0
DA:319,0
DA:320,0
DA:321,0
DA:322,0
DA:323,0
DA:324,0
DA:325,0
DA:326,0
DA:327,0
DA:330,0
DA:337,0
LF:141
LH:0
BRDA:81,0,0,0
BRDA:81,0,1,0
BRDA:82,1,0,0
BRDA:82,1,1,0
BRDA:82,1,2,0
BRDA:112,2,0,0
BRDA:112,2,1,0
BRDA:130,3,0,0
BRDA:130,3,1,0
BRDA:186,4,0,0
BRDA:186,4,1,0
BRDA:197,5,0,0
BRDA:197,5,1,0
BRDA:221,6,0,0
BRDA:221,6,1,0
BRDA:227,7,0,0
BRDA:227,7,1,0
BRDA:230,8,0,0
BRDA:230,8,1,0
BRDA:233,9,0,0
BRDA:233,9,1,0
BRDA:236,10,0,0
BRDA:236,10,1,0
BRDA:242,11,0,0
BRDA:242,11,1,0
BRDA:272,12,0,0
BRDA:272,12,1,0
BRF:27
BRH:0
end_of_record
TN:
SF:src/scenes/themes/deep-sea/wall.ts
FN:58,(anonymous_0)
FN:95,(anonymous_1)
FN:126,(anonymous_2)
FN:131,(anonymous_3)
FN:203,(anonymous_4)
FN:239,(anonymous_5)
FN:245,(anonymous_6)
FN:246,(anonymous_7)
FN:256,(anonymous_8)
FN:295,(anonymous_9)
FN:309,(anonymous_10)
FN:487,(anonymous_11)
FNF:12
FNH:0
FNDA:0,(anonymous_0)
FNDA:0,(anonymous_1)
FNDA:0,(anonymous_2)
FNDA:0,(anonymous_3)
FNDA:0,(anonymous_4)
FNDA:0,(anonymous_5)
FNDA:0,(anonymous_6)
FNDA:0,(anonymous_7)
FNDA:0,(anonymous_8)
FNDA:0,(anonymous_9)
FNDA:0,(anonymous_10)
FNDA:0,(anonymous_11)
DA:58,0
DA:59,0
DA:60,0
DA:62,0
DA:67,0
DA:68,0
DA:69,0
DA:70,0
DA:73,0
DA:80,0
DA:90,0
DA:91,0
DA:92,0
DA:93,0
DA:97,0
DA:100,0
DA:101,0
DA:102,0
DA:114,0
DA:115,0
DA:116,0
DA:128,0
DA:132,0
DA:133,0
DA:136,0
DA:137,0
DA:143,0
DA:150,0
DA:152,0
DA:153,0
DA:154,0
DA:155,0
DA:156,0
DA:157,0
DA:158,0
DA:159,0
DA:160,0
DA:161,0
DA:162,0
DA:166,0
DA:167,0
DA:168,0
DA:169,0
DA:170,0
DA:171,0
DA:172,0
DA:173,0
DA:177,0
DA:178,0
DA:179,0
DA:182,0
DA:183,0
DA:184,0
DA:185,0
DA:186,0
DA:188,0
DA:189,0
DA:190,0
DA:195,0
DA:196,0
DA:199,0
DA:200,0
DA:201,0
DA:202,0
DA:203,0
DA:204,0
DA:206,0
DA:210,0
DA:212,0
DA:216,0
DA:217,0
DA:218,0
DA:219,0
DA:220,0
DA:221,0
DA:223,0
DA:224,0
DA:225,0
DA:226,0
DA:230,0
DA:231,0
DA:232,0
DA:233,0
DA:234,0
DA:236,0
DA:246,0
DA:247,0
DA:248,0
DA:249,0
DA:250,0
DA:251,0
DA:253,0
DA:257,0
DA:258,0
DA:259,0
DA:260,0
DA:261,0
DA:262,0
DA:263,0
DA:264,0
DA:265,0
DA:266,0
DA:267,0
DA:268,0
DA:269,0
DA:270,0
DA:271,0
DA:272,0
DA:273,0
DA:274,0
DA:275,0
DA:276,0
DA:277,0
DA:278,0
DA:279,0
DA:280,0
DA:282,0
DA:283,0
DA:284,0
DA:285,0
DA:287,0
DA:288,0
DA:289,0
DA:290,0
DA:292,0
DA:296,0
DA:297,0
DA:298,0
DA:299,0
DA:300,0
DA:301,0
DA:302,0
DA:303,0
DA:304,0
DA:306,0
DA:315,0
DA:318,0
DA:319,0
DA:320,0
DA:321,0
DA:322,0
DA:323,0
DA:324,0
DA:325,0
DA:327,0
DA:328,0
DA:329,0
DA:330,0
DA:331,0
DA:332,0
DA:337,0
DA:338,0
DA:339,0
DA:340,0
DA:341,0
DA:342,0
DA:343,0
DA:344,0
DA:345,0
DA:346,0
DA:348,0
DA:349,0
DA:350,0
DA:351,0
DA:354,0
DA:355,0
DA:356,0
DA:358,0
DA:359,0
DA:360,0
DA:361,0
DA:362,0
DA:365,0
DA:367,0
DA:370,0
DA:371,0
DA:373,0
DA:374,0
DA:375,0
DA:380,0
DA:382,0
DA:383,0
DA:384,0
DA:385,0
DA:387,0
DA:388,0
DA:389,0
DA:390,0
DA:392,0
DA:393,0
DA:394,0
DA:395,0
DA:397,0
DA:398,0
DA:399,0
DA:403,0
DA:404,0
DA:406,0
DA:407,0
DA:408,0
DA:409,0
DA:410,0
DA:412,0
DA:413,0
DA:415,0
DA:416,0
DA:417,0
DA:419,0
DA:420,0
DA:424,0
DA:425,0
DA:426,0
DA:427,0
DA:428,0
DA:430,0
DA:431,0
DA:432,0
DA:433,0
DA:434,0
DA:437,0
DA:438,0
DA:439,0
DA:440,0
DA:441,0
DA:442,0
DA:445,0
DA:446,0
DA:447,0
DA:448,0
DA:449,0
DA:450,0
DA:453,0
DA:454,0
DA:455,0
DA:456,0
DA:457,0
DA:458,0
DA:463,0
DA:464,0
DA:465,0
DA:469,0
DA:470,0
DA:471,0
DA:472,0
DA:473,0
DA:475,0
DA:476,0
DA:480,0
DA:481,0
DA:482,0
DA:483,0
DA:497,0
DA:499,0
DA:502,0
DA:503,0
DA:504,0
DA:505,0
DA:506,0
DA:507,0
DA:508,0
DA:509,0
DA:510,0
DA:511,0
DA:512,0
DA:513,0
DA:516,0
DA:517,0
DA:518,0
DA:519,0
DA:522,0
DA:523,0
DA:524,0
DA:525,0
DA:526,0
DA:528,0
DA:529,0
DA:531,0
DA:533,0
DA:536,0
DA:538,0
DA:542,0
LF:281
LH:0
BRDA:136,0,0,0
BRDA:136,0,1,0
BRDA:138,1,0,0
BRDA:138,1,1,0
BRDA:138,2,0,0
BRDA:138,2,1,0
BRDA:139,3,0,0
BRDA:139,3,1,0
BRDA:139,4,0,0
BRDA:139,4,1,0
BRDA:150,5,0,0
BRDA:150,5,1,0
BRDA:150,6,0,0
BRDA:150,6,1,0
BRDA:183,7,0,0
BRDA:183,7,1,0
BRDA:188,8,0,0
BRDA:188,8,1,0
BRDA:195,9,0,0
BRDA:195,9,1,0
BRDA:199,10,0,0
BRDA:199,10,1,0
BRDA:201,11,0,0
BRDA:201,11,1,0
BRDA:201,12,0,0
BRDA:201,12,1,0
BRDA:210,13,0,0
BRDA:210,13,1,0
BRDA:219,14,0,0
BRDA:219,14,1,0
BRDA:263,15,0,0
BRDA:263,15,1,0
BRDA:264,16,0,0
BRDA:264,16,1,0
BRDA:278,17,0,0
BRDA:278,17,1,0
BRDA:283,18,0,0
BRDA:283,18,1,0
BRDA:288,19,0,0
BRDA:288,19,1,0
BRDA:295,20,0,0
BRDA:318,21,0,0
BRDA:318,21,1,0
BRDA:318,22,0,0
BRDA:318,22,1,0
BRDA:318,22,2,0
BRDA:337,23,0,0
BRDA:337,23,1,0
BRDA:342,24,0,0
BRDA:342,24,1,0
BRDA:380,25,0,0
BRDA:380,25,1,0
BRDA:380,25,2,0
BRDA:380,25,3,0
BRDA:417,26,0,0
BRDA:417,26,1,0
BRDA:420,27,0,0
BRDA:420,27,1,0
BRDA:420,28,0,0
BRDA:420,28,1,0
BRDA:420,28,2,0
BRDA:420,28,3,0
BRDA:463,29,0,0
BRDA:463,29,1,0
BRDA:463,30,0,0
BRDA:463,30,1,0
BRDA:497,31,0,0
BRDA:497,31,1,0
BRDA:525,32,0,0
BRDA:525,32,1,0
BRDA:526,33,0,0
BRDA:526,33,1,0
BRDA:531,34,0,0
BRDA:531,34,1,0
BRF:74
BRH:0
end_of_record
TN:
SF:src/scenes/utilities/animation-loop.ts
FN:14,(anonymous_0)
FN:63,(anonymous_1)
FN:21,(anonymous_2)
FN:33,(anonymous_3)
FN:44,(anonymous_4)
FN:52,(anonymous_5)
FN:59,(anonymous_6)
FNF:7
FNH:0
FNDA:0,(anonymous_0)
FNDA:0,(anonymous_1)
FNDA:0,(anonymous_2)
FNDA:0,(anonymous_3)
FNDA:0,(anonymous_4)
FNDA:0,(anonymous_5)
FNDA:0,(anonymous_6)
DA:9,0
DA:10,0
DA:11,0
DA:12,0
DA:15,0
DA:22,0
DA:24,0
DA:25,0
DA:26,0
DA:27,0
DA:34,0
DA:35,0
DA:36,0
DA:38,0
DA:45,0
DA:46,0
DA:53,0
DA:60,0
DA:63,0
DA:64,0
DA:66,0
DA:67,0
DA:68,0
DA:70,0
DA:71,0
DA:73,0
LF:26
LH:0
BRDA:64,0,0,0
BRDA:64,0,1,0
BRDA:22,1,0,0
BRDA:22,1,1,0
BRDA:34,2,0,0
BRDA:34,2,1,0
BRF:6
BRH:0
end_of_record
TN:
SF:src/scenes/utilities/cursor-manager.ts
FN:26,(anonymous_0)
FN:34,(anonymous_1)
FN:43,(anonymous_2)
FN:52,(anonymous_3)
FN:59,(anonymous_4)
FN:66,(anonymous_5)
FN:71,(anonymous_6)
FN:93,(anonymous_7)
FN:99,(anonymous_8)
FNF:9
FNH:0
FNDA:0,(anonymous_0)
FNDA:0,(anonymous_1)
FNDA:0,(anonymous_2)
FNDA:0,(anonymous_3)
FNDA:0,(anonymous_4)
FNDA:0,(anonymous_5)
FNDA:0,(anonymous_6)
FNDA:0,(anonymous_7)
FNDA:0,(anonymous_8)
DA:12,0
DA:19,0
DA:20,0
DA:22,0
DA:23,0
DA:24,0
DA:27,0
DA:28,0
DA:35,0
DA:36,0
DA:37,0
DA:44,0
DA:45,0
DA:46,0
DA:53,0
DA:60,0
DA:67,0
DA:68,0
DA:72,0
DA:73,0
DA:74,0
DA:76,0
DA:77,0
DA:80,0
DA:81,0
DA:82,0
DA:85,0
DA:86,0
DA:87,0
DA:90,0
DA:94,0
DA:95,0
DA:96,0
DA:100,0
LF:34
LH:0
BRDA:86,0,0,0
BRDA:86,0,1,0
BRF:2
BRH:0
end_of_record
TN:
SF:src/scenes/utilities/responsive-canvas.ts
FN:13,(anonymous_0)
FN:22,(anonymous_1)
FN:34,(anonymous_2)
FN:44,(anonymous_3)
FN:51,(anonymous_4)
FN:61,(anonymous_5)
FN:71,(anonymous_6)
FN:75,(anonymous_7)
FNF:8
FNH:0
FNDA:0,(anonymous_0)
FNDA:0,(anonymous_1)
FNDA:0,(anonymous_2)
FNDA:0,(anonymous_3)
FNDA:0,(anonymous_4)
FNDA:0,(anonymous_5)
FNDA:0,(anonymous_6)
FNDA:0,(anonymous_7)
DA:10,0
DA:14,0
DA:23,0
DA:25,0
DA:26,0
DA:27,0
DA:28,0
DA:35,0
DA:36,0
DA:37,0
DA:45,0
DA:52,0
DA:62,0
DA:72,0
DA:76,0
DA:77,0
DA:80,0
DA:81,0
DA:84,0
DA:85,0
DA:86,0
DA:90,0
DA:91,0
LF:23
LH:0
BRDA:23,0,0,0
BRDA:23,0,1,0
BRDA:35,1,0,0
BRDA:35,1,1,0
BRDA:77,2,0,0
BRDA:77,2,1,0
BRDA:85,3,0,0
BRDA:85,3,1,0
BRDA:90,4,0,0
BRDA:90,4,1,0
BRF:10
BRH:0
end_of_record
TN:
SF:src/themes/deepSea/colors.ts
FN:107,(anonymous_0)
FN:132,randomBioHue
FN:138,bioGlow
FNF:3
FNH:0
FNDA:0,(anonymous_0)
FNDA:0,randomBioHue
FNDA:0,bioGlow
DA:11,0
DA:39,0
DA:71,0
DA:107,0
DA:118,0
DA:133,0
DA:134,0
DA:139,0
LF:8
LH:0
BRDA:138,0,0,0
BRDA:138,1,0,0
BRDA:138,2,0,0
BRF:3
BRH:0
end_of_record
TN:
SF:src/themes/deepSea/effects.ts
FNF:0
FNH:0
LF:0
LH:0
BRF:0
BRH:0
end_of_record
TN:
SF:src/themes/deepSea/gradients.ts
FN:18,deepWaterBackground
FN:34,playerLight
FN:68,lightBeam
FN:83,eyeGlow
FN:111,cssDeepWater
FN:124,cssBioGlow
FN:138,cssCreatureBody
FN:151,cssJellyfishBell
FN:164,cssDistantCreature
FNF:9
FNH:0
FNDA:0,deepWaterBackground
FNDA:0,playerLight
FNDA:0,lightBeam
FNDA:0,eyeGlow
FNDA:0,cssDeepWater
FNDA:0,cssBioGlow
FNDA:0,cssCreatureBody
FNDA:0,cssJellyfishBell
FNDA:0,cssDistantCreature
DA:22,0
DA:23,0
DA:24,0
DA:25,0
DA:26,0
DA:27,0
DA:41,0
DA:44,0
DA:45,0
DA:46,0
DA:48,0
DA:49,0
DA:50,0
DA:51,0
DA:52,0
DA:56,0
DA:57,0
DA:58,0
DA:59,0
DA:60,0
DA:62,0
DA:73,0
DA:74,0
DA:75,0
DA:76,0
DA:77,0
DA:90,0
DA:93,0
DA:94,0
DA:95,0
DA:97,0
DA:98,0
DA:99,0
DA:101,0
DA:112,0
DA:125,0
DA:126,0
DA:139,0
DA:152,0
DA:165,0
LF:40
LH:0
BRDA:39,0,0,0
BRDA:88,1,0,0
BRDA:124,2,0,0
BRDA:138,3,0,0
BRF:4
BRH:0
end_of_record
TN:
SF:src/themes/deepSea/particles.ts
FN:34,createMarineSnow
FN:35,(anonymous_1)
FN:47,updateMarineSnow
FN:70,drawMarineSnow
FN:91,createDeepParticles
FN:92,(anonymous_5)
FN:105,updateDeepParticles
FN:125,cssMarineSnowParticle
FN:161,htmlMarineSnow
FN:162,(anonymous_9)
FN:218,createBioParticles
FN:219,(anonymous_11)
FN:234,drawBioParticles
FNF:13
FNH:0
FNDA:0,createMarineSnow
FNDA:0,(anonymous_1)
FNDA:0,updateMarineSnow
FNDA:0,drawMarineSnow
FNDA:0,createDeepParticles
FNDA:0,(anonymous_5)
FNDA:0,updateDeepParticles
FNDA:0,cssMarineSnowParticle
FNDA:0,htmlMarineSnow
FNDA:0,(anonymous_9)
FNDA:0,createBioParticles
FNDA:0,(anonymous_11)
FNDA:0,drawBioParticles
DA:35,0
DA:51,0
DA:53,0
DA:54,0
DA:57,0
DA:58,0
DA:59,0
DA:60,0
DA:61,0
DA:62,0
DA:76,0
DA:77,0
DA:78,0
DA:79,0
DA:80,0
DA:92,0
DA:106,0
DA:107,0
DA:108,0
DA:110,0
DA:111,0
DA:112,0
DA:129,0
DA:130,0
DA:131,0
DA:132,0
DA:133,0
DA:135,0
DA:162,0
DA:163,0
DA:164,0
DA:165,0
DA:166,0
DA:169,0
DA:175,0
DA:219,0
DA:241,0
DA:242,0
DA:243,0
DA:244,0
DA:246,0
DA:247,0
DA:250,0
DA:251,0
DA:252,0
DA:253,0
DA:255,0
DA:256,0
DA:257,0
DA:258,0
DA:261,0
DA:262,0
DA:263,0
DA:264,0
LF:54
LH:0
BRDA:34,0,0,0
BRDA:49,1,0,0
BRDA:51,2,0,0
BRDA:51,2,1,0
BRDA:57,3,0,0
BRDA:57,3,1,0
BRDA:57,4,0,0
BRDA:57,4,1,0
BRDA:60,5,0,0
BRDA:60,5,1,0
BRDA:60,6,0,0
BRDA:60,6,1,0
BRDA:91,7,0,0
BRDA:108,8,0,0
BRDA:108,8,1,0
BRDA:110,9,0,0
BRDA:110,9,1,0
BRDA:132,10,0,0
BRDA:132,10,1,0
BRDA:133,11,0,0
BRDA:133,11,1,0
BRDA:161,12,0,0
BRDA:218,13,0,0
BRDA:242,14,0,0
BRDA:242,14,1,0
BRF:25
BRH:0
end_of_record
TN:
SF:src/themes/deepSea/recipes.ts
FN:51,drawROV
FN:111,(anonymous_1)
FN:115,(anonymous_2)
FN:165,drawLightCone
FN:230,drawJellyfish
FN:331,drawSpecimen
FNF:6
FNH:0
FNDA:0,drawROV
FNDA:0,(anonymous_1)
FNDA:0,(anonymous_2)
FNDA:0,drawLightCone
FNDA:0,drawJellyfish
FNDA:0,drawSpecimen
DA:14,0
DA:64,0
DA:66,0
DA:67,0
DA:68,0
DA:69,0
DA:71,0
DA:72,0
DA:75,0
DA:76,0
DA:79,0
DA:80,0
DA:83,0
DA:84,0
DA:85,0
DA:88,0
DA:91,0
DA:92,0
DA:93,0
DA:94,0
DA:95,0
DA:98,0
DA:99,0
DA:100,0
DA:103,0
DA:104,0
DA:107,0
DA:110,0
DA:111,0
DA:112,0
DA:115,0
DA:116,0
DA:117,0
DA:118,0
DA:119,0
DA:124,0
DA:125,0
DA:126,0
DA:127,0
DA:128,0
DA:129,0
DA:130,0
DA:131,0
DA:132,0
DA:136,0
DA:137,0
DA:140,0
DA:177,0
DA:179,0
DA:180,0
DA:181,0
DA:184,0
DA:185,0
DA:188,0
DA:189,0
DA:190,0
DA:191,0
DA:193,0
DA:194,0
DA:195,0
DA:196,0
DA:197,0
DA:198,0
DA:199,0
DA:200,0
DA:202,0
DA:241,0
DA:243,0
DA:244,0
DA:246,0
DA:247,0
DA:250,0
DA:251,0
DA:252,0
DA:253,0
DA:254,0
DA:255,0
DA:256,0
DA:257,0
DA:260,0
DA:262,0
DA:263,0
DA:264,0
DA:265,0
DA:266,0
DA:268,0
DA:269,0
DA:270,0
DA:271,0
DA:274,0
DA:275,0
DA:276,0
DA:277,0
DA:280,0
DA:281,0
DA:283,0
DA:284,0
DA:285,0
DA:286,0
DA:288,0
DA:289,0
DA:290,0
DA:291,0
DA:293,0
DA:294,0
DA:295,0
DA:296,0
DA:297,0
DA:298,0
DA:299,0
DA:302,0
DA:342,0
DA:344,0
DA:345,0
DA:346,0
DA:348,0
DA:349,0
DA:350,0
DA:353,0
DA:354,0
DA:355,0
DA:356,0
DA:357,0
DA:358,0
DA:360,0
DA:361,0
DA:362,0
DA:363,0
DA:366,0
DA:367,0
DA:368,0
DA:369,0
DA:371,0
DA:372,0
DA:373,0
DA:374,0
DA:376,0
DA:377,0
DA:378,0
DA:379,0
DA:382,0
DA:383,0
DA:384,0
DA:387,0
DA:388,0
DA:389,0
DA:390,0
DA:391,0
DA:392,0
DA:393,0
DA:394,0
DA:395,0
DA:398,0
DA:399,0
DA:400,0
DA:401,0
DA:404,0
DA:405,0
DA:406,0
DA:407,0
DA:408,0
DA:409,0
DA:410,0
DA:411,0
DA:412,0
DA:416,0
DA:417,0
DA:418,0
DA:420,0
DA:422,0
DA:424,0
DA:427,0
DA:428,0
DA:429,0
DA:430,0
DA:432,0
DA:433,0
DA:434,0
DA:435,0
DA:438,0
LF:180
LH:0
BRDA:55,0,0,0
BRDA:56,1,0,0
BRDA:59,2,0,0
BRDA:60,3,0,0
BRDA:61,4,0,0
BRDA:62,5,0,0
BRDA:63,6,0,0
BRDA:110,7,0,0
BRDA:110,7,1,0
BRDA:124,8,0,0
BRDA:124,8,1,0
BRDA:136,9,0,0
BRDA:136,9,1,0
BRDA:171,10,0,0
BRDA:174,11,0,0
BRDA:175,12,0,0
BRDA:176,13,0,0
BRDA:234,14,0,0
BRDA:237,15,0,0
BRDA:238,16,0,0
BRDA:239,17,0,0
BRDA:240,18,0,0
BRDA:335,19,0,0
BRDA:338,20,0,0
BRDA:339,21,0,0
BRDA:340,22,0,0
BRDA:406,23,0,0
BRDA:406,23,1,0
BRDA:410,24,0,0
BRDA:410,24,1,0
BRDA:418,25,0,0
BRDA:418,25,1,0
BRDA:427,26,0,0
BRDA:427,26,1,0
BRF:34
BRH:0
end_of_record
TN:
SF:src/themes/deepSea/surfaces.ts
FN:27,createPermutation
FN:28,(anonymous_1)
FN:39,simplex2D
FN:89,fbm
FN:250,drawOrganicSurface
FN:298,drawMottledBase
FN:422,drawDepthLayer
FN:481,drawOrganicVeins
FN:527,drawOrganicVeinBranch
FN:647,drawSubsurfaceDetail
FN:692,drawFleshLightResponse
FN:776,drawBarnacles
FN:824,drawScarring
FNF:13
FNH:0
FNDA:0,createPermutation
FNDA:0,(anonymous_1)
FNDA:0,simplex2D
FNDA:0,fbm
FNDA:0,drawOrganicSurface
FNDA:0,drawMottledBase
FNDA:0,drawDepthLayer
FNDA:0,drawOrganicVeins
FNDA:0,drawOrganicVeinBranch
FNDA:0,drawSubsurfaceDetail
FNDA:0,drawFleshLightResponse
FNDA:0,drawBarnacles
FNDA:0,drawScarring
DA:19,0
DA:20,0
DA:22,0
DA:28,0
DA:30,0
DA:31,0
DA:32,0
DA:33,0
DA:34,0
DA:36,0
DA:40,0
DA:41,0
DA:42,0
DA:44,0
DA:45,0
DA:46,0
DA:47,0
DA:48,0
DA:50,0
DA:51,0
DA:53,0
DA:54,0
DA:55,0
DA:56,0
DA:58,0
DA:59,0
DA:61,0
DA:62,0
DA:63,0
DA:65,0
DA:67,0
DA:68,0
DA:69,0
DA:70,0
DA:73,0
DA:74,0
DA:75,0
DA:76,0
DA:79,0
DA:80,0
DA:81,0
DA:82,0
DA:85,0
DA:90,0
DA:91,0
DA:92,0
DA:93,0
DA:95,0
DA:96,0
DA:97,0
DA:98,0
DA:99,0
DA:102,0
DA:118,0
DA:175,0
DA:257,0
DA:269,0
DA:271,0
DA:272,0
DA:275,0
DA:278,0
DA:281,0
DA:282,0
DA:286,0
DA:289,0
DA:290,0
DA:309,0
DA:310,0
DA:311,0
DA:313,0
DA:314,0
DA:315,0
DA:318,0
DA:319,0
DA:326,0
DA:327,0
DA:328,0
DA:329,0
DA:330,0
DA:335,0
DA:340,0
DA:341,0
DA:343,0
DA:345,0
DA:346,0
DA:347,0
DA:352,0
DA:354,0
DA:357,0
DA:360,0
DA:362,0
DA:363,0
DA:365,0
DA:366,0
DA:369,0
DA:370,0
DA:374,0
DA:375,0
DA:376,0
DA:377,0
DA:378,0
DA:379,0
DA:380,0
DA:381,0
DA:382,0
DA:383,0
DA:385,0
DA:386,0
DA:387,0
DA:388,0
DA:392,0
DA:393,0
DA:394,0
DA:396,0
DA:397,0
DA:398,0
DA:399,0
DA:400,0
DA:405,0
DA:406,0
DA:409,0
DA:410,0
DA:411,0
DA:412,0
DA:413,0
DA:414,0
DA:431,0
DA:433,0
DA:436,0
DA:437,0
DA:438,0
DA:439,0
DA:440,0
DA:441,0
DA:444,0
DA:446,0
DA:448,0
DA:450,0
DA:451,0
DA:452,0
DA:454,0
DA:455,0
DA:456,0
DA:457,0
DA:459,0
DA:460,0
DA:461,0
DA:462,0
DA:464,0
DA:468,0
DA:490,0
DA:492,0
DA:495,0
DA:497,0
DA:499,0
DA:500,0
DA:501,0
DA:502,0
DA:504,0
DA:505,0
DA:506,0
DA:507,0
DA:509,0
DA:510,0
DA:511,0
DA:512,0
DA:514,0
DA:515,0
DA:516,0
DA:519,0
DA:541,0
DA:544,0
DA:546,0
DA:547,0
DA:548,0
DA:549,0
DA:551,0
DA:553,0
DA:555,0
DA:556,0
DA:559,0
DA:562,0
DA:564,0
DA:565,0
DA:568,0
DA:569,0
DA:572,0
DA:573,0
DA:576,0
DA:579,0
DA:580,0
DA:584,0
DA:585,0
DA:586,0
DA:596,0
DA:599,0
DA:600,0
DA:602,0
DA:603,0
DA:604,0
DA:605,0
DA:606,0
DA:609,0
DA:610,0
DA:611,0
DA:612,0
DA:615,0
DA:618,0
DA:619,0
DA:620,0
DA:621,0
DA:622,0
DA:623,0
DA:626,0
DA:627,0
DA:628,0
DA:629,0
DA:630,0
DA:631,0
DA:634,0
DA:635,0
DA:636,0
DA:637,0
DA:638,0
DA:639,0
DA:655,0
DA:658,0
DA:659,0
DA:660,0
DA:661,0
DA:662,0
DA:664,0
DA:665,0
DA:666,0
DA:669,0
DA:671,0
DA:672,0
DA:673,0
DA:674,0
DA:675,0
DA:677,0
DA:678,0
DA:679,0
DA:680,0
DA:682,0
DA:685,0
DA:705,0
DA:709,0
DA:710,0
DA:711,0
DA:712,0
DA:714,0
DA:715,0
DA:718,0
DA:722,0
DA:723,0
DA:724,0
DA:726,0
DA:727,0
DA:731,0
DA:733,0
DA:734,0
DA:735,0
DA:736,0
DA:737,0
DA:738,0
DA:740,0
DA:742,0
DA:743,0
DA:744,0
DA:745,0
DA:747,0
DA:748,0
DA:751,0
DA:752,0
DA:753,0
DA:754,0
DA:756,0
DA:762,0
DA:766,0
DA:791,0
DA:793,0
DA:795,0
DA:796,0
DA:797,0
DA:798,0
DA:799,0
DA:800,0
DA:803,0
DA:804,0
DA:805,0
DA:806,0
DA:807,0
DA:809,0
DA:810,0
DA:811,0
DA:812,0
DA:814,0
DA:815,0
DA:816,0
DA:817,0
DA:839,0
DA:842,0
DA:843,0
DA:844,0
DA:845,0
DA:848,0
DA:849,0
DA:850,0
DA:853,0
DA:854,0
DA:855,0
DA:856,0
DA:857,0
DA:858,0
DA:859,0
DA:862,0
DA:863,0
DA:864,0
DA:865,0
DA:866,0
DA:867,0
LF:322
LH:0
BRDA:50,0,0,0
BRDA:50,0,1,0
BRDA:51,1,0,0
BRDA:51,1,1,0
BRDA:68,2,0,0
BRDA:68,2,1,0
BRDA:74,3,0,0
BRDA:74,3,1,0
BRDA:80,4,0,0
BRDA:80,4,1,0
BRDA:89,5,0,0
BRDA:254,6,0,0
BRDA:257,7,0,0
BRDA:257,7,1,0
BRDA:260,8,0,0
BRDA:261,9,0,0
BRDA:261,10,0,0
BRDA:261,10,1,0
BRDA:262,11,0,0
BRDA:262,12,0,0
BRDA:262,12,1,0
BRDA:263,13,0,0
BRDA:263,14,0,0
BRDA:263,14,1,0
BRDA:264,15,0,0
BRDA:265,16,0,0
BRDA:268,17,0,0
BRDA:271,18,0,0
BRDA:271,18,1,0
BRDA:281,19,0,0
BRDA:281,19,1,0
BRDA:289,20,0,0
BRDA:289,20,1,0
BRDA:289,21,0,0
BRDA:289,21,1,0
BRDA:318,22,0,0
BRDA:318,22,1,0
BRDA:318,23,0,0
BRDA:318,23,1,0
BRDA:326,24,0,0
BRDA:326,24,1,0
BRDA:343,25,0,0
BRDA:343,25,1,0
BRDA:343,26,0,0
BRDA:343,26,1,0
BRDA:374,27,0,0
BRDA:374,27,1,0
BRDA:379,28,0,0
BRDA:379,28,1,0
BRDA:405,29,0,0
BRDA:405,29,1,0
BRDA:405,30,0,0
BRDA:405,30,1,0
BRDA:446,31,0,0
BRDA:446,31,1,0
BRDA:497,32,0,0
BRDA:497,32,1,0
BRDA:497,32,2,0
BRDA:497,32,3,0
BRDA:541,33,0,0
BRDA:541,33,1,0
BRDA:541,34,0,0
BRDA:541,34,1,0
BRDA:562,35,0,0
BRDA:562,35,1,0
BRDA:572,36,0,0
BRDA:572,36,1,0
BRDA:579,37,0,0
BRDA:579,37,1,0
BRDA:579,38,0,0
BRDA:579,38,1,0
BRDA:579,38,2,0
BRDA:579,38,3,0
BRDA:584,39,0,0
BRDA:584,39,1,0
BRDA:584,40,0,0
BRDA:584,40,1,0
BRDA:584,40,2,0
BRDA:585,41,0,0
BRDA:585,41,1,0
BRDA:596,42,0,0
BRDA:596,42,1,0
BRDA:672,43,0,0
BRDA:672,43,1,0
BRDA:742,44,0,0
BRDA:742,44,1,0
BRDA:781,45,0,0
BRDA:788,46,0,0
BRDA:789,47,0,0
BRDA:790,48,0,0
BRDA:829,49,0,0
BRDA:836,50,0,0
BRDA:837,51,0,0
BRDA:838,52,0,0
BRF:94
BRH:0
end_of_record
TN:
SF:src/themes/garden/colors.ts
FN:115,withAlpha
FN:128,interpolateColor
FNF:2
FNH:0
FNDA:0,withAlpha
FNDA:0,interpolateColor
DA:15,0
DA:39,0
DA:65,0
DA:89,0
DA:116,0
DA:117,0
DA:118,0
DA:119,0
DA:120,0
DA:133,0
DA:134,0
DA:136,0
DA:137,0
DA:138,0
DA:140,0
DA:141,0
DA:142,0
DA:144,0
DA:145,0
DA:146,0
DA:148,0
LF:21
LH:0
BRF:0
BRH:0
end_of_record
TN:
SF:src/themes/garden/effects.ts
FNF:0
FNH:0
LF:0
LH:0
BRF:0
BRH:0
end_of_record
TN:
SF:src/themes/garden/gradients.ts
FN:14,softGardenBackground
FN:39,terrariumBackground
FN:77,gardenWindowBackground
FN:101,overgrownBackground
FN:144,applyDepthLayers
FN:168,drawSunRays
FN:209,applyFrostedGlassEffect
FN:244,drawAtmosphericFog
FNF:8
FNH:0
FNDA:0,softGardenBackground
FNDA:0,terrariumBackground
FNDA:0,gardenWindowBackground
FNDA:0,overgrownBackground
FNDA:0,applyDepthLayers
FNDA:0,drawSunRays
FNDA:0,applyFrostedGlassEffect
FNDA:0,drawAtmosphericFog
DA:20,0
DA:23,0
DA:26,0
DA:29,0
DA:31,0
DA:32,0
DA:45,0
DA:46,0
DA:47,0
DA:49,0
DA:50,0
DA:53,0
DA:54,0
DA:55,0
DA:57,0
DA:58,0
DA:59,0
DA:60,0
DA:63,0
DA:64,0
DA:65,0
DA:67,0
DA:68,0
DA:69,0
DA:70,0
DA:83,0
DA:85,0
DA:86,0
DA:87,0
DA:89,0
DA:90,0
DA:93,0
DA:94,0
DA:107,0
DA:109,0
DA:110,0
DA:111,0
DA:112,0
DA:114,0
DA:115,0
DA:118,0
DA:127,0
DA:128,0
DA:129,0
DA:131,0
DA:132,0
DA:151,0
DA:152,0
DA:153,0
DA:154,0
DA:156,0
DA:160,0
DA:174,0
DA:176,0
DA:177,0
DA:178,0
DA:179,0
DA:182,0
DA:183,0
DA:185,0
DA:186,0
DA:187,0
DA:188,0
DA:190,0
DA:191,0
DA:192,0
DA:193,0
DA:194,0
DA:198,0
DA:199,0
DA:202,0
DA:216,0
DA:217,0
DA:218,0
DA:220,0
DA:221,0
DA:224,0
DA:225,0
DA:226,0
DA:227,0
DA:228,0
DA:233,0
DA:234,0
DA:235,0
DA:236,0
DA:250,0
DA:252,0
DA:253,0
DA:254,0
DA:256,0
DA:257,0
LF:91
LH:0
BRDA:149,0,0,0
BRDA:156,1,0,0
BRDA:156,1,1,0
BRDA:172,2,0,0
BRDA:213,3,0,0
BRDA:221,4,0,0
BRDA:221,4,1,0
BRDA:234,5,0,0
BRDA:234,5,1,0
BRDA:248,6,0,0
BRF:10
BRH:0
end_of_record
TN:
SF:src/themes/garden/particles.ts
FN:31,createPollen
FN:52,updatePollen
FN:59,(anonymous_2)
FN:106,createFloatingLeaves
FN:130,updateFloatingLeaves
FN:137,(anonymous_5)
FN:197,createDustMotes
FN:219,updateDustMotes
FN:226,(anonymous_8)
FN:268,createOvergrownParticles
FN:292,updateOvergrownParticles
FN:299,(anonymous_11)
FNF:12
FNH:0
FNDA:0,createPollen
FNDA:0,updatePollen
FNDA:0,(anonymous_2)
FNDA:0,createFloatingLeaves
FNDA:0,updateFloatingLeaves
FNDA:0,(anonymous_5)
FNDA:0,createDustMotes
FNDA:0,updateDustMotes
FNDA:0,(anonymous_8)
FNDA:0,createOvergrownParticles
FNDA:0,updateOvergrownParticles
FNDA:0,(anonymous_11)
DA:9,0
DA:32,0
DA:34,0
DA:35,0
DA:45,0
DA:59,0
DA:61,0
DA:64,0
DA:65,0
DA:68,0
DA:69,0
DA:70,0
DA:73,0
DA:74,0
DA:75,0
DA:76,0
DA:77,0
DA:80,0
DA:81,0
DA:82,0
DA:84,0
DA:107,0
DA:108,0
DA:110,0
DA:111,0
DA:123,0
DA:137,0
DA:139,0
DA:140,0
DA:143,0
DA:146,0
DA:147,0
DA:148,0
DA:150,0
DA:151,0
DA:153,0
DA:154,0
DA:155,0
DA:156,0
DA:159,0
DA:161,0
DA:162,0
DA:165,0
DA:166,0
DA:167,0
DA:168,0
DA:169,0
DA:171,0
DA:172,0
DA:175,0
DA:176,0
DA:198,0
DA:200,0
DA:201,0
DA:212,0
DA:226,0
DA:228,0
DA:229,0
DA:232,0
DA:233,0
DA:235,0
DA:236,0
DA:239,0
DA:241,0
DA:242,0
DA:243,0
DA:244,0
DA:245,0
DA:246,0
DA:269,0
DA:271,0
DA:272,0
DA:274,0
DA:285,0
DA:299,0
DA:301,0
DA:302,0
DA:305,0
DA:306,0
DA:310,0
DA:311,0
DA:312,0
DA:314,0
DA:315,0
DA:317,0
DA:318,0
DA:320,0
DA:322,0
DA:323,0
DA:324,0
DA:327,0
DA:328,0
DA:329,0
DA:330,0
DA:333,0
LF:95
LH:0
BRDA:31,0,0,0
BRDA:64,1,0,0
BRDA:64,1,1,0
BRDA:65,2,0,0
BRDA:65,2,1,0
BRDA:106,3,0,0
BRDA:146,4,0,0
BRDA:146,4,1,0
BRDA:147,5,0,0
BRDA:147,5,1,0
BRDA:148,6,0,0
BRDA:148,6,1,0
BRDA:159,7,0,0
BRDA:159,7,1,0
BRDA:159,7,2,0
BRDA:197,8,0,0
BRDA:268,9,0,0
BRDA:277,10,0,0
BRDA:277,10,1,0
BRDA:281,11,0,0
BRDA:281,11,1,0
BRDA:305,12,0,0
BRDA:305,12,1,0
BRDA:310,13,0,0
BRDA:310,13,1,0
BRDA:311,14,0,0
BRDA:311,14,1,0
BRDA:312,15,0,0
BRDA:312,15,1,0
BRDA:320,16,0,0
BRDA:320,16,1,0
BRF:31
BRH:0
end_of_record
TN:
SF:src/themes/garden/plants.ts
FN:12,drawSimpleLeaf
FN:50,drawPointedLeaf
FN:79,drawLeafCluster
FN:114,drawPetal
FN:140,drawVineSegment
FN:173,drawOrganicVine
FN:232,drawFlower
FN:265,drawFlowerCluster
FN:285,drawBlurredPlant
FN:311,drawPlantSilhouette
FNF:10
FNH:0
FNDA:0,drawSimpleLeaf
FNDA:0,drawPointedLeaf
FNDA:0,drawLeafCluster
FNDA:0,drawPetal
FNDA:0,drawVineSegment
FNDA:0,drawOrganicVine
FNDA:0,drawFlower
FNDA:0,drawFlowerCluster
FNDA:0,drawBlurredPlant
FNDA:0,drawPlantSilhouette
DA:20,0
DA:21,0
DA:22,0
DA:24,0
DA:25,0
DA:27,0
DA:28,0
DA:29,0
DA:30,0
DA:31,0
DA:32,0
DA:33,0
DA:36,0
DA:37,0
DA:38,0
DA:39,0
DA:40,0
DA:41,0
DA:43,0
DA:58,0
DA:59,0
DA:60,0
DA:62,0
DA:63,0
DA:64,0
DA:65,0
DA:66,0
DA:67,0
DA:68,0
DA:69,0
DA:70,0
DA:72,0
DA:88,0
DA:90,0
DA:92,0
DA:93,0
DA:94,0
DA:95,0
DA:97,0
DA:99,0
DA:100,0
DA:102,0
DA:106,0
DA:107,0
DA:123,0
DA:124,0
DA:125,0
DA:127,0
DA:128,0
DA:130,0
DA:131,0
DA:133,0
DA:150,0
DA:153,0
DA:154,0
DA:156,0
DA:157,0
DA:158,0
DA:159,0
DA:161,0
DA:162,0
DA:163,0
DA:164,0
DA:166,0
DA:184,0
DA:187,0
DA:188,0
DA:191,0
DA:194,0
DA:195,0
DA:196,0
DA:199,0
DA:200,0
DA:213,0
DA:214,0
DA:241,0
DA:244,0
DA:245,0
DA:246,0
DA:247,0
DA:249,0
DA:253,0
DA:254,0
DA:255,0
DA:256,0
DA:258,0
DA:272,0
DA:273,0
DA:274,0
DA:275,0
DA:277,0
DA:293,0
DA:296,0
DA:297,0
DA:300,0
DA:302,0
DA:303,0
DA:304,0
DA:319,0
DA:320,0
DA:323,0
DA:326,0
DA:327,0
DA:328,0
DA:331,0
DA:332,0
DA:334,0
DA:338,0
LF:108
LH:0
BRDA:18,0,0,0
BRDA:56,1,0,0
BRDA:83,2,0,0
BRDA:84,3,0,0
BRDA:85,4,0,0
BRDA:86,5,0,0
BRDA:99,6,0,0
BRDA:99,6,1,0
BRDA:121,7,0,0
BRDA:148,8,0,0
BRDA:181,9,0,0
BRDA:182,10,0,0
BRDA:184,11,0,0
BRDA:184,11,1,0
BRDA:184,12,0,0
BRDA:184,12,1,0
BRDA:194,13,0,0
BRDA:194,13,1,0
BRDA:236,14,0,0
BRDA:237,15,0,0
BRDA:238,16,0,0
BRDA:239,17,0,0
BRDA:269,18,0,0
BRDA:270,19,0,0
BRDA:291,20,0,0
BRDA:317,21,0,0
BRDA:331,22,0,0
BRDA:331,22,1,0
BRF:28
BRH:0
end_of_record
TN:
SF:src/themes/garden/recipes.ts
FN:55,drawSoftGardenWindow
FN:111,drawTerrariumView
FN:198,drawGardenThroughGlass
FN:264,drawOvergrownCamera
FNF:4
FNH:0
FNDA:0,drawSoftGardenWindow
FNDA:0,drawTerrariumView
FNDA:0,drawGardenThroughGlass
FNDA:0,drawOvergrownCamera
DA:15,0
DA:44,0
DA:63,0
DA:65,0
DA:66,0
DA:69,0
DA:72,0
DA:73,0
DA:74,0
DA:77,0
DA:80,0
DA:81,0
DA:82,0
DA:83,0
DA:84,0
DA:86,0
DA:88,0
DA:100,0
DA:119,0
DA:121,0
DA:122,0
DA:125,0
DA:128,0
DA:129,0
DA:130,0
DA:131,0
DA:132,0
DA:134,0
DA:137,0
DA:138,0
DA:139,0
DA:140,0
DA:141,0
DA:143,0
DA:146,0
DA:149,0
DA:150,0
DA:158,0
DA:166,0
DA:169,0
DA:170,0
DA:171,0
DA:173,0
DA:186,0
DA:206,0
DA:208,0
DA:209,0
DA:212,0
DA:215,0
DA:216,0
DA:217,0
DA:218,0
DA:219,0
DA:221,0
DA:224,0
DA:227,0
DA:228,0
DA:229,0
DA:232,0
DA:233,0
DA:234,0
DA:237,0
DA:238,0
DA:239,0
DA:241,0
DA:253,0
DA:272,0
DA:274,0
DA:275,0
DA:278,0
DA:281,0
DA:284,0
DA:285,0
DA:286,0
DA:300,0
DA:301,0
DA:302,0
DA:316,0
DA:317,0
DA:318,0
DA:331,0
DA:334,0
DA:335,0
DA:336,0
DA:337,0
DA:338,0
DA:339,0
DA:341,0
DA:342,0
DA:344,0
DA:347,0
DA:350,0
DA:353,0
DA:354,0
DA:355,0
DA:358,0
DA:359,0
DA:360,0
DA:361,0
DA:364,0
LF:100
LH:0
BRDA:61,0,0,0
BRDA:63,1,0,0
BRDA:63,2,0,0
BRDA:117,3,0,0
BRDA:119,4,0,0
BRDA:119,5,0,0
BRDA:119,6,0,0
BRDA:204,7,0,0
BRDA:206,8,0,0
BRDA:206,9,0,0
BRDA:270,10,0,0
BRDA:272,11,0,0
BRDA:272,12,0,0
BRDA:272,13,0,0
BRDA:341,14,0,0
BRDA:341,14,1,0
BRDA:358,15,0,0
BRDA:358,15,1,0
BRF:18
BRH:0
end_of_record
TN:
SF:src/themes/garden/textures.ts
FN:11,drawFrostedGlassOverlay
FN:39,drawGlassSmudges
FN:70,drawDepthFog
FN:101,drawVignette
FN:132,drawOrganicNoise
FN:156,drawLensReflection
FN:182,drawLensDamage
FN:219,drawLightRays
FN:257,drawEdgeVignette
FN:286,drawAnimatedShimmer
FNF:10
FNH:0
FNDA:0,drawFrostedGlassOverlay
FNDA:0,drawGlassSmudges
FNDA:0,drawDepthFog
FNDA:0,drawVignette
FNDA:0,drawOrganicNoise
FNDA:0,drawLensReflection
FNDA:0,drawLensDamage
FNDA:0,drawLightRays
FNDA:0,drawEdgeVignette
FNDA:0,drawAnimatedShimmer
DA:17,0
DA:20,0
DA:21,0
DA:24,0
DA:25,0
DA:26,0
DA:27,0
DA:28,0
DA:32,0
DA:45,0
DA:47,0
DA:48,0
DA:49,0
DA:50,0
DA:51,0
DA:54,0
DA:55,0
DA:56,0
DA:57,0
DA:59,0
DA:60,0
DA:63,0
DA:77,0
DA:79,0
DA:80,0
DA:81,0
DA:82,0
DA:85,0
DA:86,0
DA:87,0
DA:88,0
DA:90,0
DA:91,0
DA:94,0
DA:107,0
DA:109,0
DA:118,0
DA:119,0
DA:120,0
DA:122,0
DA:123,0
DA:125,0
DA:139,0
DA:141,0
DA:142,0
DA:143,0
DA:144,0
DA:145,0
DA:149,0
DA:163,0
DA:165,0
DA:166,0
DA:167,0
DA:168,0
DA:170,0
DA:171,0
DA:172,0
DA:173,0
DA:175,0
DA:188,0
DA:190,0
DA:191,0
DA:192,0
DA:194,0
DA:195,0
DA:196,0
DA:197,0
DA:198,0
DA:200,0
DA:201,0
DA:203,0
DA:204,0
DA:205,0
DA:206,0
DA:208,0
DA:209,0
DA:212,0
DA:226,0
DA:228,0
DA:229,0
DA:230,0
DA:231,0
DA:233,0
DA:234,0
DA:236,0
DA:237,0
DA:238,0
DA:239,0
DA:241,0
DA:242,0
DA:243,0
DA:244,0
DA:245,0
DA:246,0
DA:247,0
DA:250,0
DA:264,0
DA:267,0
DA:268,0
DA:271,0
DA:274,0
DA:277,0
DA:279,0
DA:295,0
DA:298,0
DA:299,0
DA:300,0
DA:302,0
LF:108
LH:0
BRDA:15,0,0,0
BRDA:43,1,0,0
BRDA:74,2,0,0
BRDA:75,3,0,0
BRDA:105,4,0,0
BRDA:136,5,0,0
BRDA:137,6,0,0
BRDA:160,7,0,0
BRDA:161,8,0,0
BRDA:186,9,0,0
BRDA:223,10,0,0
BRDA:224,11,0,0
BRDA:261,12,0,0
BRDA:262,13,0,0
BRDA:293,14,0,0
BRF:15
BRH:0
end_of_record
TN:
SF:src/themes/livingOs/colors.ts
FN:47,rgbToHex
FN:57,rgbToRgba
FN:65,getGrowthColor
FN:102,addAlphaToColor
FNF:4
FNH:0
FNDA:0,rgbToHex
FNDA:0,rgbToRgba
FNDA:0,getGrowthColor
FNDA:0,addAlphaToColor
DA:8,0
DA:48,0
DA:49,0
DA:50,0
DA:51,0
DA:58,0
DA:66,0
DA:68,0
DA:70,0
DA:71,0
DA:73,0
DA:74,0
DA:79,0
DA:81,0
DA:82,0
DA:89,0
DA:90,0
DA:104,0
DA:107,0
DA:108,0
DA:109,0
DA:113,0
DA:114,0
DA:115,0
DA:118,0
DA:120,0
DA:121,0
DA:122,0
DA:125,0
DA:126,0
DA:127,0
DA:130,0
DA:134,0
DA:135,0
LF:34
LH:0
BRDA:57,0,0,0
BRDA:68,1,0,0
BRDA:68,1,1,0
BRDA:71,2,0,0
BRDA:71,2,1,0
BRDA:79,3,0,0
BRDA:79,3,1,0
BRDA:108,4,0,0
BRDA:108,4,1,0
BRDA:114,5,0,0
BRDA:114,5,1,0
BRDA:118,6,0,0
BRDA:118,6,1,0
BRF:13
BRH:0
end_of_record
TN:
SF:src/themes/livingOs/effects.ts
FNF:0
FNH:0
LF:0
LH:0
BRF:0
BRH:0
end_of_record
TN:
SF:src/themes/livingOs/growth.ts
FN:55,drawGrowingRoots
FN:145,drawVines
FN:166,(anonymous_2)
FN:241,drawGrowthIndicator
FN:322,getBezierPoint
FN:360,drawOrganicVine
FN:465,drawVineBranch
FN:589,drawTendril
FN:631,drawSimpleLeaf
FN:686,drawOrganicRoots
FN:749,drawRootBranch
FN:864,darkenColor
FN:876,lightenColor
FN:888,normalizeColor
FN:909,hexToRgb
FN:924,rgbToHex
FN:925,(anonymous_16)
FNF:17
FNH:0
FNDA:0,drawGrowingRoots
FNDA:0,drawVines
FNDA:0,(anonymous_2)
FNDA:0,drawGrowthIndicator
FNDA:0,getBezierPoint
FNDA:0,drawOrganicVine
FNDA:0,drawVineBranch
FNDA:0,drawTendril
FNDA:0,drawSimpleLeaf
FNDA:0,drawOrganicRoots
FNDA:0,drawRootBranch
FNDA:0,darkenColor
FNDA:0,lightenColor
FNDA:0,normalizeColor
FNDA:0,hexToRgb
FNDA:0,rgbToHex
FNDA:0,(anonymous_16)
DA:68,0
DA:70,0
DA:71,0
DA:72,0
DA:73,0
DA:76,0
DA:84,0
DA:85,0
DA:87,0
DA:88,0
DA:91,0
DA:92,0
DA:93,0
DA:94,0
DA:97,0
DA:98,0
DA:99,0
DA:102,0
DA:103,0
DA:105,0
DA:106,0
DA:108,0
DA:109,0
DA:110,0
DA:113,0
DA:114,0
DA:115,0
DA:116,0
DA:119,0
DA:120,0
DA:121,0
DA:122,0
DA:124,0
DA:125,0
DA:127,0
DA:128,0
DA:129,0
DA:131,0
DA:132,0
DA:133,0
DA:134,0
DA:135,0
DA:136,0
DA:139,0
DA:155,0
DA:157,0
DA:158,0
DA:159,0
DA:160,0
DA:161,0
DA:163,0
DA:165,0
DA:167,0
DA:176,0
DA:177,0
DA:184,0
DA:185,0
DA:187,0
DA:188,0
DA:189,0
DA:192,0
DA:193,0
DA:194,0
DA:195,0
DA:196,0
DA:197,0
DA:198,0
DA:200,0
DA:204,0
DA:205,0
DA:206,0
DA:213,0
DA:214,0
DA:215,0
DA:217,0
DA:218,0
DA:220,0
DA:221,0
DA:222,0
DA:223,0
DA:224,0
DA:226,0
DA:227,0
DA:229,0
DA:232,0
DA:235,0
DA:253,0
DA:255,0
DA:257,0
DA:258,0
DA:260,0
DA:263,0
DA:264,0
DA:265,0
DA:266,0
DA:274,0
DA:278,0
DA:279,0
DA:280,0
DA:281,0
DA:291,0
DA:295,0
DA:296,0
DA:297,0
DA:298,0
DA:301,0
DA:302,0
DA:303,0
DA:304,0
DA:306,0
DA:310,0
DA:311,0
DA:313,0
DA:316,0
DA:329,0
DA:330,0
DA:378,0
DA:381,0
DA:383,0
DA:384,0
DA:386,0
DA:387,0
DA:388,0
DA:389,0
DA:390,0
DA:394,0
DA:395,0
DA:397,0
DA:401,0
DA:402,0
DA:405,0
DA:427,0
DA:428,0
DA:429,0
DA:453,0
DA:454,0
DA:455,0
DA:459,0
DA:485,0
DA:487,0
DA:488,0
DA:490,0
DA:491,0
DA:492,0
DA:493,0
DA:496,0
DA:498,0
DA:499,0
DA:500,0
DA:503,0
DA:504,0
DA:508,0
DA:511,0
DA:512,0
DA:513,0
DA:514,0
DA:517,0
DA:518,0
DA:521,0
DA:522,0
DA:523,0
DA:524,0
DA:526,0
DA:527,0
DA:528,0
DA:529,0
DA:532,0
DA:533,0
DA:534,0
DA:537,0
DA:538,0
DA:539,0
DA:540,0
DA:543,0
DA:550,0
DA:551,0
DA:553,0
DA:563,0
DA:564,0
DA:565,0
DA:566,0
DA:568,0
DA:576,0
DA:577,0
DA:581,0
DA:582,0
DA:599,0
DA:600,0
DA:601,0
DA:602,0
DA:604,0
DA:605,0
DA:607,0
DA:608,0
DA:609,0
DA:611,0
DA:612,0
DA:613,0
DA:614,0
DA:615,0
DA:617,0
DA:618,0
DA:620,0
DA:623,0
DA:624,0
DA:625,0
DA:639,0
DA:640,0
DA:641,0
DA:644,0
DA:645,0
DA:646,0
DA:647,0
DA:649,0
DA:650,0
DA:653,0
DA:654,0
DA:655,0
DA:656,0
DA:657,0
DA:658,0
DA:660,0
DA:701,0
DA:703,0
DA:705,0
DA:706,0
DA:707,0
DA:710,0
DA:712,0
DA:713,0
DA:716,0
DA:717,0
DA:718,0
DA:719,0
DA:720,0
DA:723,0
DA:724,0
DA:726,0
DA:743,0
DA:764,0
DA:766,0
DA:767,0
DA:769,0
DA:770,0
DA:771,0
DA:772,0
DA:775,0
DA:777,0
DA:778,0
DA:779,0
DA:782,0
DA:785,0
DA:787,0
DA:790,0
DA:791,0
DA:792,0
DA:795,0
DA:796,0
DA:799,0
DA:800,0
DA:801,0
DA:803,0
DA:804,0
DA:805,0
DA:806,0
DA:808,0
DA:809,0
DA:810,0
DA:813,0
DA:814,0
DA:815,0
DA:818,0
DA:823,0
DA:824,0
DA:826,0
DA:844,0
DA:846,0
DA:847,0
DA:848,0
DA:849,0
DA:852,0
DA:853,0
DA:865,0
DA:866,0
DA:877,0
DA:878,0
DA:889,0
DA:892,0
DA:893,0
DA:897,0
DA:898,0
DA:902,0
DA:903,0
DA:910,0
DA:911,0
DA:912,0
DA:925,0
DA:926,0
DA:927,0
LF:299
LH:0
BRDA:61,0,0,0
BRDA:63,1,0,0
BRDA:64,2,0,0
BRDA:65,3,0,0
BRDA:66,4,0,0
BRDA:67,5,0,0
BRDA:152,6,0,0
BRDA:153,7,0,0
BRDA:163,8,0,0
BRDA:163,8,1,0
BRDA:163,9,0,0
BRDA:163,9,1,0
BRDA:167,10,0,0
BRDA:167,10,1,0
BRDA:167,10,2,0
BRDA:167,10,3,0
BRDA:167,10,4,0
BRDA:167,10,5,0
BRDA:176,11,0,0
BRDA:176,11,1,0
BRDA:192,12,0,0
BRDA:192,12,1,0
BRDA:251,13,0,0
BRDA:252,14,0,0
BRDA:260,15,0,0
BRDA:260,15,1,0
BRDA:260,15,2,0
BRDA:260,15,3,0
BRDA:368,16,0,0
BRDA:369,17,0,0
BRDA:370,18,0,0
BRDA:371,19,0,0
BRDA:372,20,0,0
BRDA:373,21,0,0
BRDA:374,22,0,0
BRDA:376,23,0,0
BRDA:377,24,0,0
BRDA:384,25,0,0
BRDA:384,25,1,0
BRDA:394,26,0,0
BRDA:394,26,1,0
BRDA:428,27,0,0
BRDA:428,27,1,0
BRDA:453,28,0,0
BRDA:453,28,1,0
BRDA:453,29,0,0
BRDA:453,29,1,0
BRDA:485,30,0,0
BRDA:485,30,1,0
BRDA:485,31,0,0
BRDA:485,31,1,0
BRDA:504,32,0,0
BRDA:504,32,1,0
BRDA:512,33,0,0
BRDA:512,33,1,0
BRDA:543,34,0,0
BRDA:543,34,1,0
BRDA:544,35,0,0
BRDA:544,35,1,0
BRDA:544,35,2,0
BRDA:544,35,3,0
BRDA:550,36,0,0
BRDA:550,36,1,0
BRDA:563,37,0,0
BRDA:563,37,1,0
BRDA:563,38,0,0
BRDA:563,38,1,0
BRDA:563,38,2,0
BRDA:563,38,3,0
BRDA:564,39,0,0
BRDA:564,39,1,0
BRDA:581,40,0,0
BRDA:581,40,1,0
BRDA:581,41,0,0
BRDA:581,41,1,0
BRDA:602,42,0,0
BRDA:602,42,1,0
BRDA:692,43,0,0
BRDA:693,44,0,0
BRDA:695,45,0,0
BRDA:696,46,0,0
BRDA:697,47,0,0
BRDA:699,48,0,0
BRDA:700,49,0,0
BRDA:764,50,0,0
BRDA:764,50,1,0
BRDA:764,51,0,0
BRDA:764,51,1,0
BRDA:764,51,2,0
BRDA:785,52,0,0
BRDA:785,52,1,0
BRDA:785,53,0,0
BRDA:785,53,1,0
BRDA:790,54,0,0
BRDA:790,54,1,0
BRDA:818,55,0,0
BRDA:818,55,1,0
BRDA:819,56,0,0
BRDA:819,56,1,0
BRDA:819,56,2,0
BRDA:823,57,0,0
BRDA:823,57,1,0
BRDA:844,58,0,0
BRDA:844,58,1,0
BRDA:844,59,0,0
BRDA:844,59,1,0
BRDA:844,59,2,0
BRDA:889,60,0,0
BRDA:889,60,1,0
BRDA:892,61,0,0
BRDA:892,61,1,0
BRDA:897,62,0,0
BRDA:897,62,1,0
BRDA:912,63,0,0
BRDA:912,63,1,0
BRDA:927,64,0,0
BRDA:927,64,1,0
BRF:117
BRH:0
end_of_record
TN:
SF:src/themes/livingOs/motion.ts
FN:47,calculateSway
FN:64,calculateDrift
FN:86,applySway
FN:103,applyDrift
FN:125,calculateGrowthProgress
FN:185,calculateTipGrowthMultiplier
FN:205,calculatePulse
FN:224,pulseRange
FN:233,calculateScalePulse
FN:286,applyGrowthTiming
FNF:10
FNH:0
FNDA:0,calculateSway
FNDA:0,calculateDrift
FNDA:0,applySway
FNDA:0,applyDrift
FNDA:0,calculateGrowthProgress
FNDA:0,calculateTipGrowthMultiplier
FNDA:0,calculatePulse
FNDA:0,pulseRange
FNDA:0,calculateScalePulse
FNDA:0,applyGrowthTiming
DA:53,0
DA:56,0
DA:58,0
DA:71,0
DA:74,0
DA:75,0
DA:77,0
DA:92,0
DA:94,0
DA:95,0
DA:96,0
DA:97,0
DA:107,0
DA:109,0
DA:131,0
DA:134,0
DA:136,0
DA:138,0
DA:143,0
DA:144,0
DA:145,0
DA:151,0
DA:154,0
DA:155,0
DA:161,0
DA:162,0
DA:165,0
DA:167,0
DA:171,0
DA:191,0
DA:194,0
DA:196,0
DA:211,0
DA:214,0
DA:217,0
DA:218,0
DA:225,0
DA:238,0
DA:239,0
DA:249,0
DA:292,0
DA:295,0
DA:296,0
DA:299,0
DA:301,0
LF:45
LH:0
BRDA:49,0,0,0
BRDA:50,1,0,0
BRDA:52,2,0,0
BRDA:66,3,0,0
BRDA:67,4,0,0
BRDA:69,5,0,0
BRDA:70,6,0,0
BRDA:129,7,0,0
BRDA:130,8,0,0
BRDA:136,9,0,0
BRDA:136,9,1,0
BRDA:136,9,2,0
BRDA:136,9,3,0
BRDA:136,9,4,0
BRDA:188,10,0,0
BRDA:208,11,0,0
BRDA:209,12,0,0
BRDA:210,13,0,0
BRDA:235,14,0,0
BRDA:236,15,0,0
BRDA:289,16,0,0
BRDA:290,17,0,0
BRF:22
BRH:0
end_of_record
TN:
SF:src/themes/livingOs/plants.ts
FN:41,drawLeaf
FN:80,drawLeaves
FN:84,(anonymous_2)
FN:94,drawSimpleLeaf
FN:122,drawVeinedLeaf
FN:166,drawOrganicLeaf
FN:225,drawDetailedLeaf
FN:303,drawLeafMottling
FN:337,drawRecursiveVeins
FN:423,drawFlower
FN:502,drawSinglePetal
FN:565,drawFlowerCenter
FN:611,hexToRgb
FN:625,rgbToHex
FN:626,(anonymous_14)
FN:635,darkenColor
FNF:16
FNH:0
FNDA:0,drawLeaf
FNDA:0,drawLeaves
FNDA:0,(anonymous_2)
FNDA:0,drawSimpleLeaf
FNDA:0,drawVeinedLeaf
FNDA:0,drawOrganicLeaf
FNDA:0,drawDetailedLeaf
FNDA:0,drawLeafMottling
FNDA:0,drawRecursiveVeins
FNDA:0,drawFlower
FNDA:0,drawSinglePetal
FNDA:0,drawFlowerCenter
FNDA:0,hexToRgb
FNDA:0,rgbToHex
FNDA:0,(anonymous_14)
FNDA:0,darkenColor
DA:52,0
DA:54,0
DA:55,0
DA:56,0
DA:57,0
DA:59,0
DA:61,0
DA:62,0
DA:64,0
DA:65,0
DA:67,0
DA:68,0
DA:70,0
DA:71,0
DA:74,0
DA:84,0
DA:85,0
DA:86,0
DA:87,0
DA:99,0
DA:100,0
DA:103,0
DA:104,0
DA:109,0
DA:115,0
DA:116,0
DA:128,0
DA:131,0
DA:132,0
DA:133,0
DA:136,0
DA:137,0
DA:138,0
DA:139,0
DA:142,0
DA:143,0
DA:144,0
DA:145,0
DA:148,0
DA:149,0
DA:150,0
DA:151,0
DA:154,0
DA:155,0
DA:156,0
DA:157,0
DA:160,0
DA:171,0
DA:172,0
DA:175,0
DA:176,0
DA:178,0
DA:180,0
DA:181,0
DA:182,0
DA:183,0
DA:184,0
DA:186,0
DA:187,0
DA:190,0
DA:191,0
DA:192,0
DA:193,0
DA:195,0
DA:196,0
DA:198,0
DA:202,0
DA:203,0
DA:206,0
DA:207,0
DA:208,0
DA:210,0
DA:211,0
DA:212,0
DA:213,0
DA:215,0
DA:232,0
DA:233,0
DA:236,0
DA:238,0
DA:239,0
DA:242,0
DA:243,0
DA:245,0
DA:246,0
DA:248,0
DA:249,0
DA:250,0
DA:253,0
DA:254,0
DA:256,0
DA:257,0
DA:261,0
DA:264,0
DA:265,0
DA:266,0
DA:267,0
DA:268,0
DA:269,0
DA:271,0
DA:274,0
DA:275,0
DA:276,0
DA:277,0
DA:278,0
DA:279,0
DA:282,0
DA:286,0
DA:287,0
DA:290,0
DA:291,0
DA:295,0
DA:296,0
DA:311,0
DA:312,0
DA:314,0
DA:316,0
DA:317,0
DA:318,0
DA:319,0
DA:322,0
DA:323,0
DA:325,0
DA:326,0
DA:327,0
DA:328,0
DA:331,0
DA:345,0
DA:346,0
DA:348,0
DA:349,0
DA:350,0
DA:353,0
DA:354,0
DA:355,0
DA:356,0
DA:357,0
DA:362,0
DA:365,0
DA:367,0
DA:368,0
DA:369,0
DA:372,0
DA:375,0
DA:376,0
DA:377,0
DA:380,0
DA:381,0
DA:382,0
DA:383,0
DA:384,0
DA:390,0
DA:393,0
DA:394,0
DA:395,0
DA:396,0
DA:397,0
DA:398,0
DA:399,0
DA:400,0
DA:402,0
DA:403,0
DA:404,0
DA:405,0
DA:406,0
DA:407,0
DA:413,0
DA:437,0
DA:439,0
DA:441,0
DA:442,0
DA:443,0
DA:447,0
DA:450,0
DA:451,0
DA:453,0
DA:454,0
DA:455,0
DA:458,0
DA:459,0
DA:460,0
DA:463,0
DA:465,0
DA:466,0
DA:469,0
DA:470,0
DA:476,0
DA:487,0
DA:491,0
DA:492,0
DA:493,0
DA:496,0
DA:512,0
DA:513,0
DA:514,0
DA:516,0
DA:517,0
DA:520,0
DA:523,0
DA:533,0
DA:542,0
DA:543,0
DA:546,0
DA:547,0
DA:548,0
DA:549,0
DA:550,0
DA:551,0
DA:557,0
DA:559,0
DA:572,0
DA:575,0
DA:576,0
DA:577,0
DA:578,0
DA:581,0
DA:582,0
DA:583,0
DA:584,0
DA:585,0
DA:586,0
DA:587,0
DA:588,0
DA:591,0
DA:592,0
DA:598,0
DA:599,0
DA:600,0
DA:612,0
DA:613,0
DA:626,0
DA:627,0
DA:628,0
DA:636,0
DA:637,0
LF:235
LH:0
BRDA:45,0,0,0
BRDA:46,1,0,0
BRDA:47,2,0,0
BRDA:48,3,0,0
BRDA:49,4,0,0
BRDA:50,5,0,0
BRDA:51,6,0,0
BRDA:59,7,0,0
BRDA:59,7,1,0
BRDA:59,7,2,0
BRDA:59,7,3,0
BRDA:85,8,0,0
BRDA:85,8,1,0
BRDA:86,9,0,0
BRDA:86,9,1,0
BRDA:186,10,0,0
BRDA:186,10,1,0
BRDA:290,11,0,0
BRDA:290,11,1,0
BRDA:295,12,0,0
BRDA:295,12,1,0
BRDA:393,13,0,0
BRDA:393,13,1,0
BRDA:430,14,0,0
BRDA:431,15,0,0
BRDA:432,16,0,0
BRDA:433,17,0,0
BRDA:434,18,0,0
BRDA:435,19,0,0
BRDA:436,20,0,0
BRDA:491,21,0,0
BRDA:491,21,1,0
BRDA:613,22,0,0
BRDA:613,22,1,0
BRDA:628,23,0,0
BRDA:628,23,1,0
BRF:36
BRH:0
end_of_record
TN:
SF:src/themes/livingOs/textures.ts
FN:20,createPermutation
FN:21,(anonymous_1)
FN:44,getOrCreatePermutation
FN:60,precomputePermutations
FN:70,clearPermutationCache
FN:74,simplex2D
FN:123,fbm
FN:220,clearTextureCache
FN:228,getTextureCacheSize
FN:250,drawBarkTexture
FN:556,drawBarkTextureCached
FN:617,drawOrganicSurface
FN:644,createPaletteFromColor
FN:659,hexToRgb
FNF:14
FNH:0
FNDA:0,createPermutation
FNDA:0,(anonymous_1)
FNDA:0,getOrCreatePermutation
FNDA:0,precomputePermutations
FNDA:0,clearPermutationCache
FNDA:0,simplex2D
FNDA:0,fbm
FNDA:0,clearTextureCache
FNDA:0,getTextureCacheSize
FNDA:0,drawBarkTexture
FNDA:0,drawBarkTextureCached
FNDA:0,drawOrganicSurface
FNDA:0,createPaletteFromColor
FNDA:0,hexToRgb
DA:12,0
DA:13,0
DA:15,0
DA:21,0
DA:22,0
DA:23,0
DA:24,0
DA:25,0
DA:26,0
DA:28,0
DA:35,0
DA:45,0
DA:46,0
DA:49,0
DA:50,0
DA:51,0
DA:61,0
DA:62,0
DA:71,0
DA:75,0
DA:76,0
DA:77,0
DA:79,0
DA:80,0
DA:81,0
DA:82,0
DA:83,0
DA:85,0
DA:86,0
DA:88,0
DA:89,0
DA:90,0
DA:91,0
DA:93,0
DA:94,0
DA:96,0
DA:97,0
DA:98,0
DA:100,0
DA:102,0
DA:103,0
DA:104,0
DA:105,0
DA:108,0
DA:109,0
DA:110,0
DA:111,0
DA:114,0
DA:115,0
DA:116,0
DA:117,0
DA:120,0
DA:124,0
DA:125,0
DA:126,0
DA:127,0
DA:129,0
DA:130,0
DA:131,0
DA:132,0
DA:133,0
DA:136,0
DA:152,0
DA:212,0
DA:213,0
DA:214,0
DA:221,0
DA:229,0
DA:267,0
DA:270,0
DA:271,0
DA:272,0
DA:274,0
DA:275,0
DA:276,0
DA:278,0
DA:279,0
DA:285,0
DA:286,0
DA:287,0
DA:294,0
DA:295,0
DA:299,0
DA:300,0
DA:302,0
DA:303,0
DA:304,0
DA:305,0
DA:308,0
DA:314,0
DA:317,0
DA:318,0
DA:321,0
DA:322,0
DA:323,0
DA:326,0
DA:327,0
DA:329,0
DA:330,0
DA:334,0
DA:335,0
DA:336,0
DA:337,0
DA:338,0
DA:339,0
DA:340,0
DA:341,0
DA:342,0
DA:343,0
DA:345,0
DA:346,0
DA:347,0
DA:348,0
DA:352,0
DA:353,0
DA:354,0
DA:358,0
DA:360,0
DA:361,0
DA:362,0
DA:363,0
DA:364,0
DA:365,0
DA:366,0
DA:367,0
DA:368,0
DA:369,0
DA:370,0
DA:373,0
DA:374,0
DA:375,0
DA:379,0
DA:380,0
DA:381,0
DA:382,0
DA:383,0
DA:387,0
DA:388,0
DA:389,0
DA:390,0
DA:395,0
DA:396,0
DA:397,0
DA:400,0
DA:401,0
DA:402,0
DA:403,0
DA:411,0
DA:412,0
DA:413,0
DA:415,0
DA:416,0
DA:417,0
DA:418,0
DA:420,0
DA:422,0
DA:423,0
DA:424,0
DA:425,0
DA:426,0
DA:427,0
DA:428,0
DA:437,0
DA:438,0
DA:439,0
DA:441,0
DA:442,0
DA:443,0
DA:444,0
DA:445,0
DA:448,0
DA:449,0
DA:450,0
DA:452,0
DA:453,0
DA:454,0
DA:455,0
DA:458,0
DA:459,0
DA:461,0
DA:462,0
DA:463,0
DA:464,0
DA:466,0
DA:467,0
DA:468,0
DA:476,0
DA:477,0
DA:479,0
DA:480,0
DA:481,0
DA:484,0
DA:485,0
DA:487,0
DA:488,0
DA:489,0
DA:495,0
DA:496,0
DA:498,0
DA:499,0
DA:500,0
DA:503,0
DA:505,0
DA:506,0
DA:507,0
DA:510,0
DA:511,0
DA:512,0
DA:519,0
DA:520,0
DA:522,0
DA:523,0
DA:524,0
DA:525,0
DA:526,0
DA:527,0
DA:565,0
DA:568,0
DA:569,0
DA:570,0
DA:574,0
DA:575,0
DA:577,0
DA:578,0
DA:583,0
DA:587,0
DA:588,0
DA:589,0
DA:591,0
DA:592,0
DA:595,0
DA:596,0
DA:599,0
DA:602,0
DA:603,0
DA:604,0
DA:607,0
DA:621,0
DA:623,0
DA:624,0
DA:625,0
DA:626,0
DA:629,0
DA:645,0
DA:646,0
DA:660,0
DA:661,0
LF:247
LH:0
BRDA:45,0,0,0
BRDA:45,0,1,0
BRDA:85,1,0,0
BRDA:85,1,1,0
BRDA:86,2,0,0
BRDA:86,2,1,0
BRDA:103,3,0,0
BRDA:103,3,1,0
BRDA:109,4,0,0
BRDA:109,4,1,0
BRDA:115,5,0,0
BRDA:115,5,1,0
BRDA:123,6,0,0
BRDA:257,7,0,0
BRDA:258,8,0,0
BRDA:259,9,0,0
BRDA:260,10,0,0
BRDA:261,11,0,0
BRDA:262,12,0,0
BRDA:264,13,0,0
BRDA:265,14,0,0
BRDA:266,15,0,0
BRDA:278,16,0,0
BRDA:278,16,1,0
BRDA:278,17,0,0
BRDA:278,17,1,0
BRDA:285,18,0,0
BRDA:285,18,1,0
BRDA:295,19,0,0
BRDA:295,19,1,0
BRDA:302,20,0,0
BRDA:302,20,1,0
BRDA:302,21,0,0
BRDA:302,21,1,0
BRDA:334,22,0,0
BRDA:334,22,1,0
BRDA:339,23,0,0
BRDA:339,23,1,0
BRDA:358,24,0,0
BRDA:358,24,1,0
BRDA:361,25,0,0
BRDA:361,25,1,0
BRDA:363,26,0,0
BRDA:363,26,1,0
BRDA:379,27,0,0
BRDA:379,27,1,0
BRDA:379,28,0,0
BRDA:379,28,1,0
BRDA:395,29,0,0
BRDA:395,29,1,0
BRDA:420,30,0,0
BRDA:420,30,1,0
BRDA:423,31,0,0
BRDA:423,31,1,0
BRDA:437,32,0,0
BRDA:437,32,1,0
BRDA:461,33,0,0
BRDA:461,33,1,0
BRDA:461,34,0,0
BRDA:461,34,1,0
BRDA:461,34,2,0
BRDA:476,35,0,0
BRDA:476,35,1,0
BRDA:495,36,0,0
BRDA:495,36,1,0
BRDA:495,37,0,0
BRDA:495,37,1,0
BRDA:505,38,0,0
BRDA:505,38,1,0
BRDA:519,39,0,0
BRDA:519,39,1,0
BRDA:519,40,0,0
BRDA:519,40,1,0
BRDA:562,41,0,0
BRDA:563,42,0,0
BRDA:568,43,0,0
BRDA:568,43,1,0
BRDA:575,44,0,0
BRDA:575,44,1,0
BRDA:575,45,0,0
BRDA:575,45,1,0
BRDA:583,46,0,0
BRDA:583,46,1,0
BRDA:587,47,0,0
BRDA:587,47,1,0
BRDA:602,48,0,0
BRDA:602,48,1,0
BRDA:621,49,0,0
BRDA:623,50,0,0
BRDA:623,50,1,0
BRDA:625,51,0,0
BRDA:625,51,1,0
BRDA:632,52,0,0
BRDA:632,52,1,0
BRDA:661,53,0,0
BRDA:661,53,1,0
BRF:96
BRH:0
end_of_record
